Added Component: Designator=C1(0603F104M500NT)
Add component (AddParameter): Name = "LatestRevisionDate"; Value = "29-May-2009"; VariantName = "[No Variations]"
Add component (AddParameter): Name = "LatestRevisionNote"; Value = "IPC-7351 Footprint Added."; VariantName = "[No Variations]"
Add component (AddParameter): Name = "PackageDescription"; Value = "Chip Capacitor"; VariantName = "[No Variations]"
Add component (AddParameter): Name = "PackageReference"; Value = "C1206"; VariantName = "[No Variations]"
Add component (AddParameter): Name = "Published"; Value = "8-Jun-2000"; VariantName = "[No Variations]"
Add component (AddParameter): Name = "Publisher"; Value = "Altium Limited"; VariantName = "[No Variations]"
Add component (AddParameter): Name = "Value"; Value = "1uF"; VariantName = "[No Variations]"
Added Component: Designator=C2(VZT221M1ETR-0607)
Add component (AddParameter): Name = "ComponentLink1Description"; Value = "buy_link"; VariantName = "[No Variations]"
Add component (AddParameter): Name = "ComponentLink1URL"; Value = "https://shopee.tw/(%E5%85%83%E8%80%80)-%E7%9B%B4%E6%8F%92-%E9%9B%BB%E8%A7%A3%E9%9B%BB%E5%AE%B9-47uF~1000uF-16V~50V-%E9%AB%94%E7%A9%8D-8*14.5mm~10*19.5mm(5%E9%A1%86%E4%B8%80%E6%A8%99)-i.140576581.2524079905?sp_atk=ccd45567-e386-4bfb-a6e8-2480335a57a5"; VariantName = "[No Variations]"
Add component (AddParameter): Name = "LatestRevisionDate"; Value = "17-Jul-2002"; VariantName = "[No Variations]"
Add component (AddParameter): Name = "LatestRevisionNote"; Value = "Re-released for DXP Platform."; VariantName = "[No Variations]"
Add component (AddParameter): Name = "PackageDescription"; Value = "Polarized Capacitor (Radial); 2 Leads"; VariantName = "[No Variations]"
Add component (AddParameter): Name = "PackageReference"; Value = "RB7.6-15"; VariantName = "[No Variations]"
Add component (AddParameter): Name = "Published"; Value = "8-Jun-2000"; VariantName = "[No Variations]"
Add component (AddParameter): Name = "Publisher"; Value = "Altium Limited"; VariantName = "[No Variations]"
Add component (AddParameter): Name = "Value"; Value = "1000uF"; VariantName = "[No Variations]"
Added Component: Designator=DU1(MBRD1035CTLT4G)
Add component (AddParameter): Name = "buy_link"; Value = "https://www.ruten.com.tw/item/show?21744290003226"; VariantName = "[No Variations]"
Add component (AddParameter): Name = "datasheet"; Value = "https://datasheet.ciiva.com/905/mbrd1035ctl-d-905952.pdf?src-supplier=Digi-Key"; VariantName = "[No Variations]"
Added Component: Designator=DU2(MBRD1035CTLT4G)
Add component (AddParameter): Name = "buy_link"; Value = "https://www.ruten.com.tw/item/show?21744290003226"; VariantName = "[No Variations]"
Add component (AddParameter): Name = "datasheet"; Value = "https://datasheet.ciiva.com/905/mbrd1035ctl-d-905952.pdf?src-supplier=Digi-Key"; VariantName = "[No Variations]"
Added Component: Designator=MD1(MOTOR_DRIVER)
Add component (AddParameter): Name = "buy_link"; Value = "https://www.ruten.com.tw/item/show?21811773783671"; VariantName = "[No Variations]"
Added Component: Designator=P1(S6B-XH-A)
Add component (AddParameter): Name = "LatestRevisionDate"; Value = "17-Jul-2002"; VariantName = "[No Variations]"
Add component (AddParameter): Name = "LatestRevisionNote"; Value = "Re-released for DXP Platform."; VariantName = "[No Variations]"
Add component (AddParameter): Name = "Publisher"; Value = "Altium Limited"; VariantName = "[No Variations]"
Added Component: Designator=P2(S6B-XH-A)
Add component (AddParameter): Name = "LatestRevisionDate"; Value = "17-Jul-2002"; VariantName = "[No Variations]"
Add component (AddParameter): Name = "LatestRevisionNote"; Value = "Re-released for DXP Platform."; VariantName = "[No Variations]"
Add component (AddParameter): Name = "Publisher"; Value = "Altium Limited"; VariantName = "[No Variations]"
Added Component: Designator=R1(PTFR0603B12K0N9)
Add component (AddParameter): Name = "LatestRevisionDate"; Value = "17-Jul-2002"; VariantName = "[No Variations]"
Add component (AddParameter): Name = "LatestRevisionNote"; Value = "Re-released for DXP Platform."; VariantName = "[No Variations]"
Add component (AddParameter): Name = "PackageDescription"; Value = "Axial Device, Thru-Hole; 2 Leads; 0.3 in Pin Spacing"; VariantName = "[No Variations]"
Add component (AddParameter): Name = "PackageReference"; Value = "AXIAL-0.3"; VariantName = "[No Variations]"
Add component (AddParameter): Name = "Published"; Value = "8-Jun-2000"; VariantName = "[No Variations]"
Add component (AddParameter): Name = "Publisher"; Value = "Altium Limited"; VariantName = "[No Variations]"
Added Component: Designator=R2(0603WAF3301T5E)
Add component (AddParameter): Name = "LatestRevisionDate"; Value = "17-Jul-2002"; VariantName = "[No Variations]"
Add component (AddParameter): Name = "LatestRevisionNote"; Value = "Re-released for DXP Platform."; VariantName = "[No Variations]"
Add component (AddParameter): Name = "PackageDescription"; Value = "Axial Device, Thru-Hole; 2 Leads; 0.3 in Pin Spacing"; VariantName = "[No Variations]"
Add component (AddParameter): Name = "PackageReference"; Value = "AXIAL-0.3"; VariantName = "[No Variations]"
Add component (AddParameter): Name = "Published"; Value = "8-Jun-2000"; VariantName = "[No Variations]"
Add component (AddParameter): Name = "Publisher"; Value = "Altium Limited"; VariantName = "[No Variations]"
Added Component: Designator=R3(PTFR0603B12K0N9)
Add component (AddParameter): Name = "LatestRevisionDate"; Value = "17-Jul-2002"; VariantName = "[No Variations]"
Add component (AddParameter): Name = "LatestRevisionNote"; Value = "Re-released for DXP Platform."; VariantName = "[No Variations]"
Add component (AddParameter): Name = "PackageDescription"; Value = "Axial Device, Thru-Hole; 2 Leads; 0.3 in Pin Spacing"; VariantName = "[No Variations]"
Add component (AddParameter): Name = "PackageReference"; Value = "AXIAL-0.3"; VariantName = "[No Variations]"
Add component (AddParameter): Name = "Published"; Value = "8-Jun-2000"; VariantName = "[No Variations]"
Add component (AddParameter): Name = "Publisher"; Value = "Altium Limited"; VariantName = "[No Variations]"
Added Component: Designator=R4(0603WAF3301T5E)
Add component (AddParameter): Name = "LatestRevisionDate"; Value = "17-Jul-2002"; VariantName = "[No Variations]"
Add component (AddParameter): Name = "LatestRevisionNote"; Value = "Re-released for DXP Platform."; VariantName = "[No Variations]"
Add component (AddParameter): Name = "PackageDescription"; Value = "Axial Device, Thru-Hole; 2 Leads; 0.3 in Pin Spacing"; VariantName = "[No Variations]"
Add component (AddParameter): Name = "PackageReference"; Value = "AXIAL-0.3"; VariantName = "[No Variations]"
Add component (AddParameter): Name = "Published"; Value = "8-Jun-2000"; VariantName = "[No Variations]"
Add component (AddParameter): Name = "Publisher"; Value = "Altium Limited"; VariantName = "[No Variations]"
Added Component: Designator=R5(0603WAF3301T5E)
Add component (AddParameter): Name = "LatestRevisionDate"; Value = "17-Jul-2002"; VariantName = "[No Variations]"
Add component (AddParameter): Name = "LatestRevisionNote"; Value = "Re-released for DXP Platform."; VariantName = "[No Variations]"
Add component (AddParameter): Name = "PackageDescription"; Value = "Axial Device, Thru-Hole; 2 Leads; 0.3 in Pin Spacing"; VariantName = "[No Variations]"
Add component (AddParameter): Name = "PackageReference"; Value = "AXIAL-0.3"; VariantName = "[No Variations]"
Add component (AddParameter): Name = "Published"; Value = "8-Jun-2000"; VariantName = "[No Variations]"
Add component (AddParameter): Name = "Publisher"; Value = "Altium Limited"; VariantName = "[No Variations]"
Added Component: Designator=R6(PTFR0603B12K0N9)
Add component (AddParameter): Name = "LatestRevisionDate"; Value = "17-Jul-2002"; VariantName = "[No Variations]"
Add component (AddParameter): Name = "LatestRevisionNote"; Value = "Re-released for DXP Platform."; VariantName = "[No Variations]"
Add component (AddParameter): Name = "PackageDescription"; Value = "Axial Device, Thru-Hole; 2 Leads; 0.3 in Pin Spacing"; VariantName = "[No Variations]"
Add component (AddParameter): Name = "PackageReference"; Value = "AXIAL-0.3"; VariantName = "[No Variations]"
Add component (AddParameter): Name = "Published"; Value = "8-Jun-2000"; VariantName = "[No Variations]"
Add component (AddParameter): Name = "Publisher"; Value = "Altium Limited"; VariantName = "[No Variations]"
Added Component: Designator=R7(0603WAF3301T5E)
Add component (AddParameter): Name = "LatestRevisionDate"; Value = "17-Jul-2002"; VariantName = "[No Variations]"
Add component (AddParameter): Name = "LatestRevisionNote"; Value = "Re-released for DXP Platform."; VariantName = "[No Variations]"
Add component (AddParameter): Name = "PackageDescription"; Value = "Axial Device, Thru-Hole; 2 Leads; 0.3 in Pin Spacing"; VariantName = "[No Variations]"
Add component (AddParameter): Name = "PackageReference"; Value = "AXIAL-0.3"; VariantName = "[No Variations]"
Add component (AddParameter): Name = "Published"; Value = "8-Jun-2000"; VariantName = "[No Variations]"
Add component (AddParameter): Name = "Publisher"; Value = "Altium Limited"; VariantName = "[No Variations]"
Added Component: Designator=R8(PTFR0603B12K0N9)
Add component (AddParameter): Name = "LatestRevisionDate"; Value = "17-Jul-2002"; VariantName = "[No Variations]"
Add component (AddParameter): Name = "LatestRevisionNote"; Value = "Re-released for DXP Platform."; VariantName = "[No Variations]"
Add component (AddParameter): Name = "PackageDescription"; Value = "Axial Device, Thru-Hole; 2 Leads; 0.3 in Pin Spacing"; VariantName = "[No Variations]"
Add component (AddParameter): Name = "PackageReference"; Value = "AXIAL-0.3"; VariantName = "[No Variations]"
Add component (AddParameter): Name = "Published"; Value = "8-Jun-2000"; VariantName = "[No Variations]"
Add component (AddParameter): Name = "Publisher"; Value = "Altium Limited"; VariantName = "[No Variations]"
Added Component: Designator=U1(OPA4277UA)
Add component (AddParameter): Name = "buy_link"; Value = "https://www.ruten.com.tw/item/show?22015419000992"; VariantName = "[No Variations]"
Add component (AddParameter): Name = "datasheet"; Value = "https://datasheet.ciiva.com/27050/905643-27050822.pdf?src-supplier=Jameco"; VariantName = "[No Variations]"
Added Pin To Net: NetName=3P3 Pin=P1-5
Added Pin To Net: NetName=3P3 Pin=P2-5
Added Net: Name=3P3
Added Pin To Net: NetName=A_12V Pin=MD1-9
Added Pin To Net: NetName=A_12V Pin=MD1-9
Added Net: Name=A_12V
Added Pin To Net: NetName=A_GND Pin=MD1-14
Added Pin To Net: NetName=A_GND Pin=MD1-14
Added Net: Name=A_GND
Added Pin To Net: NetName=CSA_Origin Pin=MD1-7
Added Pin To Net: NetName=CSA_Origin Pin=U1-10
Added Net: Name=CSA_Origin
Added Pin To Net: NetName=CSB_Origin Pin=MD1-8
Added Pin To Net: NetName=CSB_Origin Pin=U1-12
Added Net: Name=CSB_Origin
Added Pin To Net: NetName=D_5V Pin=C1-2
Added Pin To Net: NetName=D_5V Pin=C2-1
Added Pin To Net: NetName=D_5V Pin=U1-4
Added Net: Name=D_5V
Added Pin To Net: NetName=D_GND Pin=C1-1
Added Pin To Net: NetName=D_GND Pin=C2-2
Added Pin To Net: NetName=D_GND Pin=MD1-1
Added Pin To Net: NetName=D_GND Pin=P1-2
Added Pin To Net: NetName=D_GND Pin=P2-2
Added Pin To Net: NetName=D_GND Pin=R5-2
Added Pin To Net: NetName=D_GND Pin=R6-1
Added Pin To Net: NetName=D_GND Pin=R7-2
Added Pin To Net: NetName=D_GND Pin=R8-1
Added Pin To Net: NetName=D_GND Pin=U1-11
Added Net: Name=D_GND
Added Pin To Net: NetName=Drive_EN Pin=MD1-6
Added Net: Name=Drive_EN
Added Pin To Net: NetName=MA1 Pin=DU1-3
Added Pin To Net: NetName=MA1 Pin=MD1-10
Added Pin To Net: NetName=MA1 Pin=MD1-10
Added Pin To Net: NetName=MA1 Pin=P1-1
Added Net: Name=MA1
Added Pin To Net: NetName=MA2 Pin=DU1-1
Added Pin To Net: NetName=MA2 Pin=MD1-11
Added Pin To Net: NetName=MA2 Pin=MD1-11
Added Pin To Net: NetName=MA2 Pin=P1-6
Added Net: Name=MA2
Added Pin To Net: NetName=MA_DIR Pin=MD1-2
Added Net: Name=MA_DIR
Added Pin To Net: NetName=MA_phaseA Pin=P1-3
Added Net: Name=MA_phaseA
Added Pin To Net: NetName=MA_phaseB Pin=P1-4
Added Net: Name=MA_phaseB
Added Pin To Net: NetName=MA_PWM Pin=MD1-3
Added Net: Name=MA_PWM
Added Pin To Net: NetName=MB1 Pin=DU2-3
Added Pin To Net: NetName=MB1 Pin=MD1-12
Added Pin To Net: NetName=MB1 Pin=MD1-12
Added Pin To Net: NetName=MB1 Pin=P2-1
Added Net: Name=MB1
Added Pin To Net: NetName=MB2 Pin=DU2-1
Added Pin To Net: NetName=MB2 Pin=MD1-13
Added Pin To Net: NetName=MB2 Pin=MD1-13
Added Pin To Net: NetName=MB2 Pin=P2-6
Added Net: Name=MB2
Added Pin To Net: NetName=MB_DIR Pin=MD1-4
Added Net: Name=MB_DIR
Added Pin To Net: NetName=MB_phaseA Pin=P2-3
Added Net: Name=MB_phaseA
Added Pin To Net: NetName=MB_phaseB Pin=P2-4
Added Net: Name=MB_phaseB
Added Pin To Net: NetName=MB_PWM Pin=MD1-5
Added Net: Name=MB_PWM
Added Pin To Net: NetName=OPA_A+ Pin=R1-2
Added Pin To Net: NetName=OPA_A+ Pin=R5-1
Added Pin To Net: NetName=OPA_A+ Pin=U1-3
Added Net: Name=OPA_A+
Added Pin To Net: NetName=OPA_A- Pin=R2-1
Added Pin To Net: NetName=OPA_A- Pin=R6-2
Added Pin To Net: NetName=OPA_A- Pin=U1-2
Added Net: Name=OPA_A-
Added Pin To Net: NetName=OPA_AO Pin=R2-2
Added Pin To Net: NetName=OPA_AO Pin=U1-1
Added Net: Name=OPA_AO
Added Pin To Net: NetName=OPA_B+ Pin=R3-2
Added Pin To Net: NetName=OPA_B+ Pin=R7-1
Added Pin To Net: NetName=OPA_B+ Pin=U1-5
Added Net: Name=OPA_B+
Added Pin To Net: NetName=OPA_B- Pin=R4-1
Added Pin To Net: NetName=OPA_B- Pin=R8-2
Added Pin To Net: NetName=OPA_B- Pin=U1-6
Added Net: Name=OPA_B-
Added Pin To Net: NetName=OPA_BO Pin=R4-2
Added Pin To Net: NetName=OPA_BO Pin=U1-7
Added Net: Name=OPA_BO
Added Pin To Net: NetName=OPA_CO Pin=U1-8
Added Pin To Net: NetName=OPA_CO Pin=U1-9
Added Net: Name=OPA_CO
Added Pin To Net: NetName=OPA_DO Pin=U1-13
Added Pin To Net: NetName=OPA_DO Pin=U1-14
Added Net: Name=OPA_DO
Added Pin To Net: NetName=VSA_Origin Pin=DU1-4
Added Pin To Net: NetName=VSA_Origin Pin=R3-1
Added Net: Name=VSA_Origin
Added Pin To Net: NetName=VSB_Origin Pin=DU2-4
Added Pin To Net: NetName=VSB_Origin Pin=R1-1
Added Net: Name=VSB_Origin
Added Class: Name=MotorCtrl
Added Class: Name=motor_out
Added Rule: Name=Schematic Clearance Constraint
Added Rule: Name=Schematic Routing Via Style
Added Rule: Name=Schematic Width Constraint
