Flow report for DE0_Nano
Wed Sep 25 10:23:22 2013
Quartus II 64-Bit Version 13.0.1 Build 232 06/12/2013 Service Pack 1 SJ Full Version


---------------------
; Table of Contents ;
---------------------
  1. Legal Notice
  2. Flow Summary
  3. Flow Settings
  4. Flow Non-Default Global Settings
  5. Flow Elapsed Time
  6. Flow OS Summary
  7. Flow Log
  8. Flow Messages
  9. Flow Suppressed Messages



----------------
; Legal Notice ;
----------------
Copyright (C) 1991-2013 Altera Corporation
Your use of Altera Corporation's design tools, logic functions 
and other software and tools, and its AMPP partner logic 
functions, and any output files from any of the foregoing 
(including device programming or simulation files), and any 
associated documentation or information are expressly subject 
to the terms and conditions of the Altera Program License 
Subscription Agreement, Altera MegaCore Function License 
Agreement, or other applicable license agreement, including, 
without limitation, that your use is for the sole purpose of 
programming logic devices manufactured by Altera and sold by 
Altera or its authorized distributors.  Please refer to the 
applicable agreement for further details.



+---------------------------------------------------------------------------------------+
; Flow Summary                                                                          ;
+------------------------------------+--------------------------------------------------+
; Flow Status                        ; Successful - Wed Sep 25 10:23:13 2013            ;
; Quartus II 64-Bit Version          ; 13.0.1 Build 232 06/12/2013 SP 1 SJ Full Version ;
; Revision Name                      ; DE0_Nano                                         ;
; Top-level Entity Name              ; DE0_Nano                                         ;
; Family                             ; Cyclone IV E                                     ;
; Device                             ; EP4CE22F17C6                                     ;
; Timing Models                      ; Final                                            ;
; Total logic elements               ; 6,444 / 22,320 ( 29 % )                          ;
;     Total combinational functions  ; 5,313 / 22,320 ( 24 % )                          ;
;     Dedicated logic registers      ; 4,394 / 22,320 ( 20 % )                          ;
; Total registers                    ; 4463                                             ;
; Total pins                         ; 154 / 154 ( 100 % )                              ;
; Total virtual pins                 ; 0                                                ;
; Total memory bits                  ; 37,168 / 608,256 ( 6 % )                         ;
; Embedded Multiplier 9-bit elements ; 4 / 132 ( 3 % )                                  ;
; Total PLLs                         ; 1 / 4 ( 25 % )                                   ;
+------------------------------------+--------------------------------------------------+


+-----------------------------------------+
; Flow Settings                           ;
+-------------------+---------------------+
; Option            ; Setting             ;
+-------------------+---------------------+
; Start date & time ; 09/25/2013 10:21:39 ;
; Main task         ; Compilation         ;
; Revision Name     ; DE0_Nano            ;
+-------------------+---------------------+


+-------------------------------------------------------------------------------------------------------------------------------------------------------------------------------+
; Flow Non-Default Global Settings                                                                                                                                              ;
+-------------------------------------+-----------------------------------------------------------------+---------------+------------------------------------------+------------+
; Assignment Name                     ; Value                                                           ; Default Value ; Entity Name                              ; Section Id ;
+-------------------------------------+-----------------------------------------------------------------+---------------+------------------------------------------+------------+
; COMPILER_SIGNATURE_ID               ; 106258769026554.138007569806020                                 ; --            ; --                                       ; --         ;
; IGNORE_PARTITIONS                   ; On                                                              ; Off           ; --                                       ; --         ;
; IP_TOOL_ENV                         ; Qsys                                                            ; --            ; DE0_Nano_SOPC                            ; --         ;
; IP_TOOL_ENV                         ; Qsys                                                            ; --            ; DE0_Nano_SOPC_addr_router                ; --         ;
; IP_TOOL_ENV                         ; Qsys                                                            ; --            ; DE0_Nano_SOPC_addr_router_001            ; --         ;
; IP_TOOL_ENV                         ; Qsys                                                            ; --            ; DE0_Nano_SOPC_addr_router_002            ; --         ;
; IP_TOOL_ENV                         ; Qsys                                                            ; --            ; DE0_Nano_SOPC_addr_router_003            ; --         ;
; IP_TOOL_ENV                         ; Qsys                                                            ; --            ; DE0_Nano_SOPC_altpll_sys                 ; --         ;
; IP_TOOL_ENV                         ; Qsys                                                            ; --            ; DE0_Nano_SOPC_cmd_xbar_demux             ; --         ;
; IP_TOOL_ENV                         ; Qsys                                                            ; --            ; DE0_Nano_SOPC_cmd_xbar_demux_001         ; --         ;
; IP_TOOL_ENV                         ; Qsys                                                            ; --            ; DE0_Nano_SOPC_cmd_xbar_demux_002         ; --         ;
; IP_TOOL_ENV                         ; Qsys                                                            ; --            ; DE0_Nano_SOPC_cmd_xbar_demux_003         ; --         ;
; IP_TOOL_ENV                         ; Qsys                                                            ; --            ; DE0_Nano_SOPC_cmd_xbar_mux               ; --         ;
; IP_TOOL_ENV                         ; Qsys                                                            ; --            ; DE0_Nano_SOPC_cpu                        ; --         ;
; IP_TOOL_ENV                         ; Qsys                                                            ; --            ; DE0_Nano_SOPC_epcs                       ; --         ;
; IP_TOOL_ENV                         ; Qsys                                                            ; --            ; DE0_Nano_SOPC_g_sensor_int               ; --         ;
; IP_TOOL_ENV                         ; Qsys                                                            ; --            ; DE0_Nano_SOPC_i2c_scl                    ; --         ;
; IP_TOOL_ENV                         ; Qsys                                                            ; --            ; DE0_Nano_SOPC_i2c_sda                    ; --         ;
; IP_TOOL_ENV                         ; Qsys                                                            ; --            ; DE0_Nano_SOPC_id_router                  ; --         ;
; IP_TOOL_ENV                         ; Qsys                                                            ; --            ; DE0_Nano_SOPC_id_router_001              ; --         ;
; IP_TOOL_ENV                         ; Qsys                                                            ; --            ; DE0_Nano_SOPC_id_router_002              ; --         ;
; IP_TOOL_ENV                         ; Qsys                                                            ; --            ; DE0_Nano_SOPC_id_router_007              ; --         ;
; IP_TOOL_ENV                         ; Qsys                                                            ; --            ; DE0_Nano_SOPC_id_router_014              ; --         ;
; IP_TOOL_ENV                         ; Qsys                                                            ; --            ; DE0_Nano_SOPC_irq_mapper                 ; --         ;
; IP_TOOL_ENV                         ; Qsys                                                            ; --            ; DE0_Nano_SOPC_jtag_uart                  ; --         ;
; IP_TOOL_ENV                         ; Qsys                                                            ; --            ; DE0_Nano_SOPC_key                        ; --         ;
; IP_TOOL_ENV                         ; Qsys                                                            ; --            ; DE0_Nano_SOPC_led                        ; --         ;
; IP_TOOL_ENV                         ; Qsys                                                            ; --            ; DE0_Nano_SOPC_rsp_xbar_demux             ; --         ;
; IP_TOOL_ENV                         ; Qsys                                                            ; --            ; DE0_Nano_SOPC_rsp_xbar_demux_002         ; --         ;
; IP_TOOL_ENV                         ; Qsys                                                            ; --            ; DE0_Nano_SOPC_rsp_xbar_demux_007         ; --         ;
; IP_TOOL_ENV                         ; Qsys                                                            ; --            ; DE0_Nano_SOPC_rsp_xbar_demux_014         ; --         ;
; IP_TOOL_ENV                         ; Qsys                                                            ; --            ; DE0_Nano_SOPC_rsp_xbar_mux               ; --         ;
; IP_TOOL_ENV                         ; Qsys                                                            ; --            ; DE0_Nano_SOPC_rsp_xbar_mux_001           ; --         ;
; IP_TOOL_ENV                         ; Qsys                                                            ; --            ; DE0_Nano_SOPC_rsp_xbar_mux_002           ; --         ;
; IP_TOOL_ENV                         ; Qsys                                                            ; --            ; DE0_Nano_SOPC_rsp_xbar_mux_003           ; --         ;
; IP_TOOL_ENV                         ; Qsys                                                            ; --            ; DE0_Nano_SOPC_sdram                      ; --         ;
; IP_TOOL_ENV                         ; Qsys                                                            ; --            ; DE0_Nano_SOPC_select_i2c_clk             ; --         ;
; IP_TOOL_ENV                         ; Qsys                                                            ; --            ; DE0_Nano_SOPC_sw                         ; --         ;
; IP_TOOL_ENV                         ; Qsys                                                            ; --            ; DE0_Nano_SOPC_sysid                      ; --         ;
; IP_TOOL_ENV                         ; Qsys                                                            ; --            ; DE0_Nano_SOPC_timer                      ; --         ;
; IP_TOOL_ENV                         ; Qsys                                                            ; --            ; altera_avalon_mm_clock_crossing_bridge   ; --         ;
; IP_TOOL_ENV                         ; Qsys                                                            ; --            ; altera_avalon_sc_fifo                    ; --         ;
; IP_TOOL_ENV                         ; Qsys                                                            ; --            ; altera_avalon_st_handshake_clock_crosser ; --         ;
; IP_TOOL_ENV                         ; Qsys                                                            ; --            ; altera_irq_clock_crosser                 ; --         ;
; IP_TOOL_ENV                         ; Qsys                                                            ; --            ; altera_merlin_burst_adapter              ; --         ;
; IP_TOOL_ENV                         ; Qsys                                                            ; --            ; altera_merlin_master_agent               ; --         ;
; IP_TOOL_ENV                         ; Qsys                                                            ; --            ; altera_merlin_master_translator          ; --         ;
; IP_TOOL_ENV                         ; Qsys                                                            ; --            ; altera_merlin_slave_agent                ; --         ;
; IP_TOOL_ENV                         ; Qsys                                                            ; --            ; altera_merlin_slave_translator           ; --         ;
; IP_TOOL_ENV                         ; Qsys                                                            ; --            ; altera_merlin_traffic_limiter            ; --         ;
; IP_TOOL_ENV                         ; Qsys                                                            ; --            ; altera_merlin_width_adapter              ; --         ;
; IP_TOOL_ENV                         ; Qsys                                                            ; --            ; altera_reset_controller                  ; --         ;
; IP_TOOL_NAME                        ; FIFO                                                            ; --            ; --                                       ; --         ;
; IP_TOOL_NAME                        ; Qsys                                                            ; --            ; DE0_Nano_SOPC                            ; --         ;
; IP_TOOL_NAME                        ; altera_merlin_router                                            ; --            ; DE0_Nano_SOPC_addr_router                ; --         ;
; IP_TOOL_NAME                        ; altera_merlin_router                                            ; --            ; DE0_Nano_SOPC_addr_router_001            ; --         ;
; IP_TOOL_NAME                        ; altera_merlin_router                                            ; --            ; DE0_Nano_SOPC_addr_router_002            ; --         ;
; IP_TOOL_NAME                        ; altera_merlin_router                                            ; --            ; DE0_Nano_SOPC_addr_router_003            ; --         ;
; IP_TOOL_NAME                        ; altpll                                                          ; --            ; DE0_Nano_SOPC_altpll_sys                 ; --         ;
; IP_TOOL_NAME                        ; altera_merlin_demultiplexer                                     ; --            ; DE0_Nano_SOPC_cmd_xbar_demux             ; --         ;
; IP_TOOL_NAME                        ; altera_merlin_demultiplexer                                     ; --            ; DE0_Nano_SOPC_cmd_xbar_demux_001         ; --         ;
; IP_TOOL_NAME                        ; altera_merlin_demultiplexer                                     ; --            ; DE0_Nano_SOPC_cmd_xbar_demux_002         ; --         ;
; IP_TOOL_NAME                        ; altera_merlin_demultiplexer                                     ; --            ; DE0_Nano_SOPC_cmd_xbar_demux_003         ; --         ;
; IP_TOOL_NAME                        ; altera_merlin_multiplexer                                       ; --            ; DE0_Nano_SOPC_cmd_xbar_mux               ; --         ;
; IP_TOOL_NAME                        ; altera_nios2_qsys                                               ; --            ; DE0_Nano_SOPC_cpu                        ; --         ;
; IP_TOOL_NAME                        ; altera_avalon_epcs_flash_controller                             ; --            ; DE0_Nano_SOPC_epcs                       ; --         ;
; IP_TOOL_NAME                        ; altera_avalon_pio                                               ; --            ; DE0_Nano_SOPC_g_sensor_int               ; --         ;
; IP_TOOL_NAME                        ; altera_avalon_pio                                               ; --            ; DE0_Nano_SOPC_i2c_scl                    ; --         ;
; IP_TOOL_NAME                        ; altera_avalon_pio                                               ; --            ; DE0_Nano_SOPC_i2c_sda                    ; --         ;
; IP_TOOL_NAME                        ; altera_merlin_router                                            ; --            ; DE0_Nano_SOPC_id_router                  ; --         ;
; IP_TOOL_NAME                        ; altera_merlin_router                                            ; --            ; DE0_Nano_SOPC_id_router_001              ; --         ;
; IP_TOOL_NAME                        ; altera_merlin_router                                            ; --            ; DE0_Nano_SOPC_id_router_002              ; --         ;
; IP_TOOL_NAME                        ; altera_merlin_router                                            ; --            ; DE0_Nano_SOPC_id_router_007              ; --         ;
; IP_TOOL_NAME                        ; altera_merlin_router                                            ; --            ; DE0_Nano_SOPC_id_router_014              ; --         ;
; IP_TOOL_NAME                        ; altera_irq_mapper                                               ; --            ; DE0_Nano_SOPC_irq_mapper                 ; --         ;
; IP_TOOL_NAME                        ; altera_avalon_jtag_uart                                         ; --            ; DE0_Nano_SOPC_jtag_uart                  ; --         ;
; IP_TOOL_NAME                        ; altera_avalon_pio                                               ; --            ; DE0_Nano_SOPC_key                        ; --         ;
; IP_TOOL_NAME                        ; altera_avalon_pio                                               ; --            ; DE0_Nano_SOPC_led                        ; --         ;
; IP_TOOL_NAME                        ; altera_merlin_demultiplexer                                     ; --            ; DE0_Nano_SOPC_rsp_xbar_demux             ; --         ;
; IP_TOOL_NAME                        ; altera_merlin_demultiplexer                                     ; --            ; DE0_Nano_SOPC_rsp_xbar_demux_002         ; --         ;
; IP_TOOL_NAME                        ; altera_merlin_demultiplexer                                     ; --            ; DE0_Nano_SOPC_rsp_xbar_demux_007         ; --         ;
; IP_TOOL_NAME                        ; altera_merlin_demultiplexer                                     ; --            ; DE0_Nano_SOPC_rsp_xbar_demux_014         ; --         ;
; IP_TOOL_NAME                        ; altera_merlin_multiplexer                                       ; --            ; DE0_Nano_SOPC_rsp_xbar_mux               ; --         ;
; IP_TOOL_NAME                        ; altera_merlin_multiplexer                                       ; --            ; DE0_Nano_SOPC_rsp_xbar_mux_001           ; --         ;
; IP_TOOL_NAME                        ; altera_merlin_multiplexer                                       ; --            ; DE0_Nano_SOPC_rsp_xbar_mux_002           ; --         ;
; IP_TOOL_NAME                        ; altera_merlin_multiplexer                                       ; --            ; DE0_Nano_SOPC_rsp_xbar_mux_003           ; --         ;
; IP_TOOL_NAME                        ; altera_avalon_new_sdram_controller                              ; --            ; DE0_Nano_SOPC_sdram                      ; --         ;
; IP_TOOL_NAME                        ; altera_avalon_pio                                               ; --            ; DE0_Nano_SOPC_select_i2c_clk             ; --         ;
; IP_TOOL_NAME                        ; altera_avalon_pio                                               ; --            ; DE0_Nano_SOPC_sw                         ; --         ;
; IP_TOOL_NAME                        ; altera_avalon_sysid_qsys                                        ; --            ; DE0_Nano_SOPC_sysid                      ; --         ;
; IP_TOOL_NAME                        ; altera_avalon_timer                                             ; --            ; DE0_Nano_SOPC_timer                      ; --         ;
; IP_TOOL_NAME                        ; altera_avalon_mm_clock_crossing_bridge                          ; --            ; altera_avalon_mm_clock_crossing_bridge   ; --         ;
; IP_TOOL_NAME                        ; altera_avalon_sc_fifo                                           ; --            ; altera_avalon_sc_fifo                    ; --         ;
; IP_TOOL_NAME                        ; altera_avalon_st_handshake_clock_crosser                        ; --            ; altera_avalon_st_handshake_clock_crosser ; --         ;
; IP_TOOL_NAME                        ; altera_irq_clock_crosser                                        ; --            ; altera_irq_clock_crosser                 ; --         ;
; IP_TOOL_NAME                        ; altera_merlin_burst_adapter                                     ; --            ; altera_merlin_burst_adapter              ; --         ;
; IP_TOOL_NAME                        ; altera_merlin_master_agent                                      ; --            ; altera_merlin_master_agent               ; --         ;
; IP_TOOL_NAME                        ; altera_merlin_master_translator                                 ; --            ; altera_merlin_master_translator          ; --         ;
; IP_TOOL_NAME                        ; altera_merlin_slave_agent                                       ; --            ; altera_merlin_slave_agent                ; --         ;
; IP_TOOL_NAME                        ; altera_merlin_slave_translator                                  ; --            ; altera_merlin_slave_translator           ; --         ;
; IP_TOOL_NAME                        ; altera_merlin_traffic_limiter                                   ; --            ; altera_merlin_traffic_limiter            ; --         ;
; IP_TOOL_NAME                        ; altera_merlin_width_adapter                                     ; --            ; altera_merlin_width_adapter              ; --         ;
; IP_TOOL_NAME                        ; altera_reset_controller                                         ; --            ; altera_reset_controller                  ; --         ;
; IP_TOOL_VERSION                     ; 10.1                                                            ; --            ; --                                       ; --         ;
; IP_TOOL_VERSION                     ; 13.0sp1                                                         ; --            ; DE0_Nano_SOPC                            ; --         ;
; IP_TOOL_VERSION                     ; 13.0                                                            ; --            ; DE0_Nano_SOPC_addr_router                ; --         ;
; IP_TOOL_VERSION                     ; 13.0                                                            ; --            ; DE0_Nano_SOPC_addr_router_001            ; --         ;
; IP_TOOL_VERSION                     ; 13.0                                                            ; --            ; DE0_Nano_SOPC_addr_router_002            ; --         ;
; IP_TOOL_VERSION                     ; 13.0                                                            ; --            ; DE0_Nano_SOPC_addr_router_003            ; --         ;
; IP_TOOL_VERSION                     ; 13.0                                                            ; --            ; DE0_Nano_SOPC_altpll_sys                 ; --         ;
; IP_TOOL_VERSION                     ; 13.0                                                            ; --            ; DE0_Nano_SOPC_cmd_xbar_demux             ; --         ;
; IP_TOOL_VERSION                     ; 13.0                                                            ; --            ; DE0_Nano_SOPC_cmd_xbar_demux_001         ; --         ;
; IP_TOOL_VERSION                     ; 13.0                                                            ; --            ; DE0_Nano_SOPC_cmd_xbar_demux_002         ; --         ;
; IP_TOOL_VERSION                     ; 13.0                                                            ; --            ; DE0_Nano_SOPC_cmd_xbar_demux_003         ; --         ;
; IP_TOOL_VERSION                     ; 13.0                                                            ; --            ; DE0_Nano_SOPC_cmd_xbar_mux               ; --         ;
; IP_TOOL_VERSION                     ; 13.0                                                            ; --            ; DE0_Nano_SOPC_cpu                        ; --         ;
; IP_TOOL_VERSION                     ; 13.0.1.99.2                                                     ; --            ; DE0_Nano_SOPC_epcs                       ; --         ;
; IP_TOOL_VERSION                     ; 13.0.1.99.2                                                     ; --            ; DE0_Nano_SOPC_g_sensor_int               ; --         ;
; IP_TOOL_VERSION                     ; 13.0.1.99.2                                                     ; --            ; DE0_Nano_SOPC_i2c_scl                    ; --         ;
; IP_TOOL_VERSION                     ; 13.0.1.99.2                                                     ; --            ; DE0_Nano_SOPC_i2c_sda                    ; --         ;
; IP_TOOL_VERSION                     ; 13.0                                                            ; --            ; DE0_Nano_SOPC_id_router                  ; --         ;
; IP_TOOL_VERSION                     ; 13.0                                                            ; --            ; DE0_Nano_SOPC_id_router_001              ; --         ;
; IP_TOOL_VERSION                     ; 13.0                                                            ; --            ; DE0_Nano_SOPC_id_router_002              ; --         ;
; IP_TOOL_VERSION                     ; 13.0                                                            ; --            ; DE0_Nano_SOPC_id_router_007              ; --         ;
; IP_TOOL_VERSION                     ; 13.0                                                            ; --            ; DE0_Nano_SOPC_id_router_014              ; --         ;
; IP_TOOL_VERSION                     ; 13.0                                                            ; --            ; DE0_Nano_SOPC_irq_mapper                 ; --         ;
; IP_TOOL_VERSION                     ; 13.0.1.99.2                                                     ; --            ; DE0_Nano_SOPC_jtag_uart                  ; --         ;
; IP_TOOL_VERSION                     ; 13.0.1.99.2                                                     ; --            ; DE0_Nano_SOPC_key                        ; --         ;
; IP_TOOL_VERSION                     ; 13.0.1.99.2                                                     ; --            ; DE0_Nano_SOPC_led                        ; --         ;
; IP_TOOL_VERSION                     ; 13.0                                                            ; --            ; DE0_Nano_SOPC_rsp_xbar_demux             ; --         ;
; IP_TOOL_VERSION                     ; 13.0                                                            ; --            ; DE0_Nano_SOPC_rsp_xbar_demux_002         ; --         ;
; IP_TOOL_VERSION                     ; 13.0                                                            ; --            ; DE0_Nano_SOPC_rsp_xbar_demux_007         ; --         ;
; IP_TOOL_VERSION                     ; 13.0                                                            ; --            ; DE0_Nano_SOPC_rsp_xbar_demux_014         ; --         ;
; IP_TOOL_VERSION                     ; 13.0                                                            ; --            ; DE0_Nano_SOPC_rsp_xbar_mux               ; --         ;
; IP_TOOL_VERSION                     ; 13.0                                                            ; --            ; DE0_Nano_SOPC_rsp_xbar_mux_001           ; --         ;
; IP_TOOL_VERSION                     ; 13.0                                                            ; --            ; DE0_Nano_SOPC_rsp_xbar_mux_002           ; --         ;
; IP_TOOL_VERSION                     ; 13.0                                                            ; --            ; DE0_Nano_SOPC_rsp_xbar_mux_003           ; --         ;
; IP_TOOL_VERSION                     ; 13.0.1.99.2                                                     ; --            ; DE0_Nano_SOPC_sdram                      ; --         ;
; IP_TOOL_VERSION                     ; 13.0.1.99.2                                                     ; --            ; DE0_Nano_SOPC_select_i2c_clk             ; --         ;
; IP_TOOL_VERSION                     ; 13.0.1.99.2                                                     ; --            ; DE0_Nano_SOPC_sw                         ; --         ;
; IP_TOOL_VERSION                     ; 13.0                                                            ; --            ; DE0_Nano_SOPC_sysid                      ; --         ;
; IP_TOOL_VERSION                     ; 13.0.1.99.2                                                     ; --            ; DE0_Nano_SOPC_timer                      ; --         ;
; IP_TOOL_VERSION                     ; 13.0                                                            ; --            ; altera_avalon_mm_clock_crossing_bridge   ; --         ;
; IP_TOOL_VERSION                     ; 13.0                                                            ; --            ; altera_avalon_sc_fifo                    ; --         ;
; IP_TOOL_VERSION                     ; 13.0                                                            ; --            ; altera_avalon_st_handshake_clock_crosser ; --         ;
; IP_TOOL_VERSION                     ; 13.0                                                            ; --            ; altera_irq_clock_crosser                 ; --         ;
; IP_TOOL_VERSION                     ; 13.0                                                            ; --            ; altera_merlin_burst_adapter              ; --         ;
; IP_TOOL_VERSION                     ; 13.0                                                            ; --            ; altera_merlin_master_agent               ; --         ;
; IP_TOOL_VERSION                     ; 13.0                                                            ; --            ; altera_merlin_master_translator          ; --         ;
; IP_TOOL_VERSION                     ; 13.0                                                            ; --            ; altera_merlin_slave_agent                ; --         ;
; IP_TOOL_VERSION                     ; 13.0                                                            ; --            ; altera_merlin_slave_translator           ; --         ;
; IP_TOOL_VERSION                     ; 13.0                                                            ; --            ; altera_merlin_traffic_limiter            ; --         ;
; IP_TOOL_VERSION                     ; 13.0                                                            ; --            ; altera_merlin_width_adapter              ; --         ;
; IP_TOOL_VERSION                     ; 13.0                                                            ; --            ; altera_reset_controller                  ; --         ;
; MAX_CORE_JUNCTION_TEMP              ; 85                                                              ; --            ; --                                       ; --         ;
; MIN_CORE_JUNCTION_TEMP              ; 0                                                               ; --            ; --                                       ; --         ;
; MISC_FILE                           ; DE0_Nano_SOPC/synthesis/../../DE0_Nano_SOPC.cmp                 ; --            ; --                                       ; --         ;
; MISC_FILE                           ; DE0_Nano_SOPC/synthesis/../../DE0_Nano_SOPC.qsys                ; --            ; --                                       ; --         ;
; MISC_FILE                           ; ip/TARASIC_SPI_3WIRE/gsensor_fifo_bb.v                          ; --            ; --                                       ; --         ;
; OUTPUT_IO_TIMING_FAR_END_VMEAS      ; Half Signal Swing                                               ; --            ; --                                       ; --         ;
; OUTPUT_IO_TIMING_FAR_END_VMEAS      ; Half Signal Swing                                               ; --            ; --                                       ; --         ;
; OUTPUT_IO_TIMING_NEAR_END_VMEAS     ; Half Vccio                                                      ; --            ; --                                       ; --         ;
; OUTPUT_IO_TIMING_NEAR_END_VMEAS     ; Half Vccio                                                      ; --            ; --                                       ; --         ;
; PARTITION_COLOR                     ; 16764057                                                        ; --            ; --                                       ; Top        ;
; PARTITION_FITTER_PRESERVATION_LEVEL ; PLACEMENT_AND_ROUTING                                           ; --            ; --                                       ; Top        ;
; PARTITION_NETLIST_TYPE              ; SOURCE                                                          ; --            ; --                                       ; Top        ;
; POWER_BOARD_THERMAL_MODEL           ; None (CONSERVATIVE)                                             ; --            ; --                                       ; --         ;
; POWER_PRESET_COOLING_SOLUTION       ; 23 MM HEAT SINK WITH 200 LFPM AIRFLOW                           ; --            ; --                                       ; --         ;
; SLD_INFO                            ; QSYS_NAME DE0_Nano_SOPC HAS_SOPCINFO 1 GENERATION_ID 1380075566 ; --            ; DE0_Nano_SOPC                            ; --         ;
; SOPCINFO_FILE                       ; DE0_Nano_SOPC/synthesis/../../DE0_Nano_SOPC.sopcinfo            ; --            ; --                                       ; --         ;
; SYNTHESIS_ONLY_QIP                  ; On                                                              ; --            ; --                                       ; --         ;
+-------------------------------------+-----------------------------------------------------------------+---------------+------------------------------------------+------------+


+-------------------------------------------------------------------------------------------------------------------------------+
; Flow Elapsed Time                                                                                                             ;
+---------------------------+--------------+-------------------------+---------------------+------------------------------------+
; Module Name               ; Elapsed Time ; Average Processors Used ; Peak Virtual Memory ; Total CPU Time (on all processors) ;
+---------------------------+--------------+-------------------------+---------------------+------------------------------------+
; Analysis & Synthesis      ; 00:00:42     ; 1.0                     ; 771 MB              ; 00:00:41                           ;
; Fitter                    ; 00:00:44     ; 1.6                     ; 1352 MB             ; 00:00:57                           ;
; Assembler                 ; 00:00:03     ; 1.0                     ; 450 MB              ; 00:00:02                           ;
; TimeQuest Timing Analyzer ; 00:00:08     ; 1.4                     ; 632 MB              ; 00:00:09                           ;
; Total                     ; 00:01:37     ; --                      ; --                  ; 00:01:49                           ;
+---------------------------+--------------+-------------------------+---------------------+------------------------------------+


+----------------------------------------------------------------------------------------+
; Flow OS Summary                                                                        ;
+---------------------------+------------------+-----------+------------+----------------+
; Module Name               ; Machine Hostname ; OS Name   ; OS Version ; Processor type ;
+---------------------------+------------------+-----------+------------+----------------+
; Analysis & Synthesis      ; Jeff_hung        ; Windows 7 ; 6.1        ; x86_64         ;
; Fitter                    ; Jeff_hung        ; Windows 7 ; 6.1        ; x86_64         ;
; Assembler                 ; Jeff_hung        ; Windows 7 ; 6.1        ; x86_64         ;
; TimeQuest Timing Analyzer ; Jeff_hung        ; Windows 7 ; 6.1        ; x86_64         ;
+---------------------------+------------------+-----------+------------+----------------+


------------
; Flow Log ;
------------
quartus_map --read_settings_files=on --write_settings_files=off DE0_Nano -c DE0_Nano
quartus_fit --read_settings_files=off --write_settings_files=off DE0_Nano -c DE0_Nano
quartus_asm --read_settings_files=off --write_settings_files=off DE0_Nano -c DE0_Nano
quartus_sta DE0_Nano -c DE0_Nano



