Removed Pin From Net: NetName=NetD2_1 Pin=R5-1
Removed Pin From Net: NetName=D_GND Pin=R6-1
Removed Pin From Net: NetName=FPGA_Power Pin=R9-1
Removed Pin From Net: NetName=RPi_Power Pin=R10-1
Removed Pin From Net: NetName=NetR3_1 Pin=U2-5
Removed Pin From Net: NetName=NetR3_1 Pin=U2-6
Removed Pin From Net: NetName=NetR3_1 Pin=U2-7
Removed Pin From Net: NetName=NetR3_1 Pin=U2-8
Change Component Footprint: Designator=R9 Old Footprint=0603WAF1002T5E New Footprint=RS-03K1503FT
Change Component Footprint: Designator=R10 Old Footprint=0603WAF1002T5E New Footprint=RS-03K1503FT
Change Component Footprint: Designator=R8 Old Footprint=RS-03K1503FT New Footprint=MOF3WS-12£[¡Ó5%T
Change Component Comment : Designator=R8 Old Comment=1k New Comment=12
Change Component Comment : Designator=R7 Old Comment=1k New Comment=150k
Change Component Comment : Designator=R9 Old Comment=10k New Comment=1k
Change Component Comment : Designator=R10 Old Comment=10k New Comment=1k
Change Component Designator: OldDesignator=R2 NewDesignator=R4
Change Component Designator: OldDesignator=R3 NewDesignator=R5
Change Component Designator: OldDesignator=R4 NewDesignator=R6
Added Component: Designator=D3(BL-HG036D-AV-TRB)
Add component (AddParameter): Name = "LatestRevisionDate"; Value = "08-Jul-2005"; VariantName = "[No Variations]"
Add component (AddParameter): Name = "LatestRevisionNote"; Value = "Mech Layer 1 removed."; VariantName = "[No Variations]"
Add component (AddParameter): Name = "PackageDescription"; Value = "LED; 2 Leads"; VariantName = "[No Variations]"
Add component (AddParameter): Name = "PackageReference"; Value = "LED-0"; VariantName = "[No Variations]"
Add component (AddParameter): Name = "Published"; Value = "8-Jun-2000"; VariantName = "[No Variations]"
Add component (AddParameter): Name = "Publisher"; Value = "Altium Limited"; VariantName = "[No Variations]"
Added Component: Designator=R2(RS-03K1503FT)
Add component (AddParameter): Name = "LatestRevisionDate"; Value = "17-Jul-2002"; VariantName = "[No Variations]"
Add component (AddParameter): Name = "LatestRevisionNote"; Value = "Re-released for DXP Platform."; VariantName = "[No Variations]"
Add component (AddParameter): Name = "PackageDescription"; Value = "Axial Device, Thru-Hole; 2 Leads; 0.3 in Pin Spacing"; VariantName = "[No Variations]"
Add component (AddParameter): Name = "PackageReference"; Value = "AXIAL-0.3"; VariantName = "[No Variations]"
Add component (AddParameter): Name = "Published"; Value = "8-Jun-2000"; VariantName = "[No Variations]"
Add component (AddParameter): Name = "Publisher"; Value = "Altium Limited"; VariantName = "[No Variations]"
Added Component: Designator=R3(MOF3WS-12£[¡Ó5%T)
Add component (AddParameter): Name = "LatestRevisionDate"; Value = "17-Jul-2002"; VariantName = "[No Variations]"
Add component (AddParameter): Name = "LatestRevisionNote"; Value = "Re-released for DXP Platform."; VariantName = "[No Variations]"
Add component (AddParameter): Name = "PackageDescription"; Value = "Axial Device, Thru-Hole; 2 Leads; 0.3 in Pin Spacing"; VariantName = "[No Variations]"
Add component (AddParameter): Name = "PackageReference"; Value = "AXIAL-0.3"; VariantName = "[No Variations]"
Add component (AddParameter): Name = "Published"; Value = "8-Jun-2000"; VariantName = "[No Variations]"
Add component (AddParameter): Name = "Publisher"; Value = "Altium Limited"; VariantName = "[No Variations]"
Added Component: Designator=R11(0603WAF1002T5E)
Add component (AddParameter): Name = "LatestRevisionDate"; Value = "17-Jul-2002"; VariantName = "[No Variations]"
Add component (AddParameter): Name = "LatestRevisionNote"; Value = "Re-released for DXP Platform."; VariantName = "[No Variations]"
Add component (AddParameter): Name = "PackageDescription"; Value = "Axial Device, Thru-Hole; 2 Leads; 0.3 in Pin Spacing"; VariantName = "[No Variations]"
Add component (AddParameter): Name = "PackageReference"; Value = "AXIAL-0.3"; VariantName = "[No Variations]"
Add component (AddParameter): Name = "Published"; Value = "8-Jun-2000"; VariantName = "[No Variations]"
Add component (AddParameter): Name = "Publisher"; Value = "Altium Limited"; VariantName = "[No Variations]"
Added Component: Designator=R12(0603WAF1002T5E)
Add component (AddParameter): Name = "LatestRevisionDate"; Value = "17-Jul-2002"; VariantName = "[No Variations]"
Add component (AddParameter): Name = "LatestRevisionNote"; Value = "Re-released for DXP Platform."; VariantName = "[No Variations]"
Add component (AddParameter): Name = "PackageDescription"; Value = "Axial Device, Thru-Hole; 2 Leads; 0.3 in Pin Spacing"; VariantName = "[No Variations]"
Add component (AddParameter): Name = "PackageReference"; Value = "AXIAL-0.3"; VariantName = "[No Variations]"
Add component (AddParameter): Name = "Published"; Value = "8-Jun-2000"; VariantName = "[No Variations]"
Add component (AddParameter): Name = "Publisher"; Value = "Altium Limited"; VariantName = "[No Variations]"
Added Pin To Net: NetName=D_GND Pin=D3-2
Added Pin To Net: NetName=NetD2_1 Pin=R2-1
Added Pin To Net: NetName=D_GND Pin=R3-1
Added Pin To Net: NetName=D_GND Pin=R8-1
Added Pin To Net: NetName=FPGA_Power Pin=R11-1
Added Pin To Net: NetName=RPi_Power Pin=R12-1
Change Net Name : Old Net Name=NetR2_1 New Net Name=NetR4_1
Change Net Name : Old Net Name=NetR3_1 New Net Name=NetR5_1
Change Net Name : Old Net Name=NetR3_2 New Net Name=NetR5_2
Change Net Name : Old Net Name=NetR4_2 New Net Name=NetR6_2
Added Pin To Net: NetName=NetD3_1 Pin=D3-1
Added Pin To Net: NetName=NetD3_1 Pin=R7-1
Added Net: Name=NetD3_1
Added Pin To Net: NetName=NetR2_2 Pin=R2-2
Added Pin To Net: NetName=NetR2_2 Pin=R3-2
Added Net: Name=NetR2_2
Added Pin To Net: NetName=NetR6_1 Pin=R6-1
Added Pin To Net: NetName=NetR6_1 Pin=R9-2
Added Pin To Net: NetName=NetR6_1 Pin=R10-2
Added Pin To Net: NetName=NetR6_1 Pin=U1-3
Added Pin To Net: NetName=NetR6_1 Pin=U2-5
Added Pin To Net: NetName=NetR6_1 Pin=U2-6
Added Pin To Net: NetName=NetR6_1 Pin=U2-7
Added Pin To Net: NetName=NetR6_1 Pin=U2-8
Added Net: Name=NetR6_1
Added Pin To Net: NetName=NetR9_1 Pin=R9-1
Added Pin To Net: NetName=NetR9_1 Pin=R11-2
Added Pin To Net: NetName=NetR9_1 Pin=S3-1
Added Pin To Net: NetName=NetR9_1 Pin=S3-1
Added Pin To Net: NetName=NetR9_1 Pin=U2-2
Added Net: Name=NetR9_1
Added Pin To Net: NetName=NetR10_1 Pin=R10-1
Added Pin To Net: NetName=NetR10_1 Pin=R12-2
Added Pin To Net: NetName=NetR10_1 Pin=S4-2
Added Pin To Net: NetName=NetR10_1 Pin=S4-2
Added Pin To Net: NetName=NetR10_1 Pin=U2-4
Added Net: Name=NetR10_1
Added Member To Class: ClassName=Power Member=Component D3 LED(G)
Added Member To Class: ClassName=Power Member=Component R11 10k
Added Member To Class: ClassName=Power Member=Component R12 10k
Added Member To Class: ClassName=Power Member=Component S2 Digital EMS
Added Member To Class: ClassName=Power Member=Component U1 HSM3214
