Removed Pin From Net: NetName=NetC7_1 Pin=P5-1
Removed Pin From Net: NetName=D_GND Pin=P5-2
Removed Member From Class: ClassName=Power Member=P5
Change Component Footprint: Designator=P4 Old Footprint=HDR1X2 New Footprint=B2B-XH-A(LF)(SN)
Change Component Footprint: Designator=P5 Old Footprint=HDR1X2 New Footprint=B3B-XH-A(LF)(SN)
Change Component Footprint: Designator=S1 Old Footprint=JNQ 032 New Footprint=JNQ032
Change Component Footprint: Designator=S4 Old Footprint=SPST-2 New Footprint=SKHMQKE010
Change Component Footprint: Designator=S3 Old Footprint=SPST-2 New Footprint=SKHMQLE010
Change Footprint: Cannot match pads with new footprint in component :T2 Footprint:XH-M401 Voltage Regulator Module
Change Component Comment : Designator=F1 Old Comment=220V 5A Fuse New Comment=5A Fuse Holder
Change Component Comment : Designator=F3 Old Comment=Fuse Holder New Comment=4A Fuse Holder
Change Component Comment : Designator=F4 Old Comment=Fuse Holder New Comment=4A Fuse Holder
Change Component Comment : Designator=P5 Old Comment=Header 2 New Comment=Header 3
Change Component Designator: OldDesignator=P7 NewDesignator=P6
Change Component Designator: OldDesignator=P8 NewDesignator=P7
Change Component Designator: OldDesignator=P9 NewDesignator=P8
Change Component Designator: OldDesignator=P10 NewDesignator=P9
Change Component Designator: OldDesignator=P11 NewDesignator=P10
Change Component Designator: OldDesignator=P12 NewDesignator=P11
Change Component Designator: OldDesignator=P13 NewDesignator=P12
Change Component Designator: OldDesignator=P14 NewDesignator=P13
Change Component Designator: OldDesignator=P15 NewDesignator=P14
Change Component Designator: OldDesignator=P16 NewDesignator=P15
Change Component Designator: OldDesignator=P17 NewDesignator=P16
Change component parameters: Designator = "F3" ("F3"); Footprint = "SMD Fuses Holder"; UniqueID = "\GIDUTHWO" ("\GIDUTHWO")
Change component parameters (AddParameter): Name = "LatestRevisionDate"; Value = "17-Jul-2002"; VariantName = "[No Variations]"
Change component parameters (AddParameter): Name = "LatestRevisionNote"; Value = "Re-released for DXP Platform."; VariantName = "[No Variations]"
Change component parameters (AddParameter): Name = "PackageDescription"; Value = "Thru-Hole; 2 Leads"; VariantName = "[No Variations]"
Change component parameters (AddParameter): Name = "PackageReference"; Value = "PIN-W2/E2.8"; VariantName = "[No Variations]"
Change component parameters (AddParameter): Name = "Published"; Value = "8-Jun-2000"; VariantName = "[No Variations]"
Change component parameters (AddParameter): Name = "Publisher"; Value = "Altium Limited"; VariantName = "[No Variations]"
Added Component: Designator=P3(B2B-XH-A(LF)(SN))
Add component (AddParameter): Name = "LatestRevisionDate"; Value = "17-Jul-2002"; VariantName = "[No Variations]"
Add component (AddParameter): Name = "LatestRevisionNote"; Value = "Re-released for DXP Platform."; VariantName = "[No Variations]"
Add component (AddParameter): Name = "Publisher"; Value = "Altium Limited"; VariantName = "[No Variations]"
Added Component: Designator=RPi1(Raspberry Pi 4)
Added Pin To Net: NetName=NetC8_1 Pin=P3-1
Added Pin To Net: NetName=D_GND Pin=P3-2
Added Pin To Net: NetName=UART_RX Pin=P5-1
Added Pin To Net: NetName=UART_TX Pin=P5-2
Added Pin To Net: NetName=D_GND Pin=P5-3
Added Member To Class: ClassName=Power Member=Component P3 Header 2
Added Member To Class: ClassName=IOandCommunication Member=Component P5 Header 3
Added Member To Class: ClassName=IOandCommunication Member=Component RPi1 Rasbperry PI 4
