Removed Pin From Net: NetName=A_12V Pin=C17-1
Removed Pin From Net: NetName=A_GND Pin=C17-2
Removed Pin From Net: NetName=A_12V Pin=C18-1
Removed Pin From Net: NetName=A_GND Pin=C18-2
Removed Pin From Net: NetName=A_GND Pin=C19-1
Removed Pin From Net: NetName=A_12V Pin=C19-2
Removed Pin From Net: NetName=A_GND Pin=C20-1
Removed Pin From Net: NetName=A_12V Pin=C20-2
Change Component Footprint: Designator=C3 Old Footprint=CL10B104KA8NNNC New Footprint=1210B104K500NT
Change Component Footprint: Designator=C4 Old Footprint=CL10B104KA8NNNC New Footprint=1210B104K500NT
Change Component Footprint: Designator=C9 Old Footprint=CL10B104KA8NNNC New Footprint=1210B104K500NT
Change Component Footprint: Designator=C10 Old Footprint=CL10B104KA8NNNC New Footprint=1210B104K500NT
Change Component Footprint: Designator=C15 Old Footprint=CL10B104KA8NNNC New Footprint=1210B104K500NT
Change Component Footprint: Designator=C16 Old Footprint=CL10B104KA8NNNC New Footprint=1210B104K500NT
Change Component Footprint: Designator=C23 Old Footprint=CL10B104KA8NNNC New Footprint=1210B104K500NT
Change Component Footprint: Designator=C24 Old Footprint=CL10B104KA8NNNC New Footprint=1210B104K500NT
Change Component Footprint: Designator=C31 Old Footprint=CL10B104KA8NNNC New Footprint=1210B104K500NT
Change Component Footprint: Designator=C32 Old Footprint=CL10B104KA8NNNC New Footprint=1210B104K500NT
Change Component Footprint: Designator=C19 Old Footprint=CL10B104KA8NNNC New Footprint=VZT221M1ETR-0607
Change Component Footprint: Designator=C20 Old Footprint=CL10B104KA8NNNC New Footprint=VZT221M1ETR-0607
Change Component Footprint: Designator=C17 Old Footprint=VZT221M1ETR-0607 New Footprint=1210B104K500NT
Change Component Footprint: Designator=C18 Old Footprint=VZT221M1ETR-0607 New Footprint=1210B104K500NT
Change Component Comment : Designator=C19 Old Comment=0.1uF New Comment=220uF
Change Component Comment : Designator=C20 Old Comment=0.1uF New Comment=220uF
Change Component Comment : Designator=C17 Old Comment=220uF New Comment=0.1uF
Change Component Comment : Designator=C18 Old Comment=220uF New Comment=0.1uF
Change component parameters: Designator = "C17" ("C17"); Footprint = "VZT221M1ETR-0607"; UniqueID = "\DFFKUDDZ" ("\DFFKUDDZ")
Change component parameters (AddParameter): Name = "LatestRevisionDate"; Value = "29-May-2009"; VariantName = "[No Variations]"
Change component parameters (AddParameter): Name = "LatestRevisionNote"; Value = "IPC-7351 Footprint Added."; VariantName = "[No Variations]"
Change component parameters (AddParameter): Name = "PackageDescription"; Value = "Chip Capacitor"; VariantName = "[No Variations]"
Change component parameters (AddParameter): Name = "PackageReference"; Value = "C1206"; VariantName = "[No Variations]"
Change component parameters (AddParameter): Name = "Published"; Value = "8-Jun-2000"; VariantName = "[No Variations]"
Change component parameters (AddParameter): Name = "Publisher"; Value = "Altium Limited"; VariantName = "[No Variations]"
Change component parameters: Designator = "C18" ("C18"); Footprint = "VZT221M1ETR-0607"; UniqueID = "\VOZWMZRK" ("\VOZWMZRK")
Change component parameters (AddParameter): Name = "LatestRevisionDate"; Value = "29-May-2009"; VariantName = "[No Variations]"
Change component parameters (AddParameter): Name = "LatestRevisionNote"; Value = "IPC-7351 Footprint Added."; VariantName = "[No Variations]"
Change component parameters (AddParameter): Name = "PackageDescription"; Value = "Chip Capacitor"; VariantName = "[No Variations]"
Change component parameters (AddParameter): Name = "PackageReference"; Value = "C1206"; VariantName = "[No Variations]"
Change component parameters (AddParameter): Name = "Published"; Value = "8-Jun-2000"; VariantName = "[No Variations]"
Change component parameters (AddParameter): Name = "Publisher"; Value = "Altium Limited"; VariantName = "[No Variations]"
Change component parameters: Designator = "C19" ("C19"); Footprint = "CL10B104KA8NNNC"; UniqueID = "\ZIFTWDBH" ("\ZIFTWDBH")
Change component parameters (AddParameter): Name = "LatestRevisionDate"; Value = "17-Jul-2002"; VariantName = "[No Variations]"
Change component parameters (AddParameter): Name = "LatestRevisionNote"; Value = "Re-released for DXP Platform."; VariantName = "[No Variations]"
Change component parameters (AddParameter): Name = "PackageDescription"; Value = "Polarized Capacitor (Radial); 2 Leads"; VariantName = "[No Variations]"
Change component parameters (AddParameter): Name = "PackageReference"; Value = "RB7.6-15"; VariantName = "[No Variations]"
Change component parameters (AddParameter): Name = "Published"; Value = "8-Jun-2000"; VariantName = "[No Variations]"
Change component parameters (AddParameter): Name = "Publisher"; Value = "Altium Limited"; VariantName = "[No Variations]"
Change component parameters: Designator = "C20" ("C20"); Footprint = "CL10B104KA8NNNC"; UniqueID = "\NZOKTWBE" ("\NZOKTWBE")
Change component parameters (AddParameter): Name = "LatestRevisionDate"; Value = "17-Jul-2002"; VariantName = "[No Variations]"
Change component parameters (AddParameter): Name = "LatestRevisionNote"; Value = "Re-released for DXP Platform."; VariantName = "[No Variations]"
Change component parameters (AddParameter): Name = "PackageDescription"; Value = "Polarized Capacitor (Radial); 2 Leads"; VariantName = "[No Variations]"
Change component parameters (AddParameter): Name = "PackageReference"; Value = "RB7.6-15"; VariantName = "[No Variations]"
Change component parameters (AddParameter): Name = "Published"; Value = "8-Jun-2000"; VariantName = "[No Variations]"
Change component parameters (AddParameter): Name = "Publisher"; Value = "Altium Limited"; VariantName = "[No Variations]"
Added Pin To Net: NetName=A_GND Pin=C17-1
Added Pin To Net: NetName=A_12V Pin=C17-2
Added Pin To Net: NetName=A_GND Pin=C18-1
Added Pin To Net: NetName=A_12V Pin=C18-2
Added Pin To Net: NetName=A_12V Pin=C19-1
Added Pin To Net: NetName=A_GND Pin=C19-2
Added Pin To Net: NetName=A_12V Pin=C20-1
Added Pin To Net: NetName=A_GND Pin=C20-2
