Added Component: Designator=C1(VZT221M1ETR-0607)
Add component (AddParameter): Name = "LatestRevisionDate"; Value = "17-Jul-2002"; VariantName = "[No Variations]"
Add component (AddParameter): Name = "LatestRevisionNote"; Value = "Re-released for DXP Platform."; VariantName = "[No Variations]"
Add component (AddParameter): Name = "PackageDescription"; Value = "Polarized Capacitor (Radial); 2 Leads"; VariantName = "[No Variations]"
Add component (AddParameter): Name = "PackageReference"; Value = "RB7.6-15"; VariantName = "[No Variations]"
Add component (AddParameter): Name = "Published"; Value = "8-Jun-2000"; VariantName = "[No Variations]"
Add component (AddParameter): Name = "Publisher"; Value = "Altium Limited"; VariantName = "[No Variations]"
Added Component: Designator=C2(CL10B104KA8NNNC)
Add component (AddParameter): Name = "LatestRevisionDate"; Value = "29-May-2009"; VariantName = "[No Variations]"
Add component (AddParameter): Name = "LatestRevisionNote"; Value = "IPC-7351 Footprint Added."; VariantName = "[No Variations]"
Add component (AddParameter): Name = "PackageDescription"; Value = "Chip Capacitor"; VariantName = "[No Variations]"
Add component (AddParameter): Name = "PackageReference"; Value = "C1206"; VariantName = "[No Variations]"
Add component (AddParameter): Name = "Published"; Value = "8-Jun-2000"; VariantName = "[No Variations]"
Add component (AddParameter): Name = "Publisher"; Value = "Altium Limited"; VariantName = "[No Variations]"
Added Component: Designator=C3(VZT221M1ETR-0607)
Add component (AddParameter): Name = "LatestRevisionDate"; Value = "17-Jul-2002"; VariantName = "[No Variations]"
Add component (AddParameter): Name = "LatestRevisionNote"; Value = "Re-released for DXP Platform."; VariantName = "[No Variations]"
Add component (AddParameter): Name = "PackageDescription"; Value = "Polarized Capacitor (Radial); 2 Leads"; VariantName = "[No Variations]"
Add component (AddParameter): Name = "PackageReference"; Value = "RB7.6-15"; VariantName = "[No Variations]"
Add component (AddParameter): Name = "Published"; Value = "8-Jun-2000"; VariantName = "[No Variations]"
Add component (AddParameter): Name = "Publisher"; Value = "Altium Limited"; VariantName = "[No Variations]"
Added Component: Designator=C4(VZT221M1ETR-0607)
Add component (AddParameter): Name = "LatestRevisionDate"; Value = "17-Jul-2002"; VariantName = "[No Variations]"
Add component (AddParameter): Name = "LatestRevisionNote"; Value = "Re-released for DXP Platform."; VariantName = "[No Variations]"
Add component (AddParameter): Name = "PackageDescription"; Value = "Polarized Capacitor (Radial); 2 Leads"; VariantName = "[No Variations]"
Add component (AddParameter): Name = "PackageReference"; Value = "RB7.6-15"; VariantName = "[No Variations]"
Add component (AddParameter): Name = "Published"; Value = "8-Jun-2000"; VariantName = "[No Variations]"
Add component (AddParameter): Name = "Publisher"; Value = "Altium Limited"; VariantName = "[No Variations]"
Added Component: Designator=C5(CL10B104KA8NNNC)
Add component (AddParameter): Name = "LatestRevisionDate"; Value = "29-May-2009"; VariantName = "[No Variations]"
Add component (AddParameter): Name = "LatestRevisionNote"; Value = "IPC-7351 Footprint Added."; VariantName = "[No Variations]"
Add component (AddParameter): Name = "PackageDescription"; Value = "Chip Capacitor"; VariantName = "[No Variations]"
Add component (AddParameter): Name = "PackageReference"; Value = "C1206"; VariantName = "[No Variations]"
Add component (AddParameter): Name = "Published"; Value = "8-Jun-2000"; VariantName = "[No Variations]"
Add component (AddParameter): Name = "Publisher"; Value = "Altium Limited"; VariantName = "[No Variations]"
Added Component: Designator=C6(CL10B104KA8NNNC)
Add component (AddParameter): Name = "LatestRevisionDate"; Value = "29-May-2009"; VariantName = "[No Variations]"
Add component (AddParameter): Name = "LatestRevisionNote"; Value = "IPC-7351 Footprint Added."; VariantName = "[No Variations]"
Add component (AddParameter): Name = "PackageDescription"; Value = "Chip Capacitor"; VariantName = "[No Variations]"
Add component (AddParameter): Name = "PackageReference"; Value = "C1206"; VariantName = "[No Variations]"
Add component (AddParameter): Name = "Published"; Value = "8-Jun-2000"; VariantName = "[No Variations]"
Add component (AddParameter): Name = "Publisher"; Value = "Altium Limited"; VariantName = "[No Variations]"
Added Component: Designator=C7(VZT221M1ETR-0607)
Add component (AddParameter): Name = "LatestRevisionDate"; Value = "17-Jul-2002"; VariantName = "[No Variations]"
Add component (AddParameter): Name = "LatestRevisionNote"; Value = "Re-released for DXP Platform."; VariantName = "[No Variations]"
Add component (AddParameter): Name = "PackageDescription"; Value = "Polarized Capacitor (Radial); 2 Leads"; VariantName = "[No Variations]"
Add component (AddParameter): Name = "PackageReference"; Value = "RB7.6-15"; VariantName = "[No Variations]"
Add component (AddParameter): Name = "Published"; Value = "8-Jun-2000"; VariantName = "[No Variations]"
Add component (AddParameter): Name = "Publisher"; Value = "Altium Limited"; VariantName = "[No Variations]"
Added Component: Designator=C8(VZT221M1ETR-0607)
Add component (AddParameter): Name = "LatestRevisionDate"; Value = "17-Jul-2002"; VariantName = "[No Variations]"
Add component (AddParameter): Name = "LatestRevisionNote"; Value = "Re-released for DXP Platform."; VariantName = "[No Variations]"
Add component (AddParameter): Name = "PackageDescription"; Value = "Polarized Capacitor (Radial); 2 Leads"; VariantName = "[No Variations]"
Add component (AddParameter): Name = "PackageReference"; Value = "RB7.6-15"; VariantName = "[No Variations]"
Add component (AddParameter): Name = "Published"; Value = "8-Jun-2000"; VariantName = "[No Variations]"
Add component (AddParameter): Name = "Publisher"; Value = "Altium Limited"; VariantName = "[No Variations]"
Added Component: Designator=C9(CL10B104KA8NNNC)
Add component (AddParameter): Name = "LatestRevisionDate"; Value = "29-May-2009"; VariantName = "[No Variations]"
Add component (AddParameter): Name = "LatestRevisionNote"; Value = "IPC-7351 Footprint Added."; VariantName = "[No Variations]"
Add component (AddParameter): Name = "PackageDescription"; Value = "Chip Capacitor"; VariantName = "[No Variations]"
Add component (AddParameter): Name = "PackageReference"; Value = "C1206"; VariantName = "[No Variations]"
Add component (AddParameter): Name = "Published"; Value = "8-Jun-2000"; VariantName = "[No Variations]"
Add component (AddParameter): Name = "Publisher"; Value = "Altium Limited"; VariantName = "[No Variations]"
Added Component: Designator=C10(CL10B104KA8NNNC)
Add component (AddParameter): Name = "LatestRevisionDate"; Value = "29-May-2009"; VariantName = "[No Variations]"
Add component (AddParameter): Name = "LatestRevisionNote"; Value = "IPC-7351 Footprint Added."; VariantName = "[No Variations]"
Add component (AddParameter): Name = "PackageDescription"; Value = "Chip Capacitor"; VariantName = "[No Variations]"
Add component (AddParameter): Name = "PackageReference"; Value = "C1206"; VariantName = "[No Variations]"
Add component (AddParameter): Name = "Published"; Value = "8-Jun-2000"; VariantName = "[No Variations]"
Add component (AddParameter): Name = "Publisher"; Value = "Altium Limited"; VariantName = "[No Variations]"
Added Component: Designator=C11(VZT221M1ETR-0607)
Add component (AddParameter): Name = "LatestRevisionDate"; Value = "17-Jul-2002"; VariantName = "[No Variations]"
Add component (AddParameter): Name = "LatestRevisionNote"; Value = "Re-released for DXP Platform."; VariantName = "[No Variations]"
Add component (AddParameter): Name = "PackageDescription"; Value = "Polarized Capacitor (Radial); 2 Leads"; VariantName = "[No Variations]"
Add component (AddParameter): Name = "PackageReference"; Value = "RB7.6-15"; VariantName = "[No Variations]"
Add component (AddParameter): Name = "Published"; Value = "8-Jun-2000"; VariantName = "[No Variations]"
Add component (AddParameter): Name = "Publisher"; Value = "Altium Limited"; VariantName = "[No Variations]"
Added Component: Designator=C12(VZT221M1ETR-0607)
Add component (AddParameter): Name = "LatestRevisionDate"; Value = "17-Jul-2002"; VariantName = "[No Variations]"
Add component (AddParameter): Name = "LatestRevisionNote"; Value = "Re-released for DXP Platform."; VariantName = "[No Variations]"
Add component (AddParameter): Name = "PackageDescription"; Value = "Polarized Capacitor (Radial); 2 Leads"; VariantName = "[No Variations]"
Add component (AddParameter): Name = "PackageReference"; Value = "RB7.6-15"; VariantName = "[No Variations]"
Add component (AddParameter): Name = "Published"; Value = "8-Jun-2000"; VariantName = "[No Variations]"
Add component (AddParameter): Name = "Publisher"; Value = "Altium Limited"; VariantName = "[No Variations]"
Added Component: Designator=C13(CL10B104KA8NNNC)
Add component (AddParameter): Name = "LatestRevisionDate"; Value = "29-May-2009"; VariantName = "[No Variations]"
Add component (AddParameter): Name = "LatestRevisionNote"; Value = "IPC-7351 Footprint Added."; VariantName = "[No Variations]"
Add component (AddParameter): Name = "PackageDescription"; Value = "Chip Capacitor"; VariantName = "[No Variations]"
Add component (AddParameter): Name = "PackageReference"; Value = "C1206"; VariantName = "[No Variations]"
Add component (AddParameter): Name = "Published"; Value = "8-Jun-2000"; VariantName = "[No Variations]"
Add component (AddParameter): Name = "Publisher"; Value = "Altium Limited"; VariantName = "[No Variations]"
Added Component: Designator=C14(CL10B104KA8NNNC)
Add component (AddParameter): Name = "LatestRevisionDate"; Value = "29-May-2009"; VariantName = "[No Variations]"
Add component (AddParameter): Name = "LatestRevisionNote"; Value = "IPC-7351 Footprint Added."; VariantName = "[No Variations]"
Add component (AddParameter): Name = "PackageDescription"; Value = "Chip Capacitor"; VariantName = "[No Variations]"
Add component (AddParameter): Name = "PackageReference"; Value = "C1206"; VariantName = "[No Variations]"
Add component (AddParameter): Name = "Published"; Value = "8-Jun-2000"; VariantName = "[No Variations]"
Add component (AddParameter): Name = "Publisher"; Value = "Altium Limited"; VariantName = "[No Variations]"
Added Component: Designator=C15(CL10B104KA8NNNC)
Add component (AddParameter): Name = "LatestRevisionDate"; Value = "29-May-2009"; VariantName = "[No Variations]"
Add component (AddParameter): Name = "LatestRevisionNote"; Value = "IPC-7351 Footprint Added."; VariantName = "[No Variations]"
Add component (AddParameter): Name = "PackageDescription"; Value = "Chip Capacitor"; VariantName = "[No Variations]"
Add component (AddParameter): Name = "PackageReference"; Value = "C1206"; VariantName = "[No Variations]"
Add component (AddParameter): Name = "Published"; Value = "8-Jun-2000"; VariantName = "[No Variations]"
Add component (AddParameter): Name = "Publisher"; Value = "Altium Limited"; VariantName = "[No Variations]"
Added Component: Designator=C16(CL10B104KA8NNNC)
Add component (AddParameter): Name = "LatestRevisionDate"; Value = "29-May-2009"; VariantName = "[No Variations]"
Add component (AddParameter): Name = "LatestRevisionNote"; Value = "IPC-7351 Footprint Added."; VariantName = "[No Variations]"
Add component (AddParameter): Name = "PackageDescription"; Value = "Chip Capacitor"; VariantName = "[No Variations]"
Add component (AddParameter): Name = "PackageReference"; Value = "C1206"; VariantName = "[No Variations]"
Add component (AddParameter): Name = "Published"; Value = "8-Jun-2000"; VariantName = "[No Variations]"
Add component (AddParameter): Name = "Publisher"; Value = "Altium Limited"; VariantName = "[No Variations]"
Added Component: Designator=C17(CL10B104KA8NNNC)
Add component (AddParameter): Name = "LatestRevisionDate"; Value = "29-May-2009"; VariantName = "[No Variations]"
Add component (AddParameter): Name = "LatestRevisionNote"; Value = "IPC-7351 Footprint Added."; VariantName = "[No Variations]"
Add component (AddParameter): Name = "PackageDescription"; Value = "Chip Capacitor"; VariantName = "[No Variations]"
Add component (AddParameter): Name = "PackageReference"; Value = "C1206"; VariantName = "[No Variations]"
Add component (AddParameter): Name = "Published"; Value = "8-Jun-2000"; VariantName = "[No Variations]"
Add component (AddParameter): Name = "Publisher"; Value = "Altium Limited"; VariantName = "[No Variations]"
Added Component: Designator=C18(CL10B104KA8NNNC)
Add component (AddParameter): Name = "LatestRevisionDate"; Value = "29-May-2009"; VariantName = "[No Variations]"
Add component (AddParameter): Name = "LatestRevisionNote"; Value = "IPC-7351 Footprint Added."; VariantName = "[No Variations]"
Add component (AddParameter): Name = "PackageDescription"; Value = "Chip Capacitor"; VariantName = "[No Variations]"
Add component (AddParameter): Name = "PackageReference"; Value = "C1206"; VariantName = "[No Variations]"
Add component (AddParameter): Name = "Published"; Value = "8-Jun-2000"; VariantName = "[No Variations]"
Add component (AddParameter): Name = "Publisher"; Value = "Altium Limited"; VariantName = "[No Variations]"
Added Component: Designator=C19(VZT221M1ETR-0607)
Add component (AddParameter): Name = "LatestRevisionDate"; Value = "17-Jul-2002"; VariantName = "[No Variations]"
Add component (AddParameter): Name = "LatestRevisionNote"; Value = "Re-released for DXP Platform."; VariantName = "[No Variations]"
Add component (AddParameter): Name = "PackageDescription"; Value = "Polarized Capacitor (Radial); 2 Leads"; VariantName = "[No Variations]"
Add component (AddParameter): Name = "PackageReference"; Value = "RB7.6-15"; VariantName = "[No Variations]"
Add component (AddParameter): Name = "Published"; Value = "8-Jun-2000"; VariantName = "[No Variations]"
Add component (AddParameter): Name = "Publisher"; Value = "Altium Limited"; VariantName = "[No Variations]"
Added Component: Designator=C20(VZT221M1ETR-0607)
Add component (AddParameter): Name = "LatestRevisionDate"; Value = "17-Jul-2002"; VariantName = "[No Variations]"
Add component (AddParameter): Name = "LatestRevisionNote"; Value = "Re-released for DXP Platform."; VariantName = "[No Variations]"
Add component (AddParameter): Name = "PackageDescription"; Value = "Polarized Capacitor (Radial); 2 Leads"; VariantName = "[No Variations]"
Add component (AddParameter): Name = "PackageReference"; Value = "RB7.6-15"; VariantName = "[No Variations]"
Add component (AddParameter): Name = "Published"; Value = "8-Jun-2000"; VariantName = "[No Variations]"
Add component (AddParameter): Name = "Publisher"; Value = "Altium Limited"; VariantName = "[No Variations]"
Added Component: Designator=C21(CL10B104KA8NNNC)
Add component (AddParameter): Name = "LatestRevisionDate"; Value = "29-May-2009"; VariantName = "[No Variations]"
Add component (AddParameter): Name = "LatestRevisionNote"; Value = "IPC-7351 Footprint Added."; VariantName = "[No Variations]"
Add component (AddParameter): Name = "PackageDescription"; Value = "Chip Capacitor"; VariantName = "[No Variations]"
Add component (AddParameter): Name = "PackageReference"; Value = "C1206"; VariantName = "[No Variations]"
Add component (AddParameter): Name = "Published"; Value = "8-Jun-2000"; VariantName = "[No Variations]"
Add component (AddParameter): Name = "Publisher"; Value = "Altium Limited"; VariantName = "[No Variations]"
Added Component: Designator=C22(CL10B104KA8NNNC)
Add component (AddParameter): Name = "LatestRevisionDate"; Value = "29-May-2009"; VariantName = "[No Variations]"
Add component (AddParameter): Name = "LatestRevisionNote"; Value = "IPC-7351 Footprint Added."; VariantName = "[No Variations]"
Add component (AddParameter): Name = "PackageDescription"; Value = "Chip Capacitor"; VariantName = "[No Variations]"
Add component (AddParameter): Name = "PackageReference"; Value = "C1206"; VariantName = "[No Variations]"
Add component (AddParameter): Name = "Published"; Value = "8-Jun-2000"; VariantName = "[No Variations]"
Add component (AddParameter): Name = "Publisher"; Value = "Altium Limited"; VariantName = "[No Variations]"
Added Component: Designator=C23(CL10B104KA8NNNC)
Add component (AddParameter): Name = "LatestRevisionDate"; Value = "29-May-2009"; VariantName = "[No Variations]"
Add component (AddParameter): Name = "LatestRevisionNote"; Value = "IPC-7351 Footprint Added."; VariantName = "[No Variations]"
Add component (AddParameter): Name = "PackageDescription"; Value = "Chip Capacitor"; VariantName = "[No Variations]"
Add component (AddParameter): Name = "PackageReference"; Value = "C1206"; VariantName = "[No Variations]"
Add component (AddParameter): Name = "Published"; Value = "8-Jun-2000"; VariantName = "[No Variations]"
Add component (AddParameter): Name = "Publisher"; Value = "Altium Limited"; VariantName = "[No Variations]"
Added Component: Designator=C24(CL10B104KA8NNNC)
Add component (AddParameter): Name = "LatestRevisionDate"; Value = "29-May-2009"; VariantName = "[No Variations]"
Add component (AddParameter): Name = "LatestRevisionNote"; Value = "IPC-7351 Footprint Added."; VariantName = "[No Variations]"
Add component (AddParameter): Name = "PackageDescription"; Value = "Chip Capacitor"; VariantName = "[No Variations]"
Add component (AddParameter): Name = "PackageReference"; Value = "C1206"; VariantName = "[No Variations]"
Add component (AddParameter): Name = "Published"; Value = "8-Jun-2000"; VariantName = "[No Variations]"
Add component (AddParameter): Name = "Publisher"; Value = "Altium Limited"; VariantName = "[No Variations]"
Added Component: Designator=C25(CL10B104KA8NNNC)
Add component (AddParameter): Name = "LatestRevisionDate"; Value = "29-May-2009"; VariantName = "[No Variations]"
Add component (AddParameter): Name = "LatestRevisionNote"; Value = "IPC-7351 Footprint Added."; VariantName = "[No Variations]"
Add component (AddParameter): Name = "PackageDescription"; Value = "Chip Capacitor"; VariantName = "[No Variations]"
Add component (AddParameter): Name = "PackageReference"; Value = "C1206"; VariantName = "[No Variations]"
Add component (AddParameter): Name = "Published"; Value = "8-Jun-2000"; VariantName = "[No Variations]"
Add component (AddParameter): Name = "Publisher"; Value = "Altium Limited"; VariantName = "[No Variations]"
Added Component: Designator=C26(CL10B104KA8NNNC)
Add component (AddParameter): Name = "LatestRevisionDate"; Value = "29-May-2009"; VariantName = "[No Variations]"
Add component (AddParameter): Name = "LatestRevisionNote"; Value = "IPC-7351 Footprint Added."; VariantName = "[No Variations]"
Add component (AddParameter): Name = "PackageDescription"; Value = "Chip Capacitor"; VariantName = "[No Variations]"
Add component (AddParameter): Name = "PackageReference"; Value = "C1206"; VariantName = "[No Variations]"
Add component (AddParameter): Name = "Published"; Value = "8-Jun-2000"; VariantName = "[No Variations]"
Add component (AddParameter): Name = "Publisher"; Value = "Altium Limited"; VariantName = "[No Variations]"
Added Component: Designator=C27(VZT221M1ETR-0607)
Add component (AddParameter): Name = "LatestRevisionDate"; Value = "17-Jul-2002"; VariantName = "[No Variations]"
Add component (AddParameter): Name = "LatestRevisionNote"; Value = "Re-released for DXP Platform."; VariantName = "[No Variations]"
Add component (AddParameter): Name = "PackageDescription"; Value = "Polarized Capacitor (Radial); 2 Leads"; VariantName = "[No Variations]"
Add component (AddParameter): Name = "PackageReference"; Value = "RB7.6-15"; VariantName = "[No Variations]"
Add component (AddParameter): Name = "Published"; Value = "8-Jun-2000"; VariantName = "[No Variations]"
Add component (AddParameter): Name = "Publisher"; Value = "Altium Limited"; VariantName = "[No Variations]"
Added Component: Designator=C28(VZT221M1ETR-0607)
Add component (AddParameter): Name = "LatestRevisionDate"; Value = "17-Jul-2002"; VariantName = "[No Variations]"
Add component (AddParameter): Name = "LatestRevisionNote"; Value = "Re-released for DXP Platform."; VariantName = "[No Variations]"
Add component (AddParameter): Name = "PackageDescription"; Value = "Polarized Capacitor (Radial); 2 Leads"; VariantName = "[No Variations]"
Add component (AddParameter): Name = "PackageReference"; Value = "RB7.6-15"; VariantName = "[No Variations]"
Add component (AddParameter): Name = "Published"; Value = "8-Jun-2000"; VariantName = "[No Variations]"
Add component (AddParameter): Name = "Publisher"; Value = "Altium Limited"; VariantName = "[No Variations]"
Added Component: Designator=C29(CL10B104KA8NNNC)
Add component (AddParameter): Name = "LatestRevisionDate"; Value = "29-May-2009"; VariantName = "[No Variations]"
Add component (AddParameter): Name = "LatestRevisionNote"; Value = "IPC-7351 Footprint Added."; VariantName = "[No Variations]"
Add component (AddParameter): Name = "PackageDescription"; Value = "Chip Capacitor"; VariantName = "[No Variations]"
Add component (AddParameter): Name = "PackageReference"; Value = "C1206"; VariantName = "[No Variations]"
Add component (AddParameter): Name = "Published"; Value = "8-Jun-2000"; VariantName = "[No Variations]"
Add component (AddParameter): Name = "Publisher"; Value = "Altium Limited"; VariantName = "[No Variations]"
Added Component: Designator=C30(CL10B104KA8NNNC)
Add component (AddParameter): Name = "LatestRevisionDate"; Value = "29-May-2009"; VariantName = "[No Variations]"
Add component (AddParameter): Name = "LatestRevisionNote"; Value = "IPC-7351 Footprint Added."; VariantName = "[No Variations]"
Add component (AddParameter): Name = "PackageDescription"; Value = "Chip Capacitor"; VariantName = "[No Variations]"
Add component (AddParameter): Name = "PackageReference"; Value = "C1206"; VariantName = "[No Variations]"
Add component (AddParameter): Name = "Published"; Value = "8-Jun-2000"; VariantName = "[No Variations]"
Add component (AddParameter): Name = "Publisher"; Value = "Altium Limited"; VariantName = "[No Variations]"
Added Component: Designator=C31(SUPPYCAP-DIP_L33.0_W16.5)
Add component (AddParameter): Name = "LatestRevisionDate"; Value = "17-Jul-2002"; VariantName = "[No Variations]"
Add component (AddParameter): Name = "LatestRevisionNote"; Value = "Re-released for DXP Platform."; VariantName = "[No Variations]"
Add component (AddParameter): Name = "PackageDescription"; Value = "Polarized Capacitor (Radial); 2 Leads"; VariantName = "[No Variations]"
Add component (AddParameter): Name = "PackageReference"; Value = "RB7.6-15"; VariantName = "[No Variations]"
Add component (AddParameter): Name = "Published"; Value = "8-Jun-2000"; VariantName = "[No Variations]"
Add component (AddParameter): Name = "Publisher"; Value = "Altium Limited"; VariantName = "[No Variations]"
Added Component: Designator=C32(SUPPYCAP-DIP_L33.0_W16.5)
Add component (AddParameter): Name = "LatestRevisionDate"; Value = "17-Jul-2002"; VariantName = "[No Variations]"
Add component (AddParameter): Name = "LatestRevisionNote"; Value = "Re-released for DXP Platform."; VariantName = "[No Variations]"
Add component (AddParameter): Name = "PackageDescription"; Value = "Polarized Capacitor (Radial); 2 Leads"; VariantName = "[No Variations]"
Add component (AddParameter): Name = "PackageReference"; Value = "RB7.6-15"; VariantName = "[No Variations]"
Add component (AddParameter): Name = "Published"; Value = "8-Jun-2000"; VariantName = "[No Variations]"
Add component (AddParameter): Name = "Publisher"; Value = "Altium Limited"; VariantName = "[No Variations]"
Added Component: Designator=C33(VZT221M1ETR-0607)
Add component (AddParameter): Name = "LatestRevisionDate"; Value = "17-Jul-2002"; VariantName = "[No Variations]"
Add component (AddParameter): Name = "LatestRevisionNote"; Value = "Re-released for DXP Platform."; VariantName = "[No Variations]"
Add component (AddParameter): Name = "PackageDescription"; Value = "Polarized Capacitor (Radial); 2 Leads"; VariantName = "[No Variations]"
Add component (AddParameter): Name = "PackageReference"; Value = "RB7.6-15"; VariantName = "[No Variations]"
Add component (AddParameter): Name = "Published"; Value = "8-Jun-2000"; VariantName = "[No Variations]"
Add component (AddParameter): Name = "Publisher"; Value = "Altium Limited"; VariantName = "[No Variations]"
Added Component: Designator=C34(VZT221M1ETR-0607)
Add component (AddParameter): Name = "LatestRevisionDate"; Value = "17-Jul-2002"; VariantName = "[No Variations]"
Add component (AddParameter): Name = "LatestRevisionNote"; Value = "Re-released for DXP Platform."; VariantName = "[No Variations]"
Add component (AddParameter): Name = "PackageDescription"; Value = "Polarized Capacitor (Radial); 2 Leads"; VariantName = "[No Variations]"
Add component (AddParameter): Name = "PackageReference"; Value = "RB7.6-15"; VariantName = "[No Variations]"
Add component (AddParameter): Name = "Published"; Value = "8-Jun-2000"; VariantName = "[No Variations]"
Add component (AddParameter): Name = "Publisher"; Value = "Altium Limited"; VariantName = "[No Variations]"
Added Component: Designator=C35(CL10B104KA8NNNC)
Add component (AddParameter): Name = "LatestRevisionDate"; Value = "29-May-2009"; VariantName = "[No Variations]"
Add component (AddParameter): Name = "LatestRevisionNote"; Value = "IPC-7351 Footprint Added."; VariantName = "[No Variations]"
Add component (AddParameter): Name = "PackageDescription"; Value = "Chip Capacitor"; VariantName = "[No Variations]"
Add component (AddParameter): Name = "PackageReference"; Value = "C1206"; VariantName = "[No Variations]"
Add component (AddParameter): Name = "Published"; Value = "8-Jun-2000"; VariantName = "[No Variations]"
Add component (AddParameter): Name = "Publisher"; Value = "Altium Limited"; VariantName = "[No Variations]"
Added Component: Designator=C36(CL10B104KA8NNNC)
Add component (AddParameter): Name = "LatestRevisionDate"; Value = "29-May-2009"; VariantName = "[No Variations]"
Add component (AddParameter): Name = "LatestRevisionNote"; Value = "IPC-7351 Footprint Added."; VariantName = "[No Variations]"
Add component (AddParameter): Name = "PackageDescription"; Value = "Chip Capacitor"; VariantName = "[No Variations]"
Add component (AddParameter): Name = "PackageReference"; Value = "C1206"; VariantName = "[No Variations]"
Add component (AddParameter): Name = "Published"; Value = "8-Jun-2000"; VariantName = "[No Variations]"
Add component (AddParameter): Name = "Publisher"; Value = "Altium Limited"; VariantName = "[No Variations]"
Added Component: Designator=D1(BL-HG036D-AV-TRB)
Add component (AddParameter): Name = "LatestRevisionDate"; Value = "08-Jul-2005"; VariantName = "[No Variations]"
Add component (AddParameter): Name = "LatestRevisionNote"; Value = "Mech Layer 1 removed."; VariantName = "[No Variations]"
Add component (AddParameter): Name = "PackageDescription"; Value = "LED; 2 Leads"; VariantName = "[No Variations]"
Add component (AddParameter): Name = "PackageReference"; Value = "LED-0"; VariantName = "[No Variations]"
Add component (AddParameter): Name = "Published"; Value = "8-Jun-2000"; VariantName = "[No Variations]"
Add component (AddParameter): Name = "Publisher"; Value = "Altium Limited"; VariantName = "[No Variations]"
Added Component: Designator=D2(BL-HG036D-AV-TRB)
Add component (AddParameter): Name = "LatestRevisionDate"; Value = "08-Jul-2005"; VariantName = "[No Variations]"
Add component (AddParameter): Name = "LatestRevisionNote"; Value = "Mech Layer 1 removed."; VariantName = "[No Variations]"
Add component (AddParameter): Name = "PackageDescription"; Value = "LED; 2 Leads"; VariantName = "[No Variations]"
Add component (AddParameter): Name = "PackageReference"; Value = "LED-0"; VariantName = "[No Variations]"
Add component (AddParameter): Name = "Published"; Value = "8-Jun-2000"; VariantName = "[No Variations]"
Add component (AddParameter): Name = "Publisher"; Value = "Altium Limited"; VariantName = "[No Variations]"
Added Component: Designator=De1(De10-Nano)
Added Component: Designator=De2(DE0-Nano)
Added Component: Designator=F1(SMD Fuses Holder)
Add component (AddParameter): Name = "LatestRevisionDate"; Value = "17-Jul-2002"; VariantName = "[No Variations]"
Add component (AddParameter): Name = "LatestRevisionNote"; Value = "Re-released for DXP Platform."; VariantName = "[No Variations]"
Add component (AddParameter): Name = "PackageDescription"; Value = "Thru-Hole; 2 Leads"; VariantName = "[No Variations]"
Add component (AddParameter): Name = "PackageReference"; Value = "PIN-W2/E2.8"; VariantName = "[No Variations]"
Add component (AddParameter): Name = "Published"; Value = "8-Jun-2000"; VariantName = "[No Variations]"
Add component (AddParameter): Name = "Publisher"; Value = "Altium Limited"; VariantName = "[No Variations]"
Added Component: Designator=F2(SMD Fuses Holder)
Add component (AddParameter): Name = "LatestRevisionDate"; Value = "17-Jul-2002"; VariantName = "[No Variations]"
Add component (AddParameter): Name = "LatestRevisionNote"; Value = "Re-released for DXP Platform."; VariantName = "[No Variations]"
Add component (AddParameter): Name = "PackageDescription"; Value = "Thru-Hole; 2 Leads"; VariantName = "[No Variations]"
Add component (AddParameter): Name = "PackageReference"; Value = "PIN-W2/E2.8"; VariantName = "[No Variations]"
Add component (AddParameter): Name = "Published"; Value = "8-Jun-2000"; VariantName = "[No Variations]"
Add component (AddParameter): Name = "Publisher"; Value = "Altium Limited"; VariantName = "[No Variations]"
Added Component: Designator=F3(SMD Fuses Holder)
Add component (AddParameter): Name = "LatestRevisionDate"; Value = "17-Jul-2002"; VariantName = "[No Variations]"
Add component (AddParameter): Name = "LatestRevisionNote"; Value = "Re-released for DXP Platform."; VariantName = "[No Variations]"
Add component (AddParameter): Name = "PackageDescription"; Value = "Thru-Hole; 2 Leads"; VariantName = "[No Variations]"
Add component (AddParameter): Name = "PackageReference"; Value = "PIN-W2/E2.8"; VariantName = "[No Variations]"
Add component (AddParameter): Name = "Published"; Value = "8-Jun-2000"; VariantName = "[No Variations]"
Add component (AddParameter): Name = "Publisher"; Value = "Altium Limited"; VariantName = "[No Variations]"
Add component (AddParameter): Name = "Value"; Value = "220V 2.5A"; VariantName = "[No Variations]"
Added Component: Designator=F4(SMD Fuses Holder)
Add component (AddParameter): Name = "LatestRevisionDate"; Value = "17-Jul-2002"; VariantName = "[No Variations]"
Add component (AddParameter): Name = "LatestRevisionNote"; Value = "Re-released for DXP Platform."; VariantName = "[No Variations]"
Add component (AddParameter): Name = "PackageDescription"; Value = "Thru-Hole; 2 Leads"; VariantName = "[No Variations]"
Add component (AddParameter): Name = "PackageReference"; Value = "PIN-W2/E2.8"; VariantName = "[No Variations]"
Add component (AddParameter): Name = "Published"; Value = "8-Jun-2000"; VariantName = "[No Variations]"
Add component (AddParameter): Name = "Publisher"; Value = "Altium Limited"; VariantName = "[No Variations]"
Added Component: Designator=J1(DC-005-T25)
Add component (AddParameter): Name = "ComponentLink1Description"; Value = "Manufacturer Link"; VariantName = "[No Variations]"
Add component (AddParameter): Name = "ComponentLink1URL"; Value = "http://domino.kycon.com/internet/Products.html"; VariantName = "[No Variations]"
Add component (AddParameter): Name = "DatasheetDocument"; Value = "09-May-2002"; VariantName = "[No Variations]"
Add component (AddParameter): Name = "Published"; Value = "17-Dec-2003"; VariantName = "[No Variations]"
Add component (AddParameter): Name = "Publisher"; Value = "Altium Limited"; VariantName = "[No Variations]"
Add Component: Footprint Not Found B3B-XH-A
Added Component: Designator=P2(MPU9250)
Added Component: Designator=P3(KH-2.54FH-1X7P-H8.5)
Add component (AddParameter): Name = "LatestRevisionDate"; Value = "17-Jul-2002"; VariantName = "[No Variations]"
Add component (AddParameter): Name = "LatestRevisionNote"; Value = "Re-released for DXP Platform."; VariantName = "[No Variations]"
Add component (AddParameter): Name = "Publisher"; Value = "Altium Limited"; VariantName = "[No Variations]"
Added Component: Designator=P4(KH-2.54FH-1X4P-H8.5)
Add component (AddParameter): Name = "LatestRevisionDate"; Value = "17-Jul-2002"; VariantName = "[No Variations]"
Add component (AddParameter): Name = "LatestRevisionNote"; Value = "Re-released for DXP Platform."; VariantName = "[No Variations]"
Add component (AddParameter): Name = "Publisher"; Value = "Altium Limited"; VariantName = "[No Variations]"
Added Component: Designator=P5(KH-2.54FH-1X7P-H8.5)
Add component (AddParameter): Name = "LatestRevisionDate"; Value = "17-Jul-2002"; VariantName = "[No Variations]"
Add component (AddParameter): Name = "LatestRevisionNote"; Value = "Re-released for DXP Platform."; VariantName = "[No Variations]"
Add component (AddParameter): Name = "Publisher"; Value = "Altium Limited"; VariantName = "[No Variations]"
Added Component: Designator=P6(KH-2.54FH-1X4P-H8.5)
Add component (AddParameter): Name = "LatestRevisionDate"; Value = "17-Jul-2002"; VariantName = "[No Variations]"
Add component (AddParameter): Name = "LatestRevisionNote"; Value = "Re-released for DXP Platform."; VariantName = "[No Variations]"
Add component (AddParameter): Name = "Publisher"; Value = "Altium Limited"; VariantName = "[No Variations]"
Added Component: Designator=P7(KH-2.54FH-1X12P-H8.5 (Pad Linked))
Add component (AddParameter): Name = "LatestRevisionDate"; Value = "17-Jul-2002"; VariantName = "[No Variations]"
Add component (AddParameter): Name = "LatestRevisionNote"; Value = "Re-released for DXP Platform."; VariantName = "[No Variations]"
Add component (AddParameter): Name = "Publisher"; Value = "Altium Limited"; VariantName = "[No Variations]"
Added Component: Designator=P8(KH-2.54FH-1X12P-H8.5 (Pad Linked))
Add component (AddParameter): Name = "LatestRevisionDate"; Value = "17-Jul-2002"; VariantName = "[No Variations]"
Add component (AddParameter): Name = "LatestRevisionNote"; Value = "Re-released for DXP Platform."; VariantName = "[No Variations]"
Add component (AddParameter): Name = "Publisher"; Value = "Altium Limited"; VariantName = "[No Variations]"
Added Component: Designator=P9(S6B-XH-A(LF)(SN))
Add component (AddParameter): Name = "LatestRevisionDate"; Value = "17-Jul-2002"; VariantName = "[No Variations]"
Add component (AddParameter): Name = "LatestRevisionNote"; Value = "Re-released for DXP Platform."; VariantName = "[No Variations]"
Add component (AddParameter): Name = "Publisher"; Value = "Altium Limited"; VariantName = "[No Variations]"
Added Component: Designator=P10(S6B-XH-A(LF)(SN))
Add component (AddParameter): Name = "LatestRevisionDate"; Value = "17-Jul-2002"; VariantName = "[No Variations]"
Add component (AddParameter): Name = "LatestRevisionNote"; Value = "Re-released for DXP Platform."; VariantName = "[No Variations]"
Add component (AddParameter): Name = "Publisher"; Value = "Altium Limited"; VariantName = "[No Variations]"
Added Component: Designator=P11(S6B-XH-A(LF)(SN))
Add component (AddParameter): Name = "LatestRevisionDate"; Value = "17-Jul-2002"; VariantName = "[No Variations]"
Add component (AddParameter): Name = "LatestRevisionNote"; Value = "Re-released for DXP Platform."; VariantName = "[No Variations]"
Add component (AddParameter): Name = "Publisher"; Value = "Altium Limited"; VariantName = "[No Variations]"
Added Component: Designator=P12(S6B-XH-A(LF)(SN))
Add component (AddParameter): Name = "LatestRevisionDate"; Value = "17-Jul-2002"; VariantName = "[No Variations]"
Add component (AddParameter): Name = "LatestRevisionNote"; Value = "Re-released for DXP Platform."; VariantName = "[No Variations]"
Add component (AddParameter): Name = "Publisher"; Value = "Altium Limited"; VariantName = "[No Variations]"
Added Component: Designator=P13(XT60PW-F)
Add component (AddParameter): Name = "LatestRevisionDate"; Value = "17-Jul-2002"; VariantName = "[No Variations]"
Add component (AddParameter): Name = "LatestRevisionNote"; Value = "Re-released for DXP Platform."; VariantName = "[No Variations]"
Add component (AddParameter): Name = "Publisher"; Value = "Altium Limited"; VariantName = "[No Variations]"
Added Component: Designator=P14(B2B-XH-A(LF)(SN))
Add component (AddParameter): Name = "LatestRevisionDate"; Value = "17-Jul-2002"; VariantName = "[No Variations]"
Add component (AddParameter): Name = "LatestRevisionNote"; Value = "Re-released for DXP Platform."; VariantName = "[No Variations]"
Add component (AddParameter): Name = "Publisher"; Value = "Altium Limited"; VariantName = "[No Variations]"
Add Component: Footprint Not Found B2B-XH-A
Added Component: Designator=P16(HDR1X2)
Add component (AddParameter): Name = "LatestRevisionDate"; Value = "17-Jul-2002"; VariantName = "[No Variations]"
Add component (AddParameter): Name = "LatestRevisionNote"; Value = "Re-released for DXP Platform."; VariantName = "[No Variations]"
Add component (AddParameter): Name = "Publisher"; Value = "Altium Limited"; VariantName = "[No Variations]"
Added Component: Designator=P17(HDR1X2)
Add component (AddParameter): Name = "LatestRevisionDate"; Value = "17-Jul-2002"; VariantName = "[No Variations]"
Add component (AddParameter): Name = "LatestRevisionNote"; Value = "Re-released for DXP Platform."; VariantName = "[No Variations]"
Add component (AddParameter): Name = "Publisher"; Value = "Altium Limited"; VariantName = "[No Variations]"
Added Component: Designator=R1(RS-03K1503FT)
Add component (AddParameter): Name = "LatestRevisionDate"; Value = "17-Jul-2002"; VariantName = "[No Variations]"
Add component (AddParameter): Name = "LatestRevisionNote"; Value = "Re-released for DXP Platform."; VariantName = "[No Variations]"
Add component (AddParameter): Name = "PackageDescription"; Value = "Axial Device, Thru-Hole; 2 Leads; 0.3 in Pin Spacing"; VariantName = "[No Variations]"
Add component (AddParameter): Name = "PackageReference"; Value = "AXIAL-0.3"; VariantName = "[No Variations]"
Add component (AddParameter): Name = "Published"; Value = "8-Jun-2000"; VariantName = "[No Variations]"
Add component (AddParameter): Name = "Publisher"; Value = "Altium Limited"; VariantName = "[No Variations]"
Added Component: Designator=R2(RS-03K1503FT)
Add component (AddParameter): Name = "LatestRevisionDate"; Value = "17-Jul-2002"; VariantName = "[No Variations]"
Add component (AddParameter): Name = "LatestRevisionNote"; Value = "Re-released for DXP Platform."; VariantName = "[No Variations]"
Add component (AddParameter): Name = "PackageDescription"; Value = "Axial Device, Thru-Hole; 2 Leads; 0.3 in Pin Spacing"; VariantName = "[No Variations]"
Add component (AddParameter): Name = "PackageReference"; Value = "AXIAL-0.3"; VariantName = "[No Variations]"
Add component (AddParameter): Name = "Published"; Value = "8-Jun-2000"; VariantName = "[No Variations]"
Add component (AddParameter): Name = "Publisher"; Value = "Altium Limited"; VariantName = "[No Variations]"
Added Component: Designator=R3(RS-03K1503FT)
Add component (AddParameter): Name = "LatestRevisionDate"; Value = "17-Jul-2002"; VariantName = "[No Variations]"
Add component (AddParameter): Name = "LatestRevisionNote"; Value = "Re-released for DXP Platform."; VariantName = "[No Variations]"
Add component (AddParameter): Name = "PackageDescription"; Value = "Axial Device, Thru-Hole; 2 Leads; 0.3 in Pin Spacing"; VariantName = "[No Variations]"
Add component (AddParameter): Name = "PackageReference"; Value = "AXIAL-0.3"; VariantName = "[No Variations]"
Add component (AddParameter): Name = "Published"; Value = "8-Jun-2000"; VariantName = "[No Variations]"
Add component (AddParameter): Name = "Publisher"; Value = "Altium Limited"; VariantName = "[No Variations]"
Added Component: Designator=R4(MOF3WS-12£[¡Ó5%T)
Add component (AddParameter): Name = "LatestRevisionDate"; Value = "17-Jul-2002"; VariantName = "[No Variations]"
Add component (AddParameter): Name = "LatestRevisionNote"; Value = "Re-released for DXP Platform."; VariantName = "[No Variations]"
Add component (AddParameter): Name = "PackageDescription"; Value = "Axial Device, Thru-Hole; 2 Leads; 0.3 in Pin Spacing"; VariantName = "[No Variations]"
Add component (AddParameter): Name = "PackageReference"; Value = "AXIAL-0.3"; VariantName = "[No Variations]"
Add component (AddParameter): Name = "Published"; Value = "8-Jun-2000"; VariantName = "[No Variations]"
Add component (AddParameter): Name = "Publisher"; Value = "Altium Limited"; VariantName = "[No Variations]"
Added Component: Designator=R5(RS-03K1503FT)
Add component (AddParameter): Name = "LatestRevisionDate"; Value = "17-Jul-2002"; VariantName = "[No Variations]"
Add component (AddParameter): Name = "LatestRevisionNote"; Value = "Re-released for DXP Platform."; VariantName = "[No Variations]"
Add component (AddParameter): Name = "PackageDescription"; Value = "Axial Device, Thru-Hole; 2 Leads; 0.3 in Pin Spacing"; VariantName = "[No Variations]"
Add component (AddParameter): Name = "PackageReference"; Value = "AXIAL-0.3"; VariantName = "[No Variations]"
Add component (AddParameter): Name = "Published"; Value = "8-Jun-2000"; VariantName = "[No Variations]"
Add component (AddParameter): Name = "Publisher"; Value = "Altium Limited"; VariantName = "[No Variations]"
Added Component: Designator=R6(RS-03K1503FT)
Add component (AddParameter): Name = "LatestRevisionDate"; Value = "17-Jul-2002"; VariantName = "[No Variations]"
Add component (AddParameter): Name = "LatestRevisionNote"; Value = "Re-released for DXP Platform."; VariantName = "[No Variations]"
Add component (AddParameter): Name = "PackageDescription"; Value = "Axial Device, Thru-Hole; 2 Leads; 0.3 in Pin Spacing"; VariantName = "[No Variations]"
Add component (AddParameter): Name = "PackageReference"; Value = "AXIAL-0.3"; VariantName = "[No Variations]"
Add component (AddParameter): Name = "Published"; Value = "8-Jun-2000"; VariantName = "[No Variations]"
Add component (AddParameter): Name = "Publisher"; Value = "Altium Limited"; VariantName = "[No Variations]"
Added Component: Designator=S1(JNQ 032)
Add component (AddParameter): Name = "LatestRevisionDate"; Value = "17-Jul-2002"; VariantName = "[No Variations]"
Add component (AddParameter): Name = "LatestRevisionNote"; Value = "Re-released for DXP Platform."; VariantName = "[No Variations]"
Add component (AddParameter): Name = "PackageDescription"; Value = "Switch; 2 Leads"; VariantName = "[No Variations]"
Add component (AddParameter): Name = "PackageReference"; Value = "SPST-2"; VariantName = "[No Variations]"
Add component (AddParameter): Name = "Published"; Value = "24-Mar-1999"; VariantName = "[No Variations]"
Add component (AddParameter): Name = "Publisher"; Value = "Altium Limited"; VariantName = "[No Variations]"
Added Component: Designator=S2(ST-0-102-C03-N003-RS)
Add component (AddParameter): Name = "ComponentLink1Description"; Value = "Manufacturer Link"; VariantName = "[No Variations]"
Add component (AddParameter): Name = "ComponentLink1URL"; Value = "http://www.apem.com"; VariantName = "[No Variations]"
Add component (AddParameter): Name = "DatasheetVersion"; Value = "05-Dec-2000"; VariantName = "[No Variations]"
Add component (AddParameter): Name = "LatestRevisionDate"; Value = "17-Dec-2003"; VariantName = "[No Variations]"
Add component (AddParameter): Name = "LatestRevisionNote"; Value = "Schematic revised, PCB Footprint replaced."; VariantName = "[No Variations]"
Add component (AddParameter): Name = "PackageDescription"; Value = "Switch; 4 Leads"; VariantName = "[No Variations]"
Add component (AddParameter): Name = "PackageReference"; Value = "TL36WW15050"; VariantName = "[No Variations]"
Add component (AddParameter): Name = "Published"; Value = "24-Mar-1999"; VariantName = "[No Variations]"
Add component (AddParameter): Name = "Publisher"; Value = "Altium Limited"; VariantName = "[No Variations]"
Added Component: Designator=S3(SPST-2)
Add component (AddParameter): Name = "LatestRevisionDate"; Value = "17-Jul-2002"; VariantName = "[No Variations]"
Add component (AddParameter): Name = "LatestRevisionNote"; Value = "Re-released for DXP Platform."; VariantName = "[No Variations]"
Add component (AddParameter): Name = "PackageDescription"; Value = "Switch; 2 Leads"; VariantName = "[No Variations]"
Add component (AddParameter): Name = "PackageReference"; Value = "SPST-2"; VariantName = "[No Variations]"
Add component (AddParameter): Name = "Published"; Value = "24-Mar-1999"; VariantName = "[No Variations]"
Add component (AddParameter): Name = "Publisher"; Value = "Altium Limited"; VariantName = "[No Variations]"
Added Component: Designator=S4(SPST-2)
Add component (AddParameter): Name = "LatestRevisionDate"; Value = "17-Jul-2002"; VariantName = "[No Variations]"
Add component (AddParameter): Name = "LatestRevisionNote"; Value = "Re-released for DXP Platform."; VariantName = "[No Variations]"
Add component (AddParameter): Name = "PackageDescription"; Value = "Switch; 2 Leads"; VariantName = "[No Variations]"
Add component (AddParameter): Name = "PackageReference"; Value = "SPST-2"; VariantName = "[No Variations]"
Add component (AddParameter): Name = "Published"; Value = "24-Mar-1999"; VariantName = "[No Variations]"
Add component (AddParameter): Name = "Publisher"; Value = "Altium Limited"; VariantName = "[No Variations]"
Added Component: Designator=T1(XL4015 Voltage Regulator Module)
Added Component: Designator=T2(XL4015 Voltage Regulator Module)
Added Component: Designator=T3(Small Voltage regulator module)
Add component (AddParameter): Name = "ComponentLink1Description"; Value = "buy_link"; VariantName = "[No Variations]"
Add component (AddParameter): Name = "ComponentLink1URL"; Value = "https://www.ruten.com.tw/item/show?21817939184609"; VariantName = "[No Variations]"
Added Component: Designator=U1(HSM3214)
Added Component: Designator=U2(DMN6040SSD-13)
Added Pin To Net: NetName=D_3P3 Pin=C1-1
Added Pin To Net: NetName=D_3P3 Pin=C2-2
Added Pin To Net: NetName=D_5V Pin=C3-1
Added Pin To Net: NetName=D_5V Pin=C4-1
Added Pin To Net: NetName=D_5V Pin=C5-2
Added Pin To Net: NetName=D_5V Pin=C6-2
Added Pin To Net: NetName=D_5V Pin=C11-1
Added Pin To Net: NetName=D_5V Pin=C12-1
Added Pin To Net: NetName=D_5V Pin=C13-2
Added Pin To Net: NetName=D_5V Pin=C14-2
Added Pin To Net: NetName=D_5V Pin=C19-1
Added Pin To Net: NetName=D_5V Pin=C20-1
Added Pin To Net: NetName=D_5V Pin=C21-2
Added Pin To Net: NetName=D_5V Pin=C22-2
Added Pin To Net: NetName=B_12V Pin=C27-1
Added Pin To Net: NetName=B_12V Pin=C29-2
Added Pin To Net: NetName=D_5V Pin=C31-1
Added Pin To Net: NetName=D_5V Pin=C32-1
Added Pin To Net: NetName=NetD1_1 Pin=D1-1
Added Pin To Net: NetName=B_12V Pin=F1-2
Added Pin To Net: NetName=D_3P3 Pin=P2-1
Added Pin To Net: NetName=D_5V Pin=P3-1
Added Pin To Net: NetName=D_5V Pin=P5-1
Added Pin To Net: NetName=D_5V Pin=P9-2
Added Pin To Net: NetName=D_5V Pin=P10-2
Added Pin To Net: NetName=D_5V Pin=P11-2
Added Pin To Net: NetName=D_5V Pin=P12-2
Added Pin To Net: NetName=NetD1_1 Pin=R1-1
Added Pin To Net: NetName=D_5V Pin=R2-2
Added Pin To Net: NetName=B_12V Pin=T1-1
Added Pin To Net: NetName=B_12V Pin=T1-1
Added Pin To Net: NetName=B_12V Pin=T1-1
Added Pin To Net: NetName=B_12V Pin=T1-1
Added Pin To Net: NetName=D_5V Pin=T1-3
Added Pin To Net: NetName=D_5V Pin=T1-3
Added Pin To Net: NetName=D_5V Pin=T1-3
Added Pin To Net: NetName=D_5V Pin=T1-3
Added Pin To Net: NetName=B_12V Pin=T2-1
Added Pin To Net: NetName=B_12V Pin=T2-1
Added Pin To Net: NetName=B_12V Pin=T2-1
Added Pin To Net: NetName=B_12V Pin=T2-1
Added Pin To Net: NetName=D_5V Pin=T2-3
Added Pin To Net: NetName=D_5V Pin=T2-3
Added Pin To Net: NetName=D_5V Pin=T2-3
Added Pin To Net: NetName=D_5V Pin=T2-3
Added Pin To Net: NetName=D_3P3 Pin=T3-3
Added Pin To Net: NetName=D_5V Pin=U1-5
Added Pin To Net: NetName=D_5V Pin=U1-6
Added Pin To Net: NetName=D_5V Pin=U1-7
Added Pin To Net: NetName=D_5V Pin=U1-8
Added Pin To Net: NetName=A_12V Pin=C7-1
Added Pin To Net: NetName=A_12V Pin=C8-1
Added Pin To Net: NetName=A_12V Pin=C9-2
Added Pin To Net: NetName=A_12V Pin=C10-2
Added Pin To Net: NetName=A_12V Pin=F2-2
Added Pin To Net: NetName=A_12V Pin=P7-1
Added Pin To Net: NetName=A_12V Pin=P7-2
Added Pin To Net: NetName=A_12V Pin=P8-1
Added Pin To Net: NetName=A_12V Pin=P8-2
Added Pin To Net: NetName=A_12V Pin=R1-2
Added Net: Name=A_12V
Added Pin To Net: NetName=A_GND Pin=C7-2
Added Pin To Net: NetName=A_GND Pin=C8-2
Added Pin To Net: NetName=A_GND Pin=C9-1
Added Pin To Net: NetName=A_GND Pin=C10-1
Added Pin To Net: NetName=A_GND Pin=C15-2
Added Pin To Net: NetName=A_GND Pin=C16-2
Added Pin To Net: NetName=A_GND Pin=C17-2
Added Pin To Net: NetName=A_GND Pin=C18-2
Added Pin To Net: NetName=A_GND Pin=C23-2
Added Pin To Net: NetName=A_GND Pin=C24-2
Added Pin To Net: NetName=A_GND Pin=C25-2
Added Pin To Net: NetName=A_GND Pin=C26-2
Added Pin To Net: NetName=A_GND Pin=C27-2
Added Pin To Net: NetName=A_GND Pin=C29-1
Added Pin To Net: NetName=A_GND Pin=D1-2
Added Pin To Net: NetName=A_GND Pin=F1-1
Added Pin To Net: NetName=A_GND Pin=J1-1
Added Pin To Net: NetName=A_GND Pin=J1-2
Added Pin To Net: NetName=A_GND Pin=J1-3
Added Pin To Net: NetName=A_GND Pin=P7-11
Added Pin To Net: NetName=A_GND Pin=P7-12
Added Pin To Net: NetName=A_GND Pin=P8-11
Added Pin To Net: NetName=A_GND Pin=P8-12
Added Pin To Net: NetName=A_GND Pin=P13-1
Added Pin To Net: NetName=A_GND Pin=P13-2
Added Pin To Net: NetName=A_GND Pin=P14-1
Added Pin To Net: NetName=A_GND Pin=P14-2
Added Pin To Net: NetName=A_GND Pin=S1-1
Added Pin To Net: NetName=A_GND Pin=S1-1
Added Pin To Net: NetName=A_GND Pin=T1-2
Added Pin To Net: NetName=A_GND Pin=T1-2
Added Pin To Net: NetName=A_GND Pin=T1-2
Added Pin To Net: NetName=A_GND Pin=T1-2
Added Pin To Net: NetName=A_GND Pin=T2-2
Added Pin To Net: NetName=A_GND Pin=T2-2
Added Pin To Net: NetName=A_GND Pin=T2-2
Added Pin To Net: NetName=A_GND Pin=T2-2
Added Net: Name=A_GND
Added Pin To Net: NetName=D_GND Pin=C1-2
Added Pin To Net: NetName=D_GND Pin=C2-1
Added Pin To Net: NetName=D_GND Pin=C3-2
Added Pin To Net: NetName=D_GND Pin=C4-2
Added Pin To Net: NetName=D_GND Pin=C5-1
Added Pin To Net: NetName=D_GND Pin=C6-1
Added Pin To Net: NetName=D_GND Pin=C11-2
Added Pin To Net: NetName=D_GND Pin=C12-2
Added Pin To Net: NetName=D_GND Pin=C13-1
Added Pin To Net: NetName=D_GND Pin=C14-1
Added Pin To Net: NetName=D_GND Pin=C19-2
Added Pin To Net: NetName=D_GND Pin=C20-2
Added Pin To Net: NetName=D_GND Pin=C21-1
Added Pin To Net: NetName=D_GND Pin=C22-1
Added Pin To Net: NetName=D_GND Pin=C28-2
Added Pin To Net: NetName=D_GND Pin=C30-1
Added Pin To Net: NetName=D_GND Pin=C31-2
Added Pin To Net: NetName=D_GND Pin=C32-2
Added Pin To Net: NetName=D_GND Pin=C33-2
Added Pin To Net: NetName=D_GND Pin=C34-2
Added Pin To Net: NetName=D_GND Pin=C35-1
Added Pin To Net: NetName=D_GND Pin=C36-1
Added Pin To Net: NetName=D_GND Pin=D2-2
Added Pin To Net: NetName=D_GND Pin=De1-0
Added Pin To Net: NetName=D_GND Pin=De1-0
Added Pin To Net: NetName=D_GND Pin=De1-0
Added Pin To Net: NetName=D_GND Pin=De1-0
Added Pin To Net: NetName=D_GND Pin=De1-10
Added Pin To Net: NetName=D_GND Pin=De1-22
Added Pin To Net: NetName=D_GND Pin=De1-40
Added Pin To Net: NetName=D_GND Pin=De2-0
Added Pin To Net: NetName=D_GND Pin=De2-0
Added Pin To Net: NetName=D_GND Pin=De2-0
Added Pin To Net: NetName=D_GND Pin=De2-0
Added Pin To Net: NetName=D_GND Pin=De2-26
Added Pin To Net: NetName=D_GND Pin=P2-2
Added Pin To Net: NetName=D_GND Pin=P3-2
Added Pin To Net: NetName=D_GND Pin=P5-2
Added Pin To Net: NetName=D_GND Pin=P9-5
Added Pin To Net: NetName=D_GND Pin=P10-5
Added Pin To Net: NetName=D_GND Pin=P11-5
Added Pin To Net: NetName=D_GND Pin=P12-5
Added Pin To Net: NetName=D_GND Pin=P16-2
Added Pin To Net: NetName=D_GND Pin=P17-2
Added Pin To Net: NetName=D_GND Pin=R4-1
Added Pin To Net: NetName=D_GND Pin=S3-2
Added Pin To Net: NetName=D_GND Pin=S4-1
Added Pin To Net: NetName=D_GND Pin=T1-4
Added Pin To Net: NetName=D_GND Pin=T1-4
Added Pin To Net: NetName=D_GND Pin=T1-4
Added Pin To Net: NetName=D_GND Pin=T1-4
Added Pin To Net: NetName=D_GND Pin=T2-4
Added Pin To Net: NetName=D_GND Pin=T2-4
Added Pin To Net: NetName=D_GND Pin=T2-4
Added Pin To Net: NetName=D_GND Pin=T2-4
Added Pin To Net: NetName=D_GND Pin=T3-2
Added Net: Name=D_GND
Added Pin To Net: NetName=D_Power Pin=C28-1
Added Pin To Net: NetName=D_Power Pin=C30-2
Added Pin To Net: NetName=D_Power Pin=T3-1
Added Net: Name=D_Power
Added Pin To Net: NetName=Drive_EN1 Pin=De1-20
Added Pin To Net: NetName=Drive_EN1 Pin=P3-7
Added Net: Name=Drive_EN1
Added Pin To Net: NetName=Drive_EN2 Pin=De1-42
Added Pin To Net: NetName=Drive_EN2 Pin=P5-7
Added Net: Name=Drive_EN2
Added Pin To Net: NetName=FPGA_Power Pin=F4-1
Added Pin To Net: NetName=FPGA_Power Pin=U2-3
Added Net: Name=FPGA_Power
Added Pin To Net: NetName=IMU_SCL Pin=De1-17
Added Pin To Net: NetName=IMU_SCL Pin=P2-3
Added Net: Name=IMU_SCL
Added Pin To Net: NetName=IMU_SDA Pin=De1-19
Added Pin To Net: NetName=IMU_SDA Pin=P2-4
Added Net: Name=IMU_SDA
Added Pin To Net: NetName=MA1 Pin=C15-1
Added Pin To Net: NetName=MA1 Pin=P7-3
Added Pin To Net: NetName=MA1 Pin=P7-4
Added Pin To Net: NetName=MA1 Pin=P9-1
Added Net: Name=MA1
Added Pin To Net: NetName=MA2 Pin=C16-1
Added Pin To Net: NetName=MA2 Pin=P7-5
Added Pin To Net: NetName=MA2 Pin=P7-6
Added Pin To Net: NetName=MA2 Pin=P9-6
Added Net: Name=MA2
Added Pin To Net: NetName=MA_DIR Pin=De1-12
Added Pin To Net: NetName=MA_DIR Pin=P3-3
Added Net: Name=MA_DIR
Added Pin To Net: NetName=MA_I Pin=De1-4
Added Pin To Net: NetName=MA_I Pin=De2-20
Added Pin To Net: NetName=MA_I Pin=P4-2
Added Net: Name=MA_I
Added Pin To Net: NetName=MA_phase1 Pin=De1-24
Added Pin To Net: NetName=MA_phase1 Pin=P9-3
Added Net: Name=MA_phase1
Added Pin To Net: NetName=MA_phase2 Pin=De1-26
Added Pin To Net: NetName=MA_phase2 Pin=P9-4
Added Net: Name=MA_phase2
Added Pin To Net: NetName=MA_PWM Pin=De1-14
Added Pin To Net: NetName=MA_PWM Pin=P3-4
Added Net: Name=MA_PWM
Added Pin To Net: NetName=MA_V Pin=De1-2
Added Pin To Net: NetName=MA_V Pin=De2-18
Added Pin To Net: NetName=MA_V Pin=P4-1
Added Net: Name=MA_V
Added Pin To Net: NetName=MB1 Pin=C17-1
Added Pin To Net: NetName=MB1 Pin=P7-7
Added Pin To Net: NetName=MB1 Pin=P7-8
Added Pin To Net: NetName=MB1 Pin=P10-1
Added Net: Name=MB1
Added Pin To Net: NetName=MB2 Pin=C18-1
Added Pin To Net: NetName=MB2 Pin=P7-9
Added Pin To Net: NetName=MB2 Pin=P7-10
Added Pin To Net: NetName=MB2 Pin=P10-6
Added Net: Name=MB2
Added Pin To Net: NetName=MB_DIR Pin=De1-16
Added Pin To Net: NetName=MB_DIR Pin=P3-5
Added Net: Name=MB_DIR
Added Pin To Net: NetName=MB_I Pin=De1-8
Added Pin To Net: NetName=MB_I Pin=De2-24
Added Pin To Net: NetName=MB_I Pin=P4-4
Added Net: Name=MB_I
Added Pin To Net: NetName=MB_phase1 Pin=De1-28
Added Pin To Net: NetName=MB_phase1 Pin=P10-3
Added Net: Name=MB_phase1
Added Pin To Net: NetName=MB_phase2 Pin=De1-30
Added Pin To Net: NetName=MB_phase2 Pin=P10-4
Added Net: Name=MB_phase2
Added Pin To Net: NetName=MB_PWM Pin=De1-18
Added Pin To Net: NetName=MB_PWM Pin=P3-6
Added Net: Name=MB_PWM
Added Pin To Net: NetName=MB_V Pin=De1-6
Added Pin To Net: NetName=MB_V Pin=De2-22
Added Pin To Net: NetName=MB_V Pin=P4-3
Added Net: Name=MB_V
Added Pin To Net: NetName=MC1 Pin=C23-1
Added Pin To Net: NetName=MC1 Pin=P8-3
Added Pin To Net: NetName=MC1 Pin=P8-4
Added Pin To Net: NetName=MC1 Pin=P11-1
Added Net: Name=MC1
Added Pin To Net: NetName=MC2 Pin=C24-1
Added Pin To Net: NetName=MC2 Pin=P8-5
Added Pin To Net: NetName=MC2 Pin=P8-6
Added Pin To Net: NetName=MC2 Pin=P11-6
Added Net: Name=MC2
Added Pin To Net: NetName=MC_DIR Pin=De1-32
Added Pin To Net: NetName=MC_DIR Pin=P5-3
Added Net: Name=MC_DIR
Added Pin To Net: NetName=MC_I Pin=De1-5
Added Pin To Net: NetName=MC_I Pin=De2-21
Added Pin To Net: NetName=MC_I Pin=P6-2
Added Net: Name=MC_I
Added Pin To Net: NetName=MC_phase1 Pin=De1-44
Added Pin To Net: NetName=MC_phase1 Pin=P11-3
Added Net: Name=MC_phase1
Added Pin To Net: NetName=MC_phase2 Pin=De1-46
Added Pin To Net: NetName=MC_phase2 Pin=P11-4
Added Net: Name=MC_phase2
Added Pin To Net: NetName=MC_PWM Pin=De1-34
Added Pin To Net: NetName=MC_PWM Pin=P5-4
Added Net: Name=MC_PWM
Added Pin To Net: NetName=MC_V Pin=De1-3
Added Pin To Net: NetName=MC_V Pin=De2-19
Added Pin To Net: NetName=MC_V Pin=P6-1
Added Net: Name=MC_V
Added Pin To Net: NetName=MD1 Pin=C25-1
Added Pin To Net: NetName=MD1 Pin=P8-7
Added Pin To Net: NetName=MD1 Pin=P8-8
Added Pin To Net: NetName=MD1 Pin=P12-1
Added Net: Name=MD1
Added Pin To Net: NetName=MD2 Pin=C26-1
Added Pin To Net: NetName=MD2 Pin=P8-9
Added Pin To Net: NetName=MD2 Pin=P8-10
Added Pin To Net: NetName=MD2 Pin=P12-6
Added Net: Name=MD2
Added Pin To Net: NetName=MD_DIR Pin=De1-36
Added Pin To Net: NetName=MD_DIR Pin=P5-5
Added Net: Name=MD_DIR
Added Pin To Net: NetName=MD_I Pin=De1-9
Added Pin To Net: NetName=MD_I Pin=De2-25
Added Pin To Net: NetName=MD_I Pin=P6-4
Added Net: Name=MD_I
Added Pin To Net: NetName=MD_phase1 Pin=De1-48
Added Pin To Net: NetName=MD_phase1 Pin=P12-3
Added Net: Name=MD_phase1
Added Pin To Net: NetName=MD_phase2 Pin=De1-50
Added Pin To Net: NetName=MD_phase2 Pin=P12-4
Added Net: Name=MD_phase2
Added Pin To Net: NetName=MD_PWM Pin=De1-38
Added Pin To Net: NetName=MD_PWM Pin=P5-6
Added Net: Name=MD_PWM
Added Pin To Net: NetName=MD_V Pin=De1-7
Added Pin To Net: NetName=MD_V Pin=De2-23
Added Pin To Net: NetName=MD_V Pin=P6-3
Added Net: Name=MD_V
Added Pin To Net: NetName=NetC33_1 Pin=C33-1
Added Pin To Net: NetName=NetC33_1 Pin=C35-2
Added Pin To Net: NetName=NetC33_1 Pin=F4-2
Added Pin To Net: NetName=NetC33_1 Pin=P16-1
Added Pin To Net: NetName=NetC33_1 Pin=P17-1
Added Net: Name=NetC33_1
Added Pin To Net: NetName=NetC34_1 Pin=C34-1
Added Pin To Net: NetName=NetC34_1 Pin=C36-2
Added Pin To Net: NetName=NetC34_1 Pin=F3-2
Added Net: Name=NetC34_1
Added Pin To Net: NetName=NetD2_1 Pin=D2-1
Added Pin To Net: NetName=NetD2_1 Pin=R3-1
Added Net: Name=NetD2_1
Added Pin To Net: NetName=NetF2_1 Pin=F2-1
Added Pin To Net: NetName=NetF2_1 Pin=S1-2
Added Pin To Net: NetName=NetF2_1 Pin=S1-2
Added Net: Name=NetF2_1
Added Pin To Net: NetName=NetR2_1 Pin=R2-1
Added Pin To Net: NetName=NetR2_1 Pin=S2-2
Added Net: Name=NetR2_1
Added Pin To Net: NetName=NetR3_2 Pin=R3-2
Added Pin To Net: NetName=NetR3_2 Pin=R4-2
Added Pin To Net: NetName=NetR3_2 Pin=U1-3
Added Net: Name=NetR3_2
Added Pin To Net: NetName=NetR5_1 Pin=R5-1
Added Pin To Net: NetName=NetR5_1 Pin=S3-1
Added Pin To Net: NetName=NetR5_1 Pin=U2-4
Added Net: Name=NetR5_1
Added Pin To Net: NetName=NetR5_2 Pin=R5-2
Added Pin To Net: NetName=NetR5_2 Pin=R6-2
Added Pin To Net: NetName=NetR5_2 Pin=U1-1
Added Pin To Net: NetName=NetR5_2 Pin=U2-5
Added Pin To Net: NetName=NetR5_2 Pin=U2-6
Added Pin To Net: NetName=NetR5_2 Pin=U2-7
Added Pin To Net: NetName=NetR5_2 Pin=U2-8
Added Net: Name=NetR5_2
Added Pin To Net: NetName=NetR6_1 Pin=R6-1
Added Pin To Net: NetName=NetR6_1 Pin=S4-2
Added Pin To Net: NetName=NetR6_1 Pin=U2-2
Added Net: Name=NetR6_1
Added Pin To Net: NetName=NetS2_1 Pin=S2-1
Added Pin To Net: NetName=NetS2_1 Pin=U1-2
Added Net: Name=NetS2_1
Added Pin To Net: NetName=NetS2_3 Pin=S2-3
Added Pin To Net: NetName=NetS2_3 Pin=U1-4
Added Net: Name=NetS2_3
Added Pin To Net: NetName=RPi_Power Pin=F3-1
Added Pin To Net: NetName=RPi_Power Pin=U2-1
Added Net: Name=RPi_Power
Added Pin To Net: NetName=UART_RX Pin=De1-13
Added Net: Name=UART_RX
Added Pin To Net: NetName=UART_TX Pin=De1-15
Added Net: Name=UART_TX
Added Class: Name=IOandCommunication
Added Class: Name=Motor
Added Member To Class: ClassName=Power Member=Component C27 220uF
Added Member To Class: ClassName=Power Member=Component C28 220uF
Added Member To Class: ClassName=Power Member=Component C29 0.1uF
Added Member To Class: ClassName=Power Member=Component C30 0.1uF
Added Member To Class: ClassName=Power Member=Component C31 10F
Added Member To Class: ClassName=Power Member=Component C32 10F
Added Member To Class: ClassName=Power Member=Component C33 220uF
Added Member To Class: ClassName=Power Member=Component C34 220uF
Added Member To Class: ClassName=Power Member=Component C35 0.1uF
Added Member To Class: ClassName=Power Member=Component C36 0.1uF
Added Member To Class: ClassName=Power Member=Component D1 LED(G)
Added Member To Class: ClassName=Power Member=Component D2 LED(G)
Added Member To Class: ClassName=Power Member=Component F1 220V 5A Fuse
Added Member To Class: ClassName=Power Member=Component F2 10A Fuse Holder
Added Member To Class: ClassName=Power Member=Component F3 Fuse Holder
Added Member To Class: ClassName=Power Member=Component F4 Fuse Holder
Added Member To Class: ClassName=Power Member=Component J1 DC-005-T25
Added Member To Class: ClassName=Power Member=Component P13 Header 2
Added Member To Class: ClassName=Power Member=Component P14 Header 2
Add Class Member: Failed to add class member : Component P15 Header 2
Added Member To Class: ClassName=Power Member=Component P16 Header 2
Added Member To Class: ClassName=Power Member=Component P17 Header 2
Added Member To Class: ClassName=Power Member=Component R1 150k
Added Member To Class: ClassName=Power Member=Component R2 1k
Added Member To Class: ClassName=Power Member=Component R3 150k
Added Member To Class: ClassName=Power Member=Component R4 12
Added Member To Class: ClassName=Power Member=Component R5 1k
Added Member To Class: ClassName=Power Member=Component R6 1k
Added Member To Class: ClassName=Power Member=Component S1 Motor EMS
Added Member To Class: ClassName=Power Member=Component S2 Digital EMS
Added Member To Class: ClassName=Power Member=Component S3 FPGA_Re
Added Member To Class: ClassName=Power Member=Component S4 RPi_Re
Added Member To Class: ClassName=Power Member=Component T1 XL4015 Module
Added Member To Class: ClassName=Power Member=Component T2 XL4016 Module
Added Member To Class: ClassName=Power Member=Component T3 3P3 Voltage regulator
Added Member To Class: ClassName=Power Member=Component U1 HSM3214
Added Member To Class: ClassName=Power Member=Component U2 DMN6040SSD-13
Added Room: Name=IOandCommunication
Added Room: Name=Motor
Added Room: Name=Power
