Change Component Designator: OldDesignator=C1 NewDesignator=C11
Change Component Designator: OldDesignator=C2 NewDesignator=C12
Change Component Designator: OldDesignator=C3 NewDesignator=C13
Change Component Designator: OldDesignator=C4 NewDesignator=C14
Change Component Designator: OldDesignator=C5 NewDesignator=C15
Change Component Designator: OldDesignator=C6 NewDesignator=C16
Change Component Designator: OldDesignator=C7 NewDesignator=C17
Change Component Designator: OldDesignator=C8 NewDesignator=C18
Change Component Designator: OldDesignator=C9 NewDesignator=C19
Change Component Designator: OldDesignator=C10 NewDesignator=C20
Change Component Designator: OldDesignator=C11 NewDesignator=C21
Change Component Designator: OldDesignator=C12 NewDesignator=C22
Change Component Designator: OldDesignator=C13 NewDesignator=C23
Change Component Designator: OldDesignator=C14 NewDesignator=C24
Change Component Designator: OldDesignator=C15 NewDesignator=C25
Change Component Designator: OldDesignator=C16 NewDesignator=C26
Change Component Designator: OldDesignator=C17 NewDesignator=C27
Change Component Designator: OldDesignator=C18 NewDesignator=C28
Change Component Designator: OldDesignator=C19 NewDesignator=C29
Change Component Designator: OldDesignator=C20 NewDesignator=C30
Change Component Designator: OldDesignator=C21 NewDesignator=C31
Change Component Designator: OldDesignator=C22 NewDesignator=C32
Change Component Designator: OldDesignator=C23 NewDesignator=C33
Change Component Designator: OldDesignator=C24 NewDesignator=C34
Change Component Designator: OldDesignator=C25 NewDesignator=C35
Change Component Designator: OldDesignator=C26 NewDesignator=C36
Change Component Designator: OldDesignator=C27 NewDesignator=C1
Change Component Designator: OldDesignator=C28 NewDesignator=C2
Change Component Designator: OldDesignator=C29 NewDesignator=C3
Change Component Designator: OldDesignator=C30 NewDesignator=C4
Change Component Designator: OldDesignator=C31 NewDesignator=C5
Change Component Designator: OldDesignator=C32 NewDesignator=C6
Change Component Designator: OldDesignator=C33 NewDesignator=C7
Change Component Designator: OldDesignator=C34 NewDesignator=C8
Change Component Designator: OldDesignator=C35 NewDesignator=C9
Change Component Designator: OldDesignator=C36 NewDesignator=C10
Change Component Designator: OldDesignator=P2 NewDesignator=P7
Change Component Designator: OldDesignator=P3 NewDesignator=P8
Change Component Designator: OldDesignator=P4 NewDesignator=P9
Change Component Designator: OldDesignator=P5 NewDesignator=P10
Change Component Designator: OldDesignator=P6 NewDesignator=P11
Change Component Designator: OldDesignator=P7 NewDesignator=P12
Change Component Designator: OldDesignator=P8 NewDesignator=P13
Change Component Designator: OldDesignator=P9 NewDesignator=P14
Change Component Designator: OldDesignator=P10 NewDesignator=P15
Change Component Designator: OldDesignator=P11 NewDesignator=P16
Change Component Designator: OldDesignator=P12 NewDesignator=P17
Change Component Designator: OldDesignator=P13 NewDesignator=P1
Change Component Designator: OldDesignator=P14 NewDesignator=P2
Change Component Designator: OldDesignator=P16 NewDesignator=P4
Change Component Designator: OldDesignator=P17 NewDesignator=P5
Add Component: Footprint Not Found B2B-XH-A
Add Component: Footprint Not Found B3B-XH-A
Add Pin To Net: Unknown Pin: Pin P3-1
Add Pin To Net: Unknown Pin: Pin P3-2
Add Pin To Net: Unknown Pin: Pin P6-1
Add Pin To Net: Unknown Pin: Pin P6-2
Add Pin To Net: Unknown Pin: Pin P6-3
Change Net Name : Old Net Name=NetC33_1 New Net Name=NetC7_1
Change Net Name : Old Net Name=NetC34_1 New Net Name=NetC8_1
Add Class Member: Failed to add class member : Component P3 Header 2
Add Class Member: Failed to add class member : Component P6 Header 3
