Removed Pin From Net: NetName=A_GND Pin=C1-2
Removed Pin From Net: NetName=A_GND Pin=C3-1
Removed Pin From Net: NetName=A_GND Pin=C17-1
Removed Pin From Net: NetName=A_GND Pin=C18-1
Removed Pin From Net: NetName=A_GND Pin=C19-2
Removed Pin From Net: NetName=A_GND Pin=C20-2
Removed Pin From Net: NetName=A_GND Pin=C25-2
Removed Pin From Net: NetName=A_GND Pin=C26-1
Removed Pin From Net: NetName=A_GND Pin=C27-2
Removed Pin From Net: NetName=A_GND Pin=C28-1
Removed Pin From Net: NetName=A_GND Pin=C33-2
Removed Pin From Net: NetName=A_GND Pin=C34-1
Removed Pin From Net: NetName=A_GND Pin=C35-2
Removed Pin From Net: NetName=A_GND Pin=C36-1
Removed Pin From Net: NetName=A_GND Pin=D1-2
Removed Pin From Net: NetName=A_GND Pin=J1-2
Removed Pin From Net: NetName=A_GND Pin=J1-3
Removed Pin From Net: NetName=A_GND Pin=MH5-1
Removed Pin From Net: NetName=A_GND Pin=MH6-1
Removed Pin From Net: NetName=A_GND Pin=MH7-1
Removed Pin From Net: NetName=A_GND Pin=MH8-1
Removed Pin From Net: NetName=A_GND Pin=P1-2
Removed Pin From Net: NetName=A_GND Pin=P2-2
Removed Pin From Net: NetName=A_GND Pin=P11-11
Removed Pin From Net: NetName=A_GND Pin=P11-12
Removed Pin From Net: NetName=A_GND Pin=P12-11
Removed Pin From Net: NetName=A_GND Pin=P12-12
Removed Pin From Net: NetName=A_GND Pin=T1-2
Removed Pin From Net: NetName=A_GND Pin=T1-2
Removed Pin From Net: NetName=A_GND Pin=T1-2
Removed Pin From Net: NetName=A_GND Pin=T1-2
Removed Pin From Net: NetName=A_GND Pin=T2-2
Change Net Name : Old Net Name=A_GND New Net Name=D_GND
Added Pin To Net: NetName=A_GND Pin=C1-2
Added Pin To Net: NetName=A_GND Pin=C3-1
Added Pin To Net: NetName=A_GND Pin=C17-1
Added Pin To Net: NetName=A_GND Pin=C18-1
Added Pin To Net: NetName=A_GND Pin=C19-2
Added Pin To Net: NetName=A_GND Pin=C20-2
Added Pin To Net: NetName=A_GND Pin=C25-2
Added Pin To Net: NetName=A_GND Pin=C26-1
Added Pin To Net: NetName=A_GND Pin=C27-2
Added Pin To Net: NetName=A_GND Pin=C28-1
Added Pin To Net: NetName=A_GND Pin=C33-2
Added Pin To Net: NetName=A_GND Pin=C34-1
Added Pin To Net: NetName=A_GND Pin=C35-2
Added Pin To Net: NetName=A_GND Pin=C36-1
Added Pin To Net: NetName=A_GND Pin=D1-2
Added Pin To Net: NetName=A_GND Pin=J1-2
Added Pin To Net: NetName=A_GND Pin=J1-3
Added Pin To Net: NetName=A_GND Pin=MH5-1
Added Pin To Net: NetName=A_GND Pin=MH6-1
Added Pin To Net: NetName=A_GND Pin=MH7-1
Added Pin To Net: NetName=A_GND Pin=MH8-1
Added Pin To Net: NetName=A_GND Pin=P1-2
Added Pin To Net: NetName=A_GND Pin=P2-2
Added Pin To Net: NetName=A_GND Pin=P11-11
Added Pin To Net: NetName=A_GND Pin=P11-12
Added Pin To Net: NetName=A_GND Pin=P12-11
Added Pin To Net: NetName=A_GND Pin=P12-12
Added Pin To Net: NetName=A_GND Pin=T1-2
Added Pin To Net: NetName=A_GND Pin=T1-2
Added Pin To Net: NetName=A_GND Pin=T1-2
Added Pin To Net: NetName=A_GND Pin=T1-2
Added Pin To Net: NetName=A_GND Pin=T2-2
Added Net: Name=A_GND
