Change Footprint: Cannot match pads with new footprint in component :T2 Footprint:XH-M401 Voltage Regulator Module
Change Component Description : Designator=S1 Old Description=30A Short Connection
RT-S02-113-R42BR
Through Hole Rocker Switches ROHS New Description=JNQ032 (Header)
30A Short Connection Quick connect terminal Plugin  Cold-pressed?Terminals ROHS
-----
RT-S02-113-R42BR (Switch)
Through Hole Rocker Switches ROHS
Change Component Description : Designator=T1 Old Description=XL4015E1
Step-down type TO-263-5  DC-DC Converters ROHS
-----
A2541HWV-2x2P
2.54mm 2.54mm Gold Brass Straight 2x2P 4 2 Plugin,P=2.54mm  Female Headers ROHS New Description=XL4015E1 (Module)
Step-down type TO-263-5  DC-DC Converters ROHS
-----
A2541HWV-2x2P (Header)
2.54mm 2.54mm Gold Brass Straight 2x2P 4 2 Plugin,P=2.54mm  Female Headers ROHS
Change Component Description : Designator=T2 Old Description=XL4016E1
NO Step-down type 1 Step-down 1.25V~36V 8V~40V 8A 180kHz TO-220-5  DC-DC Converters ROHS
----- New Description=NO Step-down type 1 Step-down 1.25V~36V 8V~40V 8A 180kHz TO-220-5  DC-DC Converters ROHS
Added Member To Class: ClassName=Motor Member=Component P8 Header 4
Added Member To Class: ClassName=Motor Member=Component P10 Header 4
Added Member To Class: ClassName=Motor Member=Component P12 Header 12
Added Member To Class: ClassName=Motor Member=Component P14 Header 6
Added Member To Class: ClassName=Motor Member=Component P16 Header 6
