Replace Part C1 Cap Pol1 in D:\source_code\digital_twin-hardware\MotorCtrl\MotorCtrl.SchDoc with Cap Pol1 from Miscellaneous Devices.IntLib
Replace Part C2 Cap Semi in D:\source_code\digital_twin-hardware\MotorCtrl\MotorCtrl.SchDoc with Cap Semi from Miscellaneous Devices.IntLib
Replace Part C3 Cap Pol1 in D:\source_code\digital_twin-hardware\MotorCtrl\MotorCtrl.SchDoc with Cap Pol1 from Miscellaneous Devices.IntLib
Replace Part C4 Cap Semi in D:\source_code\digital_twin-hardware\MotorCtrl\MotorCtrl.SchDoc with Cap Semi from Miscellaneous Devices.IntLib
Replace Part C5 Cap Semi in D:\source_code\digital_twin-hardware\MotorCtrl\MotorCtrl.SchDoc with Cap Semi from Miscellaneous Devices.IntLib
Replace Part C6 Cap Semi in D:\source_code\digital_twin-hardware\MotorCtrl\MotorCtrl.SchDoc with Cap Semi from Miscellaneous Devices.IntLib
Replace Part C7 Cap Semi in D:\source_code\digital_twin-hardware\MotorCtrl\MotorCtrl.SchDoc with Cap Semi from Miscellaneous Devices.IntLib
Replace Part C8 Cap Semi in D:\source_code\digital_twin-hardware\MotorCtrl\MotorCtrl.SchDoc with Cap Semi from Miscellaneous Devices.IntLib
Replace Part DU1 MBRD1035CTLT4G in D:\source_code\digital_twin-hardware\MotorCtrl\MotorCtrl.SchDoc with MBRD1035CTLT4G from OWMR.SchLib
Replace Part DU2 MBRD1035CTLT4G in D:\source_code\digital_twin-hardware\MotorCtrl\MotorCtrl.SchDoc with MBRD1035CTLT4G from OWMR.SchLib
Replace Part MD1 MD02 Motor Driver in D:\source_code\digital_twin-hardware\MotorCtrl\MotorCtrl.SchDoc with MD02 Motor Driver from OWMR.SchLib
Replace Part P1 Header 7 in D:\source_code\digital_twin-hardware\MotorCtrl\MotorCtrl.SchDoc with Header 7 from Miscellaneous Connectors.IntLib
Replace Part P2 Header 12 in D:\source_code\digital_twin-hardware\MotorCtrl\MotorCtrl.SchDoc with Header 12 from Miscellaneous Connectors.IntLib
Replace Part P3 Header 4 in D:\source_code\digital_twin-hardware\MotorCtrl\MotorCtrl.SchDoc with Header 4 from Miscellaneous Connectors.IntLib
Replace Part R1 Res1 in D:\source_code\digital_twin-hardware\MotorCtrl\MotorCtrl.SchDoc with Res1 from Miscellaneous Devices.IntLib
Replace Part R2 Res1 in D:\source_code\digital_twin-hardware\MotorCtrl\MotorCtrl.SchDoc with Res1 from Miscellaneous Devices.IntLib
Replace Part R3 Res1 in D:\source_code\digital_twin-hardware\MotorCtrl\MotorCtrl.SchDoc with Res1 from Miscellaneous Devices.IntLib
Replace Part R4 Res1 in D:\source_code\digital_twin-hardware\MotorCtrl\MotorCtrl.SchDoc with Res1 from Miscellaneous Devices.IntLib
Replace Part R5 Res1 in D:\source_code\digital_twin-hardware\MotorCtrl\MotorCtrl.SchDoc with Res1 from Miscellaneous Devices.IntLib
Replace Part R6 Res1 in D:\source_code\digital_twin-hardware\MotorCtrl\MotorCtrl.SchDoc with Res1 from Miscellaneous Devices.IntLib
Replace Part R7 Res1 in D:\source_code\digital_twin-hardware\MotorCtrl\MotorCtrl.SchDoc with Res1 from Miscellaneous Devices.IntLib
Replace Part R8 Res1 in D:\source_code\digital_twin-hardware\MotorCtrl\MotorCtrl.SchDoc with Res1 from Miscellaneous Devices.IntLib
Replace Part U1 OPA4277UA/2K5 in D:\source_code\digital_twin-hardware\MotorCtrl\MotorCtrl.SchDoc with OPA4277UA/2K5 from OWMR.SchLib
Replace Part U1 OPA4277UA/2K5 in D:\source_code\digital_twin-hardware\MotorCtrl\MotorCtrl.SchDoc with OPA4277UA/2K5 from OWMR.SchLib
Replace Part U1 OPA4277UA/2K5 in D:\source_code\digital_twin-hardware\MotorCtrl\MotorCtrl.SchDoc with OPA4277UA/2K5 from OWMR.SchLib
Replace Part U1 OPA4277UA/2K5 in D:\source_code\digital_twin-hardware\MotorCtrl\MotorCtrl.SchDoc with OPA4277UA/2K5 from OWMR.SchLib
Replace Part U1 OPA4277UA/2K5 in D:\source_code\digital_twin-hardware\MotorCtrl\MotorCtrl.SchDoc with OPA4277UA/2K5 from OWMR.SchLib
