Removed Pin From Net: NetName=A_GND Pin=C1-2
Removed Pin From Net: NetName=A_GND Pin=C2-1
Removed Pin From Net: NetName=A_GND Pin=MD1-1
Removed Pin From Net: NetName=A_GND Pin=P1-2
Removed Pin From Net: NetName=A_GND Pin=R3-2
Removed Pin From Net: NetName=A_GND Pin=R4-2
Removed Pin From Net: NetName=A_GND Pin=R5-2
Removed Pin From Net: NetName=A_GND Pin=R6-2
Removed Pin From Net: NetName=A_GND Pin=U1-11
Added Pin To Net: NetName=D_GND Pin=C1-2
Added Pin To Net: NetName=D_GND Pin=C2-1
Added Pin To Net: NetName=D_GND Pin=MD1-1
Added Pin To Net: NetName=D_GND Pin=P1-2
Added Pin To Net: NetName=D_GND Pin=R3-2
Added Pin To Net: NetName=D_GND Pin=R4-2
Added Pin To Net: NetName=D_GND Pin=R5-2
Added Pin To Net: NetName=D_GND Pin=R6-2
Added Pin To Net: NetName=D_GND Pin=U1-11
Added Net: Name=D_GND
Added Member To Class: ClassName=MotorCtrl Member=Component C1 220uF
Added Member To Class: ClassName=MotorCtrl Member=Component C2 0.1uF
Added Member To Class: ClassName=MotorCtrl Member=Component C3 220uF
Added Member To Class: ClassName=MotorCtrl Member=Component C4 0.1uF
Added Member To Class: ClassName=MotorCtrl Member=Component C5 0.1uF
Added Member To Class: ClassName=MotorCtrl Member=Component C6 0.1uF
Added Member To Class: ClassName=MotorCtrl Member=Component C7 0.1uF
Added Member To Class: ClassName=MotorCtrl Member=Component C8 0.1uF
Added Member To Class: ClassName=MotorCtrl Member=Component DU1 MBRD1035CTLT4G
Added Member To Class: ClassName=MotorCtrl Member=Component DU2 MBRD1035CTLT4G
Added Member To Class: ClassName=MotorCtrl Member=Component P1 Heaader 7
Added Member To Class: ClassName=MotorCtrl Member=Component P2 Header 12
Added Member To Class: ClassName=MotorCtrl Member=Component P3 Heaader 4
Added Member To Class: ClassName=MotorCtrl Member=Component R1 12k
Added Member To Class: ClassName=MotorCtrl Member=Component R2 12k
Added Member To Class: ClassName=MotorCtrl Member=Component R3 12k
Added Member To Class: ClassName=MotorCtrl Member=Component R4 12k
Added Member To Class: ClassName=MotorCtrl Member=Component R5 3.3k
Added Member To Class: ClassName=MotorCtrl Member=Component R6 3.3k
Added Member To Class: ClassName=MotorCtrl Member=Component R7 3.3k
Added Member To Class: ClassName=MotorCtrl Member=Component R8 3.3k
Added Member To Class: ClassName=MotorCtrl Member=Component U1 OPA4277UA/2K5
Added Rule: Name=Schematic Width Constraint
