Replace Symbol from C1 Cap Pol1 in D:\source_code\digital_twin-hardware\MotorCtrl\MotorCtrl.SchDoc with Cap Pol1 from Miscellaneous Devices.IntLib
Replace Symbol from C2 Cap Semi in D:\source_code\digital_twin-hardware\MotorCtrl\MotorCtrl.SchDoc with Cap Semi from Miscellaneous Devices.IntLib
Replace Symbol from C3 Cap Pol1 in D:\source_code\digital_twin-hardware\MotorCtrl\MotorCtrl.SchDoc with Cap Pol1 from Miscellaneous Devices.IntLib
Replace Symbol from C4 Cap Semi in D:\source_code\digital_twin-hardware\MotorCtrl\MotorCtrl.SchDoc with Cap Semi from Miscellaneous Devices.IntLib
Replace Symbol from C5 Cap Semi in D:\source_code\digital_twin-hardware\MotorCtrl\MotorCtrl.SchDoc with Cap Semi from Miscellaneous Devices.IntLib
Replace Symbol from C6 Cap Semi in D:\source_code\digital_twin-hardware\MotorCtrl\MotorCtrl.SchDoc with Cap Semi from Miscellaneous Devices.IntLib
Replace Symbol from C7 Cap Semi in D:\source_code\digital_twin-hardware\MotorCtrl\MotorCtrl.SchDoc with Cap Semi from Miscellaneous Devices.IntLib
Replace Symbol from C8 Cap Semi in D:\source_code\digital_twin-hardware\MotorCtrl\MotorCtrl.SchDoc with Cap Semi from Miscellaneous Devices.IntLib
Replace Symbol from DU1 MBRD1035CTLT4G in D:\source_code\digital_twin-hardware\MotorCtrl\MotorCtrl.SchDoc with MBRD1035CTLT4G from OWMR.SchLib
Replace Symbol from DU2 MBRD1035CTLT4G in D:\source_code\digital_twin-hardware\MotorCtrl\MotorCtrl.SchDoc with MBRD1035CTLT4G from OWMR.SchLib
Replace Symbol from MD1 MD02 Motor Driver in D:\source_code\digital_twin-hardware\MotorCtrl\MotorCtrl.SchDoc with MD02 Motor Driver from OWMR.SchLib
Replace Symbol from P1 Header 7 in D:\source_code\digital_twin-hardware\MotorCtrl\MotorCtrl.SchDoc with Header 7 from Miscellaneous Connectors.IntLib
Replace Symbol from P2 Header 12 in D:\source_code\digital_twin-hardware\MotorCtrl\MotorCtrl.SchDoc with Header 12 from Miscellaneous Connectors.IntLib
Replace Symbol from P3 Header 4 in D:\source_code\digital_twin-hardware\MotorCtrl\MotorCtrl.SchDoc with Header 4 from Miscellaneous Connectors.IntLib
Replace Symbol from R1 Res1 in D:\source_code\digital_twin-hardware\MotorCtrl\MotorCtrl.SchDoc with Res1 from Miscellaneous Devices.IntLib
Replace Symbol from R2 Res1 in D:\source_code\digital_twin-hardware\MotorCtrl\MotorCtrl.SchDoc with Res1 from Miscellaneous Devices.IntLib
Replace Symbol from R3 Res1 in D:\source_code\digital_twin-hardware\MotorCtrl\MotorCtrl.SchDoc with Res1 from Miscellaneous Devices.IntLib
Replace Symbol from R4 Res1 in D:\source_code\digital_twin-hardware\MotorCtrl\MotorCtrl.SchDoc with Res1 from Miscellaneous Devices.IntLib
Replace Symbol from R5 Res1 in D:\source_code\digital_twin-hardware\MotorCtrl\MotorCtrl.SchDoc with Res1 from Miscellaneous Devices.IntLib
Replace Symbol from R6 Res1 in D:\source_code\digital_twin-hardware\MotorCtrl\MotorCtrl.SchDoc with Res1 from Miscellaneous Devices.IntLib
Replace Symbol from R7 Res1 in D:\source_code\digital_twin-hardware\MotorCtrl\MotorCtrl.SchDoc with Res1 from Miscellaneous Devices.IntLib
Replace Symbol from R8 Res1 in D:\source_code\digital_twin-hardware\MotorCtrl\MotorCtrl.SchDoc with Res1 from Miscellaneous Devices.IntLib
Replace Symbol from U1 OPA4277UA/2K5 in D:\source_code\digital_twin-hardware\MotorCtrl\MotorCtrl.SchDoc with OPA4277UA/2K5 from OWMR.SchLib
Replace Symbol from U1 OPA4277UA/2K5 in D:\source_code\digital_twin-hardware\MotorCtrl\MotorCtrl.SchDoc with OPA4277UA/2K5 from OWMR.SchLib
Replace Symbol from U1 OPA4277UA/2K5 in D:\source_code\digital_twin-hardware\MotorCtrl\MotorCtrl.SchDoc with OPA4277UA/2K5 from OWMR.SchLib
Replace Symbol from U1 OPA4277UA/2K5 in D:\source_code\digital_twin-hardware\MotorCtrl\MotorCtrl.SchDoc with OPA4277UA/2K5 from OWMR.SchLib
Replace Symbol from U1 OPA4277UA/2K5 in D:\source_code\digital_twin-hardware\MotorCtrl\MotorCtrl.SchDoc with OPA4277UA/2K5 from OWMR.SchLib
