Removed Pin From Net: NetName=A_GND Pin=C5-1
Removed Pin From Net: NetName=MA1 Pin=C5-2
Removed Pin From Net: NetName=A_GND Pin=C6-1
Removed Pin From Net: NetName=MA2 Pin=C6-2
Removed Pin From Net: NetName=A_GND Pin=C7-1
Removed Pin From Net: NetName=MB1 Pin=C7-2
Removed Pin From Net: NetName=A_GND Pin=C8-1
Removed Pin From Net: NetName=MB2 Pin=C8-2
Change Component Footprint: Designator=C5 Old Footprint=CL10B104KA8NNNC New Footprint=1210B104K500NT
Change Component Footprint: Designator=C6 Old Footprint=CL10B104KA8NNNC New Footprint=1210B104K500NT
Change Component Footprint: Designator=C7 Old Footprint=CL10B104KA8NNNC New Footprint=1210B104K500NT
Change Component Footprint: Designator=C8 Old Footprint=CL10B104KA8NNNC New Footprint=1210B104K500NT
Added Pin To Net: NetName=MA1 Pin=C5-1
Added Pin To Net: NetName=A_GND Pin=C5-2
Added Pin To Net: NetName=MA2 Pin=C6-1
Added Pin To Net: NetName=A_GND Pin=C6-2
Added Pin To Net: NetName=MB1 Pin=C7-1
Added Pin To Net: NetName=A_GND Pin=C7-2
Added Pin To Net: NetName=MB2 Pin=C8-1
Added Pin To Net: NetName=A_GND Pin=C8-2
