Change Component Designator: Old Designator=C1 New Designator=C2
Change Component Designator: Old Designator=C2 New Designator=C3
Change Component Designator: Old Designator=C3 New Designator=C4
Change Component Designator: Old Designator=C4 New Designator=C5
Change Component Designator: Old Designator=C5 New Designator=C6
Change Component Designator: Old Designator=C6 New Designator=C7
Change Component Designator: Old Designator=C7 New Designator=C8
Change Component Designator: Old Designator=C8 New Designator=C9
Change Component Designator: Old Designator=C9 New Designator=C10
Change Component Designator: Old Designator=C10 New Designator=C11
Change Component Designator: Old Designator=C11 New Designator=C12
Change Component Designator: Old Designator=D1 New Designator=D3
Change Component Designator: Old Designator=D2 New Designator=D4
Change Component Designator: Old Designator=F1 New Designator=F3
Change Component Designator: Old Designator=F2 New Designator=F4
Change Component Designator: Old Designator=J? New Designator=J1
Change Component Designator: Old Designator=P1 New Designator=P9
Change Component Designator: Old Designator=P2 New Designator=P10
Change Component Designator: Old Designator=P3 New Designator=P11
Change Component Designator: Old Designator=P4 New Designator=P12
Change Component Designator: Old Designator=S1 New Designator=S2
