Added Component: Designator=MH1(M3 Hole)
Added Component: Designator=MH2(M3 Hole)
Added Component: Designator=MH3(M3 Hole)
Added Component: Designator=MH4(M3 Hole)
Added Component: Designator=MH5(M3 Hole)
Added Component: Designator=MH6(M3 Hole)
Added Component: Designator=MH7(M3 Hole)
Added Component: Designator=MH8(M3 Hole)
Added Component: Designator=MH9(M3 Hole)
Added Component: Designator=MH10(M3 Hole)
Added Component: Designator=MH11(M3 Hole)
Added Component: Designator=MH12(M3 Hole)
Add Pin To Net: Unknown Pin: Pin J1-1A
Add Pin To Net: Unknown Pin: Pin J1-1B
Add Pin To Net: Unknown Pin: Pin J1-2A
Add Pin To Net: Unknown Pin: Pin J1-2B
Add Pin To Net: Unknown Pin: Pin J1-3A
Add Pin To Net: Unknown Pin: Pin J1-3B
Added Pin To Net: NetName=A_GND Pin=MH1-1
Added Pin To Net: NetName=A_GND Pin=MH2-1
Added Pin To Net: NetName=A_GND Pin=MH3-1
Added Pin To Net: NetName=A_GND Pin=MH4-1
Added Pin To Net: NetName=A_GND Pin=MH5-1
Added Pin To Net: NetName=A_GND Pin=MH6-1
Added Pin To Net: NetName=A_GND Pin=MH7-1
Added Pin To Net: NetName=A_GND Pin=MH8-1
Added Pin To Net: NetName=A_GND Pin=MH9-1
Added Pin To Net: NetName=A_GND Pin=MH10-1
Added Pin To Net: NetName=A_GND Pin=MH11-1
Added Pin To Net: NetName=A_GND Pin=MH12-1
Added Member To Class: ClassName=Top Member=Component MH1 M3 Hole
Added Member To Class: ClassName=Top Member=Component MH2 M3 Hole
Added Member To Class: ClassName=Top Member=Component MH3 M3 Hole
Added Member To Class: ClassName=Top Member=Component MH4 M3 Hole
Added Member To Class: ClassName=Top Member=Component MH5 M3 Hole
Added Member To Class: ClassName=Top Member=Component MH6 M3 Hole
Added Member To Class: ClassName=Top Member=Component MH7 M3 Hole
Added Member To Class: ClassName=Top Member=Component MH8 M3 Hole
Added Member To Class: ClassName=Top Member=Component MH9 M3 Hole
Added Member To Class: ClassName=Top Member=Component MH10 M3 Hole
Added Member To Class: ClassName=Top Member=Component MH11 M3 Hole
Added Member To Class: ClassName=Top Member=Component MH12 M3 Hole
Added Room: Name=Top
