Change Component Designator: Old Designator=C2 New Designator=C1
Change Component Designator: Old Designator=C3 New Designator=C2
Change Component Designator: Old Designator=C4 New Designator=C3
Change Component Designator: Old Designator=C5 New Designator=C4
Change Component Designator: Old Designator=C6 New Designator=C5
Change Component Designator: Old Designator=C7 New Designator=C6
Change Component Designator: Old Designator=C8 New Designator=C7
Change Component Designator: Old Designator=C9 New Designator=C8
Change Component Designator: Old Designator=C10 New Designator=C9
Change Component Designator: Old Designator=C11 New Designator=C10
Change Component Designator: Old Designator=C12 New Designator=C11
Change Component Designator: Old Designator=D3 New Designator=D1
Change Component Designator: Old Designator=D4 New Designator=D2
Change Component Designator: Old Designator=F3 New Designator=F1
Change Component Designator: Old Designator=F4 New Designator=F2
Change Component Designator: Old Designator=P9 New Designator=P1
Change Component Designator: Old Designator=P10 New Designator=P2
Change Component Designator: Old Designator=P11 New Designator=P3
Change Component Designator: Old Designator=P12 New Designator=P4
Change Component Designator: Old Designator=S2 New Designator=S1
