Removed Pin From Net: NetName=MA2_1 Pin=U2_1-1
Removed Pin From Net: NetName=MA1_1 Pin=U2_1-3
Removed Pin From Net: NetName=MA2_2 Pin=U2_2-1
Removed Pin From Net: NetName=MA1_2 Pin=U2_2-3
Removed Pin From Net: NetName=MB2_1 Pin=U3_1-1
Removed Pin From Net: NetName=MB1_1 Pin=U3_1-3
Removed Pin From Net: NetName=MB2_2 Pin=U3_2-1
Removed Pin From Net: NetName=MB1_2 Pin=U3_2-3
Added Pin To Net: NetName=MA1_1 Pin=U2_1-1
Added Pin To Net: NetName=MA2_1 Pin=U2_1-3
Added Pin To Net: NetName=MA1_2 Pin=U2_2-1
Added Pin To Net: NetName=MA2_2 Pin=U2_2-3
Added Pin To Net: NetName=MB1_1 Pin=U3_1-1
Added Pin To Net: NetName=MB2_1 Pin=U3_1-3
Added Pin To Net: NetName=MB1_2 Pin=U3_2-1
Added Pin To Net: NetName=MB2_2 Pin=U3_2-3
Change Rule Scope 1 : Old Scope=InNet('MB2_2') New Scope=InNet('MB2_1')
Change Rule Scope 1 : Old Scope=InNet('NetC3_1') New Scope=InNet('A_GND')
Change Rule Scope 1 : Old Scope=InNet('MB1_1') New Scope=InNet('MB2_2')
Change Rule Scope 1 : Old Scope=InNet('MB2_2') New Scope=InNet('MA1_2')
