Added Component: Designator=C10_1(0402)
Add component (AddParameter): Name = "LatestRevisionDate"; Value = "29-May-2009"; VariantName = "[No Variations]"
Add component (AddParameter): Name = "LatestRevisionNote"; Value = "IPC-7351 Footprint Added."; VariantName = "[No Variations]"
Add component (AddParameter): Name = "PackageDescription"; Value = "Chip Capacitor"; VariantName = "[No Variations]"
Add component (AddParameter): Name = "PackageReference"; Value = "C1206"; VariantName = "[No Variations]"
Add component (AddParameter): Name = "Published"; Value = "8-Jun-2000"; VariantName = "[No Variations]"
Add component (AddParameter): Name = "Publisher"; Value = "Altium Limited"; VariantName = "[No Variations]"
Add component (AddParameter): Name = "Value"; Value = "0.1uF"; VariantName = "[No Variations]"
Added Component: Designator=C10_2(0402)
Add component (AddParameter): Name = "LatestRevisionDate"; Value = "29-May-2009"; VariantName = "[No Variations]"
Add component (AddParameter): Name = "LatestRevisionNote"; Value = "IPC-7351 Footprint Added."; VariantName = "[No Variations]"
Add component (AddParameter): Name = "PackageDescription"; Value = "Chip Capacitor"; VariantName = "[No Variations]"
Add component (AddParameter): Name = "PackageReference"; Value = "C1206"; VariantName = "[No Variations]"
Add component (AddParameter): Name = "Published"; Value = "8-Jun-2000"; VariantName = "[No Variations]"
Add component (AddParameter): Name = "Publisher"; Value = "Altium Limited"; VariantName = "[No Variations]"
Add component (AddParameter): Name = "Value"; Value = "0.1uF"; VariantName = "[No Variations]"
Added Component: Designator=C11(5.5V 10F suppy cap)
Add component (AddParameter): Name = "LatestRevisionDate"; Value = "17-Jul-2002"; VariantName = "[No Variations]"
Add component (AddParameter): Name = "LatestRevisionNote"; Value = "Re-released for DXP Platform."; VariantName = "[No Variations]"
Add component (AddParameter): Name = "PackageDescription"; Value = "Polarized Capacitor (Radial); 2 Leads"; VariantName = "[No Variations]"
Add component (AddParameter): Name = "PackageReference"; Value = "RB7.6-15"; VariantName = "[No Variations]"
Add component (AddParameter): Name = "Published"; Value = "8-Jun-2000"; VariantName = "[No Variations]"
Add component (AddParameter): Name = "Publisher"; Value = "Altium Limited"; VariantName = "[No Variations]"
Added Component: Designator=C12(5.5V 10F suppy cap)
Add component (AddParameter): Name = "LatestRevisionDate"; Value = "17-Jul-2002"; VariantName = "[No Variations]"
Add component (AddParameter): Name = "LatestRevisionNote"; Value = "Re-released for DXP Platform."; VariantName = "[No Variations]"
Add component (AddParameter): Name = "PackageDescription"; Value = "Polarized Capacitor (Radial); 2 Leads"; VariantName = "[No Variations]"
Add component (AddParameter): Name = "PackageReference"; Value = "RB7.6-15"; VariantName = "[No Variations]"
Add component (AddParameter): Name = "Published"; Value = "8-Jun-2000"; VariantName = "[No Variations]"
Add component (AddParameter): Name = "Publisher"; Value = "Altium Limited"; VariantName = "[No Variations]"
Added Component: Designator=D4(0805 SMD DIode)
Add component (AddParameter): Name = "LatestRevisionDate"; Value = "08-Jul-2005"; VariantName = "[No Variations]"
Add component (AddParameter): Name = "LatestRevisionNote"; Value = "Mech Layer 1 removed."; VariantName = "[No Variations]"
Add component (AddParameter): Name = "PackageDescription"; Value = "LED; 2 Leads"; VariantName = "[No Variations]"
Add component (AddParameter): Name = "PackageReference"; Value = "LED-0"; VariantName = "[No Variations]"
Add component (AddParameter): Name = "Published"; Value = "8-Jun-2000"; VariantName = "[No Variations]"
Add component (AddParameter): Name = "Publisher"; Value = "Altium Limited"; VariantName = "[No Variations]"
Added Component: Designator=De1(De10-Nano)
Added Component: Designator=F3(SMD Fuses Holder)
Add component (AddParameter): Name = "LatestRevisionDate"; Value = "17-Jul-2002"; VariantName = "[No Variations]"
Add component (AddParameter): Name = "LatestRevisionNote"; Value = "Re-released for DXP Platform."; VariantName = "[No Variations]"
Add component (AddParameter): Name = "PackageDescription"; Value = "Thru-Hole; 2 Leads"; VariantName = "[No Variations]"
Add component (AddParameter): Name = "PackageReference"; Value = "PIN-W2/E2.8"; VariantName = "[No Variations]"
Add component (AddParameter): Name = "Published"; Value = "8-Jun-2000"; VariantName = "[No Variations]"
Add component (AddParameter): Name = "Publisher"; Value = "Altium Limited"; VariantName = "[No Variations]"
Add component (AddParameter): Name = "Value"; Value = "220V 2.5A"; VariantName = "[No Variations]"
Added Component: Designator=MD1_1(MOTOR_DRIVER)
Add component (AddParameter): Name = "buy_link"; Value = "https://www.ruten.com.tw/item/show?21811773783671"; VariantName = "[No Variations]"
Added Component: Designator=MD1_2(MOTOR_DRIVER)
Add component (AddParameter): Name = "buy_link"; Value = "https://www.ruten.com.tw/item/show?21811773783671"; VariantName = "[No Variations]"
Added Component: Designator=P2(B2B-XH-A)
Add component (AddParameter): Name = "LatestRevisionDate"; Value = "17-Jul-2002"; VariantName = "[No Variations]"
Add component (AddParameter): Name = "LatestRevisionNote"; Value = "Re-released for DXP Platform."; VariantName = "[No Variations]"
Add component (AddParameter): Name = "Publisher"; Value = "Altium Limited"; VariantName = "[No Variations]"
Added Component: Designator=P3_1(S6B-XH-A)
Add component (AddParameter): Name = "LatestRevisionDate"; Value = "17-Jul-2002"; VariantName = "[No Variations]"
Add component (AddParameter): Name = "LatestRevisionNote"; Value = "Re-released for DXP Platform."; VariantName = "[No Variations]"
Add component (AddParameter): Name = "Publisher"; Value = "Altium Limited"; VariantName = "[No Variations]"
Added Component: Designator=P3_2(S6B-XH-A)
Add component (AddParameter): Name = "LatestRevisionDate"; Value = "17-Jul-2002"; VariantName = "[No Variations]"
Add component (AddParameter): Name = "LatestRevisionNote"; Value = "Re-released for DXP Platform."; VariantName = "[No Variations]"
Add component (AddParameter): Name = "Publisher"; Value = "Altium Limited"; VariantName = "[No Variations]"
Added Component: Designator=P4_1(S6B-XH-A)
Add component (AddParameter): Name = "LatestRevisionDate"; Value = "17-Jul-2002"; VariantName = "[No Variations]"
Add component (AddParameter): Name = "LatestRevisionNote"; Value = "Re-released for DXP Platform."; VariantName = "[No Variations]"
Add component (AddParameter): Name = "Publisher"; Value = "Altium Limited"; VariantName = "[No Variations]"
Added Component: Designator=P4_2(S6B-XH-A)
Add component (AddParameter): Name = "LatestRevisionDate"; Value = "17-Jul-2002"; VariantName = "[No Variations]"
Add component (AddParameter): Name = "LatestRevisionNote"; Value = "Re-released for DXP Platform."; VariantName = "[No Variations]"
Add component (AddParameter): Name = "Publisher"; Value = "Altium Limited"; VariantName = "[No Variations]"
Added Component: Designator=P5(MPU9250)
Added Component: Designator=P6(HDR2X20)
Add component (AddParameter): Name = "LatestRevisionDate"; Value = "17-Jul-2002"; VariantName = "[No Variations]"
Add component (AddParameter): Name = "LatestRevisionNote"; Value = "Re-released for DXP Platform."; VariantName = "[No Variations]"
Add component (AddParameter): Name = "Publisher"; Value = "Altium Limited"; VariantName = "[No Variations]"
Added Component: Designator=P7(B3B-XH-A)
Add component (AddParameter): Name = "LatestRevisionDate"; Value = "17-Jul-2002"; VariantName = "[No Variations]"
Add component (AddParameter): Name = "LatestRevisionNote"; Value = "Re-released for DXP Platform."; VariantName = "[No Variations]"
Add component (AddParameter): Name = "Publisher"; Value = "Altium Limited"; VariantName = "[No Variations]"
Added Component: Designator=P9(HDR2X5)
Add component (AddParameter): Name = "LatestRevisionDate"; Value = "17-Jul-2002"; VariantName = "[No Variations]"
Add component (AddParameter): Name = "LatestRevisionNote"; Value = "Re-released for DXP Platform."; VariantName = "[No Variations]"
Add component (AddParameter): Name = "Publisher"; Value = "Altium Limited"; VariantName = "[No Variations]"
Added Component: Designator=R2_1(AXIAL-0.4)
Add component (AddParameter): Name = "LatestRevisionDate"; Value = "17-Jul-2002"; VariantName = "[No Variations]"
Add component (AddParameter): Name = "LatestRevisionNote"; Value = "Re-released for DXP Platform."; VariantName = "[No Variations]"
Add component (AddParameter): Name = "PackageDescription"; Value = "Axial Device, Thru-Hole; 2 Leads; 0.3 in Pin Spacing"; VariantName = "[No Variations]"
Add component (AddParameter): Name = "PackageReference"; Value = "AXIAL-0.3"; VariantName = "[No Variations]"
Add component (AddParameter): Name = "Published"; Value = "8-Jun-2000"; VariantName = "[No Variations]"
Add component (AddParameter): Name = "Publisher"; Value = "Altium Limited"; VariantName = "[No Variations]"
Added Component: Designator=R2_2(AXIAL-0.4)
Add component (AddParameter): Name = "LatestRevisionDate"; Value = "17-Jul-2002"; VariantName = "[No Variations]"
Add component (AddParameter): Name = "LatestRevisionNote"; Value = "Re-released for DXP Platform."; VariantName = "[No Variations]"
Add component (AddParameter): Name = "PackageDescription"; Value = "Axial Device, Thru-Hole; 2 Leads; 0.3 in Pin Spacing"; VariantName = "[No Variations]"
Add component (AddParameter): Name = "PackageReference"; Value = "AXIAL-0.3"; VariantName = "[No Variations]"
Add component (AddParameter): Name = "Published"; Value = "8-Jun-2000"; VariantName = "[No Variations]"
Add component (AddParameter): Name = "Publisher"; Value = "Altium Limited"; VariantName = "[No Variations]"
Added Component: Designator=R3_1(AXIAL-0.4)
Add component (AddParameter): Name = "LatestRevisionDate"; Value = "17-Jul-2002"; VariantName = "[No Variations]"
Add component (AddParameter): Name = "LatestRevisionNote"; Value = "Re-released for DXP Platform."; VariantName = "[No Variations]"
Add component (AddParameter): Name = "PackageDescription"; Value = "Axial Device, Thru-Hole; 2 Leads; 0.3 in Pin Spacing"; VariantName = "[No Variations]"
Add component (AddParameter): Name = "PackageReference"; Value = "AXIAL-0.3"; VariantName = "[No Variations]"
Add component (AddParameter): Name = "Published"; Value = "8-Jun-2000"; VariantName = "[No Variations]"
Add component (AddParameter): Name = "Publisher"; Value = "Altium Limited"; VariantName = "[No Variations]"
Added Component: Designator=R3_2(AXIAL-0.4)
Add component (AddParameter): Name = "LatestRevisionDate"; Value = "17-Jul-2002"; VariantName = "[No Variations]"
Add component (AddParameter): Name = "LatestRevisionNote"; Value = "Re-released for DXP Platform."; VariantName = "[No Variations]"
Add component (AddParameter): Name = "PackageDescription"; Value = "Axial Device, Thru-Hole; 2 Leads; 0.3 in Pin Spacing"; VariantName = "[No Variations]"
Add component (AddParameter): Name = "PackageReference"; Value = "AXIAL-0.3"; VariantName = "[No Variations]"
Add component (AddParameter): Name = "Published"; Value = "8-Jun-2000"; VariantName = "[No Variations]"
Add component (AddParameter): Name = "Publisher"; Value = "Altium Limited"; VariantName = "[No Variations]"
Added Component: Designator=R4_1(AXIAL-0.4)
Add component (AddParameter): Name = "LatestRevisionDate"; Value = "17-Jul-2002"; VariantName = "[No Variations]"
Add component (AddParameter): Name = "LatestRevisionNote"; Value = "Re-released for DXP Platform."; VariantName = "[No Variations]"
Add component (AddParameter): Name = "PackageDescription"; Value = "Axial Device, Thru-Hole; 2 Leads; 0.3 in Pin Spacing"; VariantName = "[No Variations]"
Add component (AddParameter): Name = "PackageReference"; Value = "AXIAL-0.3"; VariantName = "[No Variations]"
Add component (AddParameter): Name = "Published"; Value = "8-Jun-2000"; VariantName = "[No Variations]"
Add component (AddParameter): Name = "Publisher"; Value = "Altium Limited"; VariantName = "[No Variations]"
Added Component: Designator=R4_2(AXIAL-0.4)
Add component (AddParameter): Name = "LatestRevisionDate"; Value = "17-Jul-2002"; VariantName = "[No Variations]"
Add component (AddParameter): Name = "LatestRevisionNote"; Value = "Re-released for DXP Platform."; VariantName = "[No Variations]"
Add component (AddParameter): Name = "PackageDescription"; Value = "Axial Device, Thru-Hole; 2 Leads; 0.3 in Pin Spacing"; VariantName = "[No Variations]"
Add component (AddParameter): Name = "PackageReference"; Value = "AXIAL-0.3"; VariantName = "[No Variations]"
Add component (AddParameter): Name = "Published"; Value = "8-Jun-2000"; VariantName = "[No Variations]"
Add component (AddParameter): Name = "Publisher"; Value = "Altium Limited"; VariantName = "[No Variations]"
Added Component: Designator=R5_1(AXIAL-0.4)
Add component (AddParameter): Name = "LatestRevisionDate"; Value = "17-Jul-2002"; VariantName = "[No Variations]"
Add component (AddParameter): Name = "LatestRevisionNote"; Value = "Re-released for DXP Platform."; VariantName = "[No Variations]"
Add component (AddParameter): Name = "PackageDescription"; Value = "Axial Device, Thru-Hole; 2 Leads; 0.3 in Pin Spacing"; VariantName = "[No Variations]"
Add component (AddParameter): Name = "PackageReference"; Value = "AXIAL-0.3"; VariantName = "[No Variations]"
Add component (AddParameter): Name = "Published"; Value = "8-Jun-2000"; VariantName = "[No Variations]"
Add component (AddParameter): Name = "Publisher"; Value = "Altium Limited"; VariantName = "[No Variations]"
Added Component: Designator=R5_2(AXIAL-0.4)
Add component (AddParameter): Name = "LatestRevisionDate"; Value = "17-Jul-2002"; VariantName = "[No Variations]"
Add component (AddParameter): Name = "LatestRevisionNote"; Value = "Re-released for DXP Platform."; VariantName = "[No Variations]"
Add component (AddParameter): Name = "PackageDescription"; Value = "Axial Device, Thru-Hole; 2 Leads; 0.3 in Pin Spacing"; VariantName = "[No Variations]"
Add component (AddParameter): Name = "PackageReference"; Value = "AXIAL-0.3"; VariantName = "[No Variations]"
Add component (AddParameter): Name = "Published"; Value = "8-Jun-2000"; VariantName = "[No Variations]"
Add component (AddParameter): Name = "Publisher"; Value = "Altium Limited"; VariantName = "[No Variations]"
Added Component: Designator=R6_1(AXIAL-0.4)
Add component (AddParameter): Name = "LatestRevisionDate"; Value = "17-Jul-2002"; VariantName = "[No Variations]"
Add component (AddParameter): Name = "LatestRevisionNote"; Value = "Re-released for DXP Platform."; VariantName = "[No Variations]"
Add component (AddParameter): Name = "PackageDescription"; Value = "Axial Device, Thru-Hole; 2 Leads; 0.3 in Pin Spacing"; VariantName = "[No Variations]"
Add component (AddParameter): Name = "PackageReference"; Value = "AXIAL-0.3"; VariantName = "[No Variations]"
Add component (AddParameter): Name = "Published"; Value = "8-Jun-2000"; VariantName = "[No Variations]"
Add component (AddParameter): Name = "Publisher"; Value = "Altium Limited"; VariantName = "[No Variations]"
Added Component: Designator=R6_2(AXIAL-0.4)
Add component (AddParameter): Name = "LatestRevisionDate"; Value = "17-Jul-2002"; VariantName = "[No Variations]"
Add component (AddParameter): Name = "LatestRevisionNote"; Value = "Re-released for DXP Platform."; VariantName = "[No Variations]"
Add component (AddParameter): Name = "PackageDescription"; Value = "Axial Device, Thru-Hole; 2 Leads; 0.3 in Pin Spacing"; VariantName = "[No Variations]"
Add component (AddParameter): Name = "PackageReference"; Value = "AXIAL-0.3"; VariantName = "[No Variations]"
Add component (AddParameter): Name = "Published"; Value = "8-Jun-2000"; VariantName = "[No Variations]"
Add component (AddParameter): Name = "Publisher"; Value = "Altium Limited"; VariantName = "[No Variations]"
Added Component: Designator=R7_1(AXIAL-0.4)
Add component (AddParameter): Name = "LatestRevisionDate"; Value = "17-Jul-2002"; VariantName = "[No Variations]"
Add component (AddParameter): Name = "LatestRevisionNote"; Value = "Re-released for DXP Platform."; VariantName = "[No Variations]"
Add component (AddParameter): Name = "PackageDescription"; Value = "Axial Device, Thru-Hole; 2 Leads; 0.3 in Pin Spacing"; VariantName = "[No Variations]"
Add component (AddParameter): Name = "PackageReference"; Value = "AXIAL-0.3"; VariantName = "[No Variations]"
Add component (AddParameter): Name = "Published"; Value = "8-Jun-2000"; VariantName = "[No Variations]"
Add component (AddParameter): Name = "Publisher"; Value = "Altium Limited"; VariantName = "[No Variations]"
Added Component: Designator=R7_2(AXIAL-0.4)
Add component (AddParameter): Name = "LatestRevisionDate"; Value = "17-Jul-2002"; VariantName = "[No Variations]"
Add component (AddParameter): Name = "LatestRevisionNote"; Value = "Re-released for DXP Platform."; VariantName = "[No Variations]"
Add component (AddParameter): Name = "PackageDescription"; Value = "Axial Device, Thru-Hole; 2 Leads; 0.3 in Pin Spacing"; VariantName = "[No Variations]"
Add component (AddParameter): Name = "PackageReference"; Value = "AXIAL-0.3"; VariantName = "[No Variations]"
Add component (AddParameter): Name = "Published"; Value = "8-Jun-2000"; VariantName = "[No Variations]"
Add component (AddParameter): Name = "Publisher"; Value = "Altium Limited"; VariantName = "[No Variations]"
Added Component: Designator=R8_1(AXIAL-0.4)
Add component (AddParameter): Name = "LatestRevisionDate"; Value = "17-Jul-2002"; VariantName = "[No Variations]"
Add component (AddParameter): Name = "LatestRevisionNote"; Value = "Re-released for DXP Platform."; VariantName = "[No Variations]"
Add component (AddParameter): Name = "PackageDescription"; Value = "Axial Device, Thru-Hole; 2 Leads; 0.3 in Pin Spacing"; VariantName = "[No Variations]"
Add component (AddParameter): Name = "PackageReference"; Value = "AXIAL-0.3"; VariantName = "[No Variations]"
Add component (AddParameter): Name = "Published"; Value = "8-Jun-2000"; VariantName = "[No Variations]"
Add component (AddParameter): Name = "Publisher"; Value = "Altium Limited"; VariantName = "[No Variations]"
Added Component: Designator=R8_2(AXIAL-0.4)
Add component (AddParameter): Name = "LatestRevisionDate"; Value = "17-Jul-2002"; VariantName = "[No Variations]"
Add component (AddParameter): Name = "LatestRevisionNote"; Value = "Re-released for DXP Platform."; VariantName = "[No Variations]"
Add component (AddParameter): Name = "PackageDescription"; Value = "Axial Device, Thru-Hole; 2 Leads; 0.3 in Pin Spacing"; VariantName = "[No Variations]"
Add component (AddParameter): Name = "PackageReference"; Value = "AXIAL-0.3"; VariantName = "[No Variations]"
Add component (AddParameter): Name = "Published"; Value = "8-Jun-2000"; VariantName = "[No Variations]"
Add component (AddParameter): Name = "Publisher"; Value = "Altium Limited"; VariantName = "[No Variations]"
Added Component: Designator=R9_1(AXIAL-0.4)
Add component (AddParameter): Name = "LatestRevisionDate"; Value = "17-Jul-2002"; VariantName = "[No Variations]"
Add component (AddParameter): Name = "LatestRevisionNote"; Value = "Re-released for DXP Platform."; VariantName = "[No Variations]"
Add component (AddParameter): Name = "PackageDescription"; Value = "Axial Device, Thru-Hole; 2 Leads; 0.3 in Pin Spacing"; VariantName = "[No Variations]"
Add component (AddParameter): Name = "PackageReference"; Value = "AXIAL-0.3"; VariantName = "[No Variations]"
Add component (AddParameter): Name = "Published"; Value = "8-Jun-2000"; VariantName = "[No Variations]"
Add component (AddParameter): Name = "Publisher"; Value = "Altium Limited"; VariantName = "[No Variations]"
Added Component: Designator=R9_2(AXIAL-0.4)
Add component (AddParameter): Name = "LatestRevisionDate"; Value = "17-Jul-2002"; VariantName = "[No Variations]"
Add component (AddParameter): Name = "LatestRevisionNote"; Value = "Re-released for DXP Platform."; VariantName = "[No Variations]"
Add component (AddParameter): Name = "PackageDescription"; Value = "Axial Device, Thru-Hole; 2 Leads; 0.3 in Pin Spacing"; VariantName = "[No Variations]"
Add component (AddParameter): Name = "PackageReference"; Value = "AXIAL-0.3"; VariantName = "[No Variations]"
Add component (AddParameter): Name = "Published"; Value = "8-Jun-2000"; VariantName = "[No Variations]"
Add component (AddParameter): Name = "Publisher"; Value = "Altium Limited"; VariantName = "[No Variations]"
Added Component: Designator=R10_1(AXIAL-0.4)
Add component (AddParameter): Name = "LatestRevisionDate"; Value = "17-Jul-2002"; VariantName = "[No Variations]"
Add component (AddParameter): Name = "LatestRevisionNote"; Value = "Re-released for DXP Platform."; VariantName = "[No Variations]"
Add component (AddParameter): Name = "PackageDescription"; Value = "Axial Device, Thru-Hole; 2 Leads; 0.3 in Pin Spacing"; VariantName = "[No Variations]"
Add component (AddParameter): Name = "PackageReference"; Value = "AXIAL-0.3"; VariantName = "[No Variations]"
Add component (AddParameter): Name = "Published"; Value = "8-Jun-2000"; VariantName = "[No Variations]"
Add component (AddParameter): Name = "Publisher"; Value = "Altium Limited"; VariantName = "[No Variations]"
Added Component: Designator=R10_2(AXIAL-0.4)
Add component (AddParameter): Name = "LatestRevisionDate"; Value = "17-Jul-2002"; VariantName = "[No Variations]"
Add component (AddParameter): Name = "LatestRevisionNote"; Value = "Re-released for DXP Platform."; VariantName = "[No Variations]"
Add component (AddParameter): Name = "PackageDescription"; Value = "Axial Device, Thru-Hole; 2 Leads; 0.3 in Pin Spacing"; VariantName = "[No Variations]"
Add component (AddParameter): Name = "PackageReference"; Value = "AXIAL-0.3"; VariantName = "[No Variations]"
Add component (AddParameter): Name = "Published"; Value = "8-Jun-2000"; VariantName = "[No Variations]"
Add component (AddParameter): Name = "Publisher"; Value = "Altium Limited"; VariantName = "[No Variations]"
Added Component: Designator=R11_1(AXIAL-0.4)
Add component (AddParameter): Name = "LatestRevisionDate"; Value = "17-Jul-2002"; VariantName = "[No Variations]"
Add component (AddParameter): Name = "LatestRevisionNote"; Value = "Re-released for DXP Platform."; VariantName = "[No Variations]"
Add component (AddParameter): Name = "PackageDescription"; Value = "Axial Device, Thru-Hole; 2 Leads; 0.3 in Pin Spacing"; VariantName = "[No Variations]"
Add component (AddParameter): Name = "PackageReference"; Value = "AXIAL-0.3"; VariantName = "[No Variations]"
Add component (AddParameter): Name = "Published"; Value = "8-Jun-2000"; VariantName = "[No Variations]"
Add component (AddParameter): Name = "Publisher"; Value = "Altium Limited"; VariantName = "[No Variations]"
Added Component: Designator=R11_2(AXIAL-0.4)
Add component (AddParameter): Name = "LatestRevisionDate"; Value = "17-Jul-2002"; VariantName = "[No Variations]"
Add component (AddParameter): Name = "LatestRevisionNote"; Value = "Re-released for DXP Platform."; VariantName = "[No Variations]"
Add component (AddParameter): Name = "PackageDescription"; Value = "Axial Device, Thru-Hole; 2 Leads; 0.3 in Pin Spacing"; VariantName = "[No Variations]"
Add component (AddParameter): Name = "PackageReference"; Value = "AXIAL-0.3"; VariantName = "[No Variations]"
Add component (AddParameter): Name = "Published"; Value = "8-Jun-2000"; VariantName = "[No Variations]"
Add component (AddParameter): Name = "Publisher"; Value = "Altium Limited"; VariantName = "[No Variations]"
Added Component: Designator=R12_1(AXIAL-0.4)
Add component (AddParameter): Name = "LatestRevisionDate"; Value = "17-Jul-2002"; VariantName = "[No Variations]"
Add component (AddParameter): Name = "LatestRevisionNote"; Value = "Re-released for DXP Platform."; VariantName = "[No Variations]"
Add component (AddParameter): Name = "PackageDescription"; Value = "Axial Device, Thru-Hole; 2 Leads; 0.3 in Pin Spacing"; VariantName = "[No Variations]"
Add component (AddParameter): Name = "PackageReference"; Value = "AXIAL-0.3"; VariantName = "[No Variations]"
Add component (AddParameter): Name = "Published"; Value = "8-Jun-2000"; VariantName = "[No Variations]"
Add component (AddParameter): Name = "Publisher"; Value = "Altium Limited"; VariantName = "[No Variations]"
Added Component: Designator=R12_2(AXIAL-0.4)
Add component (AddParameter): Name = "LatestRevisionDate"; Value = "17-Jul-2002"; VariantName = "[No Variations]"
Add component (AddParameter): Name = "LatestRevisionNote"; Value = "Re-released for DXP Platform."; VariantName = "[No Variations]"
Add component (AddParameter): Name = "PackageDescription"; Value = "Axial Device, Thru-Hole; 2 Leads; 0.3 in Pin Spacing"; VariantName = "[No Variations]"
Add component (AddParameter): Name = "PackageReference"; Value = "AXIAL-0.3"; VariantName = "[No Variations]"
Add component (AddParameter): Name = "Published"; Value = "8-Jun-2000"; VariantName = "[No Variations]"
Add component (AddParameter): Name = "Publisher"; Value = "Altium Limited"; VariantName = "[No Variations]"
Added Component: Designator=R13_1(AXIAL-0.4)
Add component (AddParameter): Name = "LatestRevisionDate"; Value = "17-Jul-2002"; VariantName = "[No Variations]"
Add component (AddParameter): Name = "LatestRevisionNote"; Value = "Re-released for DXP Platform."; VariantName = "[No Variations]"
Add component (AddParameter): Name = "PackageDescription"; Value = "Axial Device, Thru-Hole; 2 Leads; 0.3 in Pin Spacing"; VariantName = "[No Variations]"
Add component (AddParameter): Name = "PackageReference"; Value = "AXIAL-0.3"; VariantName = "[No Variations]"
Add component (AddParameter): Name = "Published"; Value = "8-Jun-2000"; VariantName = "[No Variations]"
Add component (AddParameter): Name = "Publisher"; Value = "Altium Limited"; VariantName = "[No Variations]"
Added Component: Designator=R13_2(AXIAL-0.4)
Add component (AddParameter): Name = "LatestRevisionDate"; Value = "17-Jul-2002"; VariantName = "[No Variations]"
Add component (AddParameter): Name = "LatestRevisionNote"; Value = "Re-released for DXP Platform."; VariantName = "[No Variations]"
Add component (AddParameter): Name = "PackageDescription"; Value = "Axial Device, Thru-Hole; 2 Leads; 0.3 in Pin Spacing"; VariantName = "[No Variations]"
Add component (AddParameter): Name = "PackageReference"; Value = "AXIAL-0.3"; VariantName = "[No Variations]"
Add component (AddParameter): Name = "Published"; Value = "8-Jun-2000"; VariantName = "[No Variations]"
Add component (AddParameter): Name = "Publisher"; Value = "Altium Limited"; VariantName = "[No Variations]"
Added Component: Designator=R14_1(AXIAL-0.4)
Add component (AddParameter): Name = "LatestRevisionDate"; Value = "17-Jul-2002"; VariantName = "[No Variations]"
Add component (AddParameter): Name = "LatestRevisionNote"; Value = "Re-released for DXP Platform."; VariantName = "[No Variations]"
Add component (AddParameter): Name = "PackageDescription"; Value = "Axial Device, Thru-Hole; 2 Leads; 0.3 in Pin Spacing"; VariantName = "[No Variations]"
Add component (AddParameter): Name = "PackageReference"; Value = "AXIAL-0.3"; VariantName = "[No Variations]"
Add component (AddParameter): Name = "Published"; Value = "8-Jun-2000"; VariantName = "[No Variations]"
Add component (AddParameter): Name = "Publisher"; Value = "Altium Limited"; VariantName = "[No Variations]"
Added Component: Designator=R14_2(AXIAL-0.4)
Add component (AddParameter): Name = "LatestRevisionDate"; Value = "17-Jul-2002"; VariantName = "[No Variations]"
Add component (AddParameter): Name = "LatestRevisionNote"; Value = "Re-released for DXP Platform."; VariantName = "[No Variations]"
Add component (AddParameter): Name = "PackageDescription"; Value = "Axial Device, Thru-Hole; 2 Leads; 0.3 in Pin Spacing"; VariantName = "[No Variations]"
Add component (AddParameter): Name = "PackageReference"; Value = "AXIAL-0.3"; VariantName = "[No Variations]"
Add component (AddParameter): Name = "Published"; Value = "8-Jun-2000"; VariantName = "[No Variations]"
Add component (AddParameter): Name = "Publisher"; Value = "Altium Limited"; VariantName = "[No Variations]"
Added Component: Designator=R15_1(AXIAL-0.4)
Add component (AddParameter): Name = "LatestRevisionDate"; Value = "17-Jul-2002"; VariantName = "[No Variations]"
Add component (AddParameter): Name = "LatestRevisionNote"; Value = "Re-released for DXP Platform."; VariantName = "[No Variations]"
Add component (AddParameter): Name = "PackageDescription"; Value = "Axial Device, Thru-Hole; 2 Leads; 0.3 in Pin Spacing"; VariantName = "[No Variations]"
Add component (AddParameter): Name = "PackageReference"; Value = "AXIAL-0.3"; VariantName = "[No Variations]"
Add component (AddParameter): Name = "Published"; Value = "8-Jun-2000"; VariantName = "[No Variations]"
Add component (AddParameter): Name = "Publisher"; Value = "Altium Limited"; VariantName = "[No Variations]"
Added Component: Designator=R15_2(AXIAL-0.4)
Add component (AddParameter): Name = "LatestRevisionDate"; Value = "17-Jul-2002"; VariantName = "[No Variations]"
Add component (AddParameter): Name = "LatestRevisionNote"; Value = "Re-released for DXP Platform."; VariantName = "[No Variations]"
Add component (AddParameter): Name = "PackageDescription"; Value = "Axial Device, Thru-Hole; 2 Leads; 0.3 in Pin Spacing"; VariantName = "[No Variations]"
Add component (AddParameter): Name = "PackageReference"; Value = "AXIAL-0.3"; VariantName = "[No Variations]"
Add component (AddParameter): Name = "Published"; Value = "8-Jun-2000"; VariantName = "[No Variations]"
Add component (AddParameter): Name = "Publisher"; Value = "Altium Limited"; VariantName = "[No Variations]"
Added Component: Designator=R16_1(AXIAL-0.4)
Add component (AddParameter): Name = "LatestRevisionDate"; Value = "17-Jul-2002"; VariantName = "[No Variations]"
Add component (AddParameter): Name = "LatestRevisionNote"; Value = "Re-released for DXP Platform."; VariantName = "[No Variations]"
Add component (AddParameter): Name = "PackageDescription"; Value = "Axial Device, Thru-Hole; 2 Leads; 0.3 in Pin Spacing"; VariantName = "[No Variations]"
Add component (AddParameter): Name = "PackageReference"; Value = "AXIAL-0.3"; VariantName = "[No Variations]"
Add component (AddParameter): Name = "Published"; Value = "8-Jun-2000"; VariantName = "[No Variations]"
Add component (AddParameter): Name = "Publisher"; Value = "Altium Limited"; VariantName = "[No Variations]"
Added Component: Designator=R16_2(AXIAL-0.4)
Add component (AddParameter): Name = "LatestRevisionDate"; Value = "17-Jul-2002"; VariantName = "[No Variations]"
Add component (AddParameter): Name = "LatestRevisionNote"; Value = "Re-released for DXP Platform."; VariantName = "[No Variations]"
Add component (AddParameter): Name = "PackageDescription"; Value = "Axial Device, Thru-Hole; 2 Leads; 0.3 in Pin Spacing"; VariantName = "[No Variations]"
Add component (AddParameter): Name = "PackageReference"; Value = "AXIAL-0.3"; VariantName = "[No Variations]"
Add component (AddParameter): Name = "Published"; Value = "8-Jun-2000"; VariantName = "[No Variations]"
Add component (AddParameter): Name = "Publisher"; Value = "Altium Limited"; VariantName = "[No Variations]"
Added Component: Designator=R17_1(AXIAL-0.4)
Add component (AddParameter): Name = "LatestRevisionDate"; Value = "17-Jul-2002"; VariantName = "[No Variations]"
Add component (AddParameter): Name = "LatestRevisionNote"; Value = "Re-released for DXP Platform."; VariantName = "[No Variations]"
Add component (AddParameter): Name = "PackageDescription"; Value = "Axial Device, Thru-Hole; 2 Leads; 0.3 in Pin Spacing"; VariantName = "[No Variations]"
Add component (AddParameter): Name = "PackageReference"; Value = "AXIAL-0.3"; VariantName = "[No Variations]"
Add component (AddParameter): Name = "Published"; Value = "8-Jun-2000"; VariantName = "[No Variations]"
Add component (AddParameter): Name = "Publisher"; Value = "Altium Limited"; VariantName = "[No Variations]"
Added Component: Designator=R17_2(AXIAL-0.4)
Add component (AddParameter): Name = "LatestRevisionDate"; Value = "17-Jul-2002"; VariantName = "[No Variations]"
Add component (AddParameter): Name = "LatestRevisionNote"; Value = "Re-released for DXP Platform."; VariantName = "[No Variations]"
Add component (AddParameter): Name = "PackageDescription"; Value = "Axial Device, Thru-Hole; 2 Leads; 0.3 in Pin Spacing"; VariantName = "[No Variations]"
Add component (AddParameter): Name = "PackageReference"; Value = "AXIAL-0.3"; VariantName = "[No Variations]"
Add component (AddParameter): Name = "Published"; Value = "8-Jun-2000"; VariantName = "[No Variations]"
Add component (AddParameter): Name = "Publisher"; Value = "Altium Limited"; VariantName = "[No Variations]"
Added Component: Designator=R18(0603 SMD Res)
Add component (AddParameter): Name = "LatestRevisionDate"; Value = "17-Jul-2002"; VariantName = "[No Variations]"
Add component (AddParameter): Name = "LatestRevisionNote"; Value = "Re-released for DXP Platform."; VariantName = "[No Variations]"
Add component (AddParameter): Name = "PackageDescription"; Value = "Axial Device, Thru-Hole; 2 Leads; 0.3 in Pin Spacing"; VariantName = "[No Variations]"
Add component (AddParameter): Name = "PackageReference"; Value = "AXIAL-0.3"; VariantName = "[No Variations]"
Add component (AddParameter): Name = "Published"; Value = "8-Jun-2000"; VariantName = "[No Variations]"
Add component (AddParameter): Name = "Publisher"; Value = "Altium Limited"; VariantName = "[No Variations]"
Add component (AddParameter): Name = "Value"; Value = "150K"; VariantName = "[No Variations]"
Added Component: Designator=U1_1(OPA4277UA)
Add component (AddParameter): Name = "buy_link"; Value = "https://www.ruten.com.tw/item/show?22015419000992"; VariantName = "[No Variations]"
Add component (AddParameter): Name = "datasheet"; Value = "https://datasheet.ciiva.com/27050/905643-27050822.pdf?src-supplier=Jameco"; VariantName = "[No Variations]"
Added Component: Designator=U1_2(OPA4277UA)
Add component (AddParameter): Name = "buy_link"; Value = "https://www.ruten.com.tw/item/show?22015419000992"; VariantName = "[No Variations]"
Add component (AddParameter): Name = "datasheet"; Value = "https://datasheet.ciiva.com/27050/905643-27050822.pdf?src-supplier=Jameco"; VariantName = "[No Variations]"
Added Component: Designator=U2_1(MBRD1035CTL)
Add component (AddParameter): Name = "buy_link"; Value = "https://www.ruten.com.tw/item/show?21744290003226"; VariantName = "[No Variations]"
Add component (AddParameter): Name = "datasheet"; Value = "https://datasheet.ciiva.com/905/mbrd1035ctl-d-905952.pdf?src-supplier=Digi-Key"; VariantName = "[No Variations]"
Added Component: Designator=U2_2(MBRD1035CTL)
Add component (AddParameter): Name = "buy_link"; Value = "https://www.ruten.com.tw/item/show?21744290003226"; VariantName = "[No Variations]"
Add component (AddParameter): Name = "datasheet"; Value = "https://datasheet.ciiva.com/905/mbrd1035ctl-d-905952.pdf?src-supplier=Digi-Key"; VariantName = "[No Variations]"
Added Component: Designator=U3_1(MBRD1035CTL)
Add component (AddParameter): Name = "buy_link"; Value = "https://www.ruten.com.tw/item/show?21744290003226"; VariantName = "[No Variations]"
Add component (AddParameter): Name = "datasheet"; Value = "https://datasheet.ciiva.com/905/mbrd1035ctl-d-905952.pdf?src-supplier=Digi-Key"; VariantName = "[No Variations]"
Added Component: Designator=U3_2(MBRD1035CTL)
Add component (AddParameter): Name = "buy_link"; Value = "https://www.ruten.com.tw/item/show?21744290003226"; VariantName = "[No Variations]"
Add component (AddParameter): Name = "datasheet"; Value = "https://datasheet.ciiva.com/905/mbrd1035ctl-d-905952.pdf?src-supplier=Digi-Key"; VariantName = "[No Variations]"
Added Pin To Net: NetName=3P3 Pin=C10_1-1
Added Pin To Net: NetName=A_GND Pin=C10_1-2
Added Pin To Net: NetName=3P3 Pin=C10_2-1
Added Pin To Net: NetName=A_GND Pin=C10_2-2
Added Pin To Net: NetName=5V Pin=C11-1
Added Pin To Net: NetName=D_GND Pin=C11-2
Added Pin To Net: NetName=5V Pin=C12-1
Added Pin To Net: NetName=D_GND Pin=C12-2
Added Pin To Net: NetName=NetD4_1 Pin=D4-1
Added Pin To Net: NetName=D_GND Pin=D4-2
Added Pin To Net: NetName=D_GND Pin=De1-1
Added Pin To Net: NetName=D_GND Pin=De1-1
Added Pin To Net: NetName=D_GND Pin=De1-1
Added Pin To Net: NetName=D_GND Pin=De1-1
Added Pin To Net: NetName=5V Pin=F3-1
Added Pin To Net: NetName=NetF3_2 Pin=F3-2
Add Pin To Net: Unknown Pin: Pin J1-1A
Add Pin To Net: Unknown Pin: Pin J1-1B
Add Pin To Net: Unknown Pin: Pin J1-2A
Add Pin To Net: Unknown Pin: Pin J1-2B
Add Pin To Net: Unknown Pin: Pin J1-3A
Add Pin To Net: Unknown Pin: Pin J1-3B
Added Pin To Net: NetName=D_GND Pin=MD1_1-1
Added Pin To Net: NetName=MA_DIR1 Pin=MD1_1-2
Added Pin To Net: NetName=MB_DIR1 Pin=MD1_1-3
Added Pin To Net: NetName=MA_PWM1 Pin=MD1_1-4
Added Pin To Net: NetName=MB_PWM1 Pin=MD1_1-5
Added Pin To Net: NetName=Drive_EN1 Pin=MD1_1-6
Added Pin To Net: NetName=CSA_Origin_1 Pin=MD1_1-7
Added Pin To Net: NetName=CSB_Origin_1 Pin=MD1_1-8
Added Pin To Net: NetName=12V Pin=MD1_1-9
Added Pin To Net: NetName=12V Pin=MD1_1-9
Added Pin To Net: NetName=MA1_1 Pin=MD1_1-10
Added Pin To Net: NetName=MA1_1 Pin=MD1_1-10
Added Pin To Net: NetName=MA2_1 Pin=MD1_1-11
Added Pin To Net: NetName=MA2_1 Pin=MD1_1-11
Added Pin To Net: NetName=MB1_1 Pin=MD1_1-12
Added Pin To Net: NetName=MB1_1 Pin=MD1_1-12
Added Pin To Net: NetName=MB2_1 Pin=MD1_1-13
Added Pin To Net: NetName=MB2_1 Pin=MD1_1-13
Added Pin To Net: NetName=A_GND Pin=MD1_1-14
Added Pin To Net: NetName=A_GND Pin=MD1_1-14
Added Pin To Net: NetName=D_GND Pin=MD1_2-1
Added Pin To Net: NetName=MA_DIR2 Pin=MD1_2-2
Added Pin To Net: NetName=MB_DIR2 Pin=MD1_2-3
Added Pin To Net: NetName=MA_PWM2 Pin=MD1_2-4
Added Pin To Net: NetName=MB_PWM2 Pin=MD1_2-5
Added Pin To Net: NetName=Drive_EN2 Pin=MD1_2-6
Added Pin To Net: NetName=CSA_Origin_2 Pin=MD1_2-7
Added Pin To Net: NetName=CSB_Origin_2 Pin=MD1_2-8
Added Pin To Net: NetName=12V Pin=MD1_2-9
Added Pin To Net: NetName=12V Pin=MD1_2-9
Added Pin To Net: NetName=MA1_2 Pin=MD1_2-10
Added Pin To Net: NetName=MA1_2 Pin=MD1_2-10
Added Pin To Net: NetName=MA2_2 Pin=MD1_2-11
Added Pin To Net: NetName=MA2_2 Pin=MD1_2-11
Added Pin To Net: NetName=MB1_2 Pin=MD1_2-12
Added Pin To Net: NetName=MB1_2 Pin=MD1_2-12
Added Pin To Net: NetName=MB2_2 Pin=MD1_2-13
Added Pin To Net: NetName=MB2_2 Pin=MD1_2-13
Added Pin To Net: NetName=A_GND Pin=MD1_2-14
Added Pin To Net: NetName=A_GND Pin=MD1_2-14
Added Pin To Net: NetName=NetF1_1 Pin=P2-1
Added Pin To Net: NetName=B_GND Pin=P2-2
Added Pin To Net: NetName=MA1_1 Pin=P3_1-1
Added Pin To Net: NetName=D_GND Pin=P3_1-2
Added Pin To Net: NetName=MA_phaseA1 Pin=P3_1-3
Added Pin To Net: NetName=MA_phaseB1 Pin=P3_1-4
Added Pin To Net: NetName=3P3 Pin=P3_1-5
Added Pin To Net: NetName=MA2_1 Pin=P3_1-6
Added Pin To Net: NetName=MA1_2 Pin=P3_2-1
Added Pin To Net: NetName=D_GND Pin=P3_2-2
Added Pin To Net: NetName=MA_phaseA2 Pin=P3_2-3
Added Pin To Net: NetName=MA_phaseB2 Pin=P3_2-4
Added Pin To Net: NetName=3P3 Pin=P3_2-5
Added Pin To Net: NetName=MA2_2 Pin=P3_2-6
Added Pin To Net: NetName=MB1_1 Pin=P4_1-1
Added Pin To Net: NetName=D_GND Pin=P4_1-2
Added Pin To Net: NetName=MB_phaseA1 Pin=P4_1-3
Added Pin To Net: NetName=MB_phaseB1 Pin=P4_1-4
Added Pin To Net: NetName=3P3 Pin=P4_1-5
Added Pin To Net: NetName=MB2_1 Pin=P4_1-6
Added Pin To Net: NetName=MB1_2 Pin=P4_2-1
Added Pin To Net: NetName=D_GND Pin=P4_2-2
Added Pin To Net: NetName=MB_phaseA2 Pin=P4_2-3
Added Pin To Net: NetName=MB_phaseB2 Pin=P4_2-4
Added Pin To Net: NetName=3P3 Pin=P4_2-5
Added Pin To Net: NetName=MB2_2 Pin=P4_2-6
Added Pin To Net: NetName=3P3 Pin=P5-1
Added Pin To Net: NetName=D_GND Pin=P5-2
Added Pin To Net: NetName=IMU_SCL Pin=P5-3
Added Pin To Net: NetName=IMU_SDA Pin=P5-4
Added Pin To Net: NetName=MA_DIR1 Pin=P6-2
Added Pin To Net: NetName=UART_RX Pin=P6-3
Added Pin To Net: NetName=MA_PWM1 Pin=P6-4
Added Pin To Net: NetName=UART_TX Pin=P6-5
Added Pin To Net: NetName=MB_DIR1 Pin=P6-6
Added Pin To Net: NetName=IMU_SCL Pin=P6-7
Added Pin To Net: NetName=MB_PWM1 Pin=P6-8
Added Pin To Net: NetName=IMU_SDA Pin=P6-9
Added Pin To Net: NetName=Drive_EN1 Pin=P6-10
Added Pin To Net: NetName=NetF3_2 Pin=P6-11
Added Pin To Net: NetName=D_GND Pin=P6-12
Added Pin To Net: NetName=MA_phaseA1 Pin=P6-14
Added Pin To Net: NetName=MA_phaseB1 Pin=P6-16
Added Pin To Net: NetName=MB_phaseA1 Pin=P6-18
Added Pin To Net: NetName=MB_phaseB1 Pin=P6-20
Added Pin To Net: NetName=MA_DIR2 Pin=P6-22
Added Pin To Net: NetName=MA_PWM2 Pin=P6-24
Added Pin To Net: NetName=MB_DIR2 Pin=P6-26
Added Pin To Net: NetName=MB_PWM2 Pin=P6-28
Added Pin To Net: NetName=D_GND Pin=P6-30
Added Pin To Net: NetName=Drive_EN2 Pin=P6-32
Added Pin To Net: NetName=MA_phaseA2 Pin=P6-34
Added Pin To Net: NetName=MA_phaseB2 Pin=P6-36
Added Pin To Net: NetName=MB_phaseA2 Pin=P6-38
Added Pin To Net: NetName=MB_phaseB2 Pin=P6-40
Added Pin To Net: NetName=UART_RX Pin=P7-1
Added Pin To Net: NetName=UART_TX Pin=P7-2
Added Pin To Net: NetName=D_GND Pin=P7-3
Added Pin To Net: NetName=5V Pin=P9-1
Added Pin To Net: NetName=MA_V1 Pin=P9-2
Added Pin To Net: NetName=MA_V2 Pin=P9-3
Added Pin To Net: NetName=MB_V1 Pin=P9-4
Added Pin To Net: NetName=MB_V2 Pin=P9-5
Added Pin To Net: NetName=CSA_FeedBack1 Pin=P9-6
Added Pin To Net: NetName=CSA_FeedBack2 Pin=P9-7
Added Pin To Net: NetName=CSB_FeedBack1 Pin=P9-8
Added Pin To Net: NetName=CSB_FeedBack2 Pin=P9-9
Added Pin To Net: NetName=D_GND Pin=P9-10
Added Pin To Net: NetName=VSA_Origin_1 Pin=R2_1-1
Added Pin To Net: NetName=OPA_A+_1 Pin=R2_1-2
Added Pin To Net: NetName=VSA_Origin_2 Pin=R2_2-1
Added Pin To Net: NetName=OPA_A+_2 Pin=R2_2-2
Added Pin To Net: NetName=OPA_A+_1 Pin=R3_1-1
Added Pin To Net: NetName=A_GND Pin=R3_1-2
Added Pin To Net: NetName=OPA_A+_2 Pin=R3_2-1
Added Pin To Net: NetName=A_GND Pin=R3_2-2
Added Pin To Net: NetName=VSB_Origin_1 Pin=R4_1-1
Added Pin To Net: NetName=OPA_B+_1 Pin=R4_1-2
Added Pin To Net: NetName=VSB_Origin_2 Pin=R4_2-1
Added Pin To Net: NetName=OPA_B+_2 Pin=R4_2-2
Added Pin To Net: NetName=OPA_B+_1 Pin=R5_1-1
Added Pin To Net: NetName=A_GND Pin=R5_1-2
Added Pin To Net: NetName=OPA_B+_2 Pin=R5_2-1
Added Pin To Net: NetName=A_GND Pin=R5_2-2
Added Pin To Net: NetName=OPA_A-_1 Pin=R6_1-1
Added Pin To Net: NetName=MA_V1 Pin=R6_1-2
Added Pin To Net: NetName=OPA_A-_2 Pin=R6_2-1
Added Pin To Net: NetName=MA_V2 Pin=R6_2-2
Added Pin To Net: NetName=A_GND Pin=R7_1-1
Added Pin To Net: NetName=OPA_A-_1 Pin=R7_1-2
Added Pin To Net: NetName=A_GND Pin=R7_2-1
Added Pin To Net: NetName=OPA_A-_2 Pin=R7_2-2
Added Pin To Net: NetName=OPA_B-_1 Pin=R8_1-1
Added Pin To Net: NetName=MB_V1 Pin=R8_1-2
Added Pin To Net: NetName=OPA_B-_2 Pin=R8_2-1
Added Pin To Net: NetName=MB_V2 Pin=R8_2-2
Added Pin To Net: NetName=A_GND Pin=R9_1-1
Added Pin To Net: NetName=OPA_B-_1 Pin=R9_1-2
Added Pin To Net: NetName=A_GND Pin=R9_2-1
Added Pin To Net: NetName=OPA_B-_2 Pin=R9_2-2
Added Pin To Net: NetName=CSA_Origin_1 Pin=R10_1-1
Added Pin To Net: NetName=OPA_D+_1 Pin=R10_1-2
Added Pin To Net: NetName=CSA_Origin_2 Pin=R10_2-1
Added Pin To Net: NetName=OPA_D+_2 Pin=R10_2-2
Added Pin To Net: NetName=OPA_D+_1 Pin=R11_1-1
Added Pin To Net: NetName=A_GND Pin=R11_1-2
Added Pin To Net: NetName=OPA_D+_2 Pin=R11_2-1
Added Pin To Net: NetName=A_GND Pin=R11_2-2
Added Pin To Net: NetName=CSB_Origin_1 Pin=R12_1-1
Added Pin To Net: NetName=OPA_C+_1 Pin=R12_1-2
Added Pin To Net: NetName=CSB_Origin_2 Pin=R12_2-1
Added Pin To Net: NetName=OPA_C+_2 Pin=R12_2-2
Added Pin To Net: NetName=OPA_C+_1 Pin=R13_1-1
Added Pin To Net: NetName=A_GND Pin=R13_1-2
Added Pin To Net: NetName=OPA_C+_2 Pin=R13_2-1
Added Pin To Net: NetName=A_GND Pin=R13_2-2
Added Pin To Net: NetName=OPA_D-_1 Pin=R14_1-1
Added Pin To Net: NetName=CSA_FeedBack1 Pin=R14_1-2
Added Pin To Net: NetName=OPA_D-_2 Pin=R14_2-1
Added Pin To Net: NetName=CSA_FeedBack2 Pin=R14_2-2
Added Pin To Net: NetName=A_GND Pin=R15_1-1
Added Pin To Net: NetName=OPA_D-_1 Pin=R15_1-2
Added Pin To Net: NetName=A_GND Pin=R15_2-1
Added Pin To Net: NetName=OPA_D-_2 Pin=R15_2-2
Added Pin To Net: NetName=OPA_C-_1 Pin=R16_1-1
Added Pin To Net: NetName=CSB_FeedBack1 Pin=R16_1-2
Added Pin To Net: NetName=OPA_C-_2 Pin=R16_2-1
Added Pin To Net: NetName=CSB_FeedBack2 Pin=R16_2-2
Added Pin To Net: NetName=A_GND Pin=R17_1-1
Added Pin To Net: NetName=OPA_C-_1 Pin=R17_1-2
Added Pin To Net: NetName=A_GND Pin=R17_2-1
Added Pin To Net: NetName=OPA_C-_2 Pin=R17_2-2
Added Pin To Net: NetName=NetD4_1 Pin=R18-1
Added Pin To Net: NetName=5V Pin=R18-2
Added Pin To Net: NetName=MA_V1 Pin=U1_1-1
Added Pin To Net: NetName=OPA_A-_1 Pin=U1_1-2
Added Pin To Net: NetName=OPA_A+_1 Pin=U1_1-3
Added Pin To Net: NetName=3P3 Pin=U1_1-4
Added Pin To Net: NetName=OPA_B+_1 Pin=U1_1-5
Added Pin To Net: NetName=OPA_B-_1 Pin=U1_1-6
Added Pin To Net: NetName=MB_V1 Pin=U1_1-7
Added Pin To Net: NetName=CSB_FeedBack1 Pin=U1_1-8
Added Pin To Net: NetName=OPA_C-_1 Pin=U1_1-9
Added Pin To Net: NetName=OPA_C+_1 Pin=U1_1-10
Added Pin To Net: NetName=A_GND Pin=U1_1-11
Added Pin To Net: NetName=OPA_D+_1 Pin=U1_1-12
Added Pin To Net: NetName=OPA_D-_1 Pin=U1_1-13
Added Pin To Net: NetName=CSA_FeedBack1 Pin=U1_1-14
Added Pin To Net: NetName=MA_V2 Pin=U1_2-1
Added Pin To Net: NetName=OPA_A-_2 Pin=U1_2-2
Added Pin To Net: NetName=OPA_A+_2 Pin=U1_2-3
Added Pin To Net: NetName=3P3 Pin=U1_2-4
Added Pin To Net: NetName=OPA_B+_2 Pin=U1_2-5
Added Pin To Net: NetName=OPA_B-_2 Pin=U1_2-6
Added Pin To Net: NetName=MB_V2 Pin=U1_2-7
Added Pin To Net: NetName=CSB_FeedBack2 Pin=U1_2-8
Added Pin To Net: NetName=OPA_C-_2 Pin=U1_2-9
Added Pin To Net: NetName=OPA_C+_2 Pin=U1_2-10
Added Pin To Net: NetName=A_GND Pin=U1_2-11
Added Pin To Net: NetName=OPA_D+_2 Pin=U1_2-12
Added Pin To Net: NetName=OPA_D-_2 Pin=U1_2-13
Added Pin To Net: NetName=CSA_FeedBack2 Pin=U1_2-14
Added Pin To Net: NetName=MA1_1 Pin=U2_1-1
Added Pin To Net: NetName=MA2_1 Pin=U2_1-3
Added Pin To Net: NetName=VSA_Origin_1 Pin=U2_1-4
Added Pin To Net: NetName=MA1_2 Pin=U2_2-1
Added Pin To Net: NetName=MA2_2 Pin=U2_2-3
Added Pin To Net: NetName=VSA_Origin_2 Pin=U2_2-4
Added Pin To Net: NetName=MB1_1 Pin=U3_1-1
Added Pin To Net: NetName=MB2_1 Pin=U3_1-3
Added Pin To Net: NetName=VSB_Origin_1 Pin=U3_1-4
Added Pin To Net: NetName=MB1_2 Pin=U3_2-1
Added Pin To Net: NetName=MB2_2 Pin=U3_2-3
Added Pin To Net: NetName=VSB_Origin_2 Pin=U3_2-4
Added Member To Class: ClassName=MotorCtrl1 Member=Component C10_1 (C10) 0402 SMD MLCC
Added Member To Class: ClassName=MotorCtrl2 Member=Component C10_2 (C10) 0402 SMD MLCC
Added Member To Class: ClassName=Communication Member=Component C11 5.5v 10f
Added Member To Class: ClassName=Communication Member=Component C12 5.5v 10f
Added Member To Class: ClassName=Communication Member=Component D4 0805 LED(G)
Added Member To Class: ClassName=Communication Member=Component De1 De10-Nano
Added Member To Class: ClassName=Communication Member=Component F3 Fuse Holder
Added Member To Class: ClassName=MotorCtrl1 Member=Component MD1_1 (MD1) MD02
Added Member To Class: ClassName=MotorCtrl2 Member=Component MD1_2 (MD1) MD02
Added Member To Class: ClassName=Power Member=Component P2 battery_display
Added Member To Class: ClassName=MotorCtrl1 Member=Component P3_1 (P3) MA_Pin
Added Member To Class: ClassName=MotorCtrl2 Member=Component P3_2 (P3) MA_Pin
Added Member To Class: ClassName=MotorCtrl1 Member=Component P4_1 (P4) MB_Pin
Added Member To Class: ClassName=MotorCtrl2 Member=Component P4_2 (P4) MB_Pin
Added Member To Class: ClassName=Communication Member=Component P5 MPU9250
Added Member To Class: ClassName=Communication Member=Component P6 GPIO_1(JP2)
Added Member To Class: ClassName=Communication Member=Component P7 UART_Pin
Added Member To Class: ClassName=Communication Member=Component P8 RPi Power
Added Member To Class: ClassName=Communication Member=Component P9 Header 5X2
Added Member To Class: ClassName=MotorCtrl1 Member=Component R2_1 (R2) 120k
Added Member To Class: ClassName=MotorCtrl2 Member=Component R2_2 (R2) 120k
Added Member To Class: ClassName=MotorCtrl1 Member=Component R3_1 (R3) 33k
Added Member To Class: ClassName=MotorCtrl2 Member=Component R3_2 (R3) 33k
Added Member To Class: ClassName=MotorCtrl1 Member=Component R4_1 (R4) 120k
Added Member To Class: ClassName=MotorCtrl2 Member=Component R4_2 (R4) 120k
Added Member To Class: ClassName=MotorCtrl1 Member=Component R5_1 (R5) 33k
Added Member To Class: ClassName=MotorCtrl2 Member=Component R5_2 (R5) 33k
Added Member To Class: ClassName=MotorCtrl1 Member=Component R6_1 (R6) 33k
Added Member To Class: ClassName=MotorCtrl2 Member=Component R6_2 (R6) 33k
Added Member To Class: ClassName=MotorCtrl1 Member=Component R7_1 (R7) 120k
Added Member To Class: ClassName=MotorCtrl2 Member=Component R7_2 (R7) 120k
Added Member To Class: ClassName=MotorCtrl1 Member=Component R8_1 (R8) 33k
Added Member To Class: ClassName=MotorCtrl2 Member=Component R8_2 (R8) 33k
Added Member To Class: ClassName=MotorCtrl1 Member=Component R9_1 (R9) 120k
Added Member To Class: ClassName=MotorCtrl2 Member=Component R9_2 (R9) 120k
Added Member To Class: ClassName=MotorCtrl1 Member=Component R10_1 (R10) 120k
Added Member To Class: ClassName=MotorCtrl2 Member=Component R10_2 (R10) 120k
Added Member To Class: ClassName=MotorCtrl1 Member=Component R11_1 (R11) 33k
Added Member To Class: ClassName=MotorCtrl2 Member=Component R11_2 (R11) 33k
Added Member To Class: ClassName=MotorCtrl1 Member=Component R12_1 (R12) 120k
Added Member To Class: ClassName=MotorCtrl2 Member=Component R12_2 (R12) 120k
Added Member To Class: ClassName=MotorCtrl1 Member=Component R13_1 (R13) 33k
Added Member To Class: ClassName=MotorCtrl2 Member=Component R13_2 (R13) 33k
Added Member To Class: ClassName=MotorCtrl1 Member=Component R14_1 (R14) 33k
Added Member To Class: ClassName=MotorCtrl2 Member=Component R14_2 (R14) 33k
Added Member To Class: ClassName=MotorCtrl1 Member=Component R15_1 (R15) 120k
Added Member To Class: ClassName=MotorCtrl2 Member=Component R15_2 (R15) 120k
Added Member To Class: ClassName=MotorCtrl1 Member=Component R16_1 (R16) 33k
Added Member To Class: ClassName=MotorCtrl2 Member=Component R16_2 (R16) 33k
Added Member To Class: ClassName=MotorCtrl1 Member=Component R17_1 (R17) 120k
Added Member To Class: ClassName=MotorCtrl2 Member=Component R17_2 (R17) 120k
Added Member To Class: ClassName=Communication Member=Component R18 0603
Added Member To Class: ClassName=MotorCtrl1 Member=Component U1_1 (U1) OPA4277UA
Added Member To Class: ClassName=MotorCtrl2 Member=Component U1_2 (U1) OPA4277UA
Added Member To Class: ClassName=MotorCtrl1 Member=Component U2_1 (U2) MBRD1035CTL
Added Member To Class: ClassName=MotorCtrl2 Member=Component U2_2 (U2) MBRD1035CTL
Added Member To Class: ClassName=MotorCtrl1 Member=Component U3_1 (U3) MBRD1035CTL
Added Member To Class: ClassName=MotorCtrl2 Member=Component U3_2 (U3) MBRD1035CTL
