Removed Pin From Net: NetName=CSB_FeedBack1 Pin=U1_1-8
Removed Pin From Net: NetName=CSB_FeedBack1 Pin=U1_1-9
Removed Pin From Net: NetName=CSB_Origin_1 Pin=U1_1-10
Removed Pin From Net: NetName=CSA_Origin_1 Pin=U1_1-12
Removed Pin From Net: NetName=CSA_FeedBack1 Pin=U1_1-13
Removed Pin From Net: NetName=CSA_FeedBack1 Pin=U1_1-14
Removed Pin From Net: NetName=CSB_FeedBack2 Pin=U1_2-8
Removed Pin From Net: NetName=CSB_FeedBack2 Pin=U1_2-9
Removed Pin From Net: NetName=CSB_Origin_2 Pin=U1_2-10
Removed Pin From Net: NetName=CSA_Origin_2 Pin=U1_2-12
Removed Pin From Net: NetName=CSA_FeedBack2 Pin=U1_2-13
Removed Pin From Net: NetName=CSA_FeedBack2 Pin=U1_2-14
Added Pin To Net: NetName=CSA_FeedBack1 Pin=U1_1-8
Added Pin To Net: NetName=CSA_FeedBack1 Pin=U1_1-9
Added Pin To Net: NetName=CSA_Origin_1 Pin=U1_1-10
Added Pin To Net: NetName=CSB_Origin_1 Pin=U1_1-12
Added Pin To Net: NetName=CSB_FeedBack1 Pin=U1_1-13
Added Pin To Net: NetName=CSB_FeedBack1 Pin=U1_1-14
Added Pin To Net: NetName=CSA_FeedBack2 Pin=U1_2-8
Added Pin To Net: NetName=CSA_FeedBack2 Pin=U1_2-9
Added Pin To Net: NetName=CSA_Origin_2 Pin=U1_2-10
Added Pin To Net: NetName=CSB_Origin_2 Pin=U1_2-12
Added Pin To Net: NetName=CSB_FeedBack2 Pin=U1_2-13
Added Pin To Net: NetName=CSB_FeedBack2 Pin=U1_2-14
