Removed Pin From Net: NetName=5V Pin=C11-1
Removed Pin From Net: NetName=D_GND Pin=C11-2
Removed Pin From Net: NetName=5V Pin=C12-1
Removed Pin From Net: NetName=D_GND Pin=C12-2
Removed Pin From Net: NetName=D_GND Pin=D4-2
Removed Pin From Net: NetName=D_GND Pin=D5-2
Removed Pin From Net: NetName=De10-Power Pin=R10-2
Removed Pin From Net: NetName=NetF4_2 Pin=R11-2
Removed Member From Class: ClassName=Communication Member=C11
Removed Member From Class: ClassName=Communication Member=C12
Removed Member From Class: ClassName=Communication Member=D4
Removed Member From Class: ClassName=Communication Member=D5
Removed Member From Class: ClassName=Communication Member=R10
Removed Member From Class: ClassName=Communication Member=R11
Removed Member From Class: ClassName=De10_power Member=NetD4_1
Removed Member From Class: ClassName=De10_power Member=NetD5_1
Added Component: Designator=C?(5.5V 10F suppy cap)
Add component (AddParameter): Name = "LatestRevisionDate"; Value = "17-Jul-2002"; VariantName = "[No Variations]"
Add component (AddParameter): Name = "LatestRevisionNote"; Value = "Re-released for DXP Platform."; VariantName = "[No Variations]"
Add component (AddParameter): Name = "PackageDescription"; Value = "Polarized Capacitor (Radial); 2 Leads"; VariantName = "[No Variations]"
Add component (AddParameter): Name = "PackageReference"; Value = "RB7.6-15"; VariantName = "[No Variations]"
Add component (AddParameter): Name = "Published"; Value = "8-Jun-2000"; VariantName = "[No Variations]"
Add component (AddParameter): Name = "Publisher"; Value = "Altium Limited"; VariantName = "[No Variations]"
Added Component: Designator=D?(0805 SMD DIode)
Add component (AddParameter): Name = "LatestRevisionDate"; Value = "08-Jul-2005"; VariantName = "[No Variations]"
Add component (AddParameter): Name = "LatestRevisionNote"; Value = "Mech Layer 1 removed."; VariantName = "[No Variations]"
Add component (AddParameter): Name = "PackageDescription"; Value = "LED; 2 Leads"; VariantName = "[No Variations]"
Add component (AddParameter): Name = "PackageReference"; Value = "LED-0"; VariantName = "[No Variations]"
Add component (AddParameter): Name = "Published"; Value = "8-Jun-2000"; VariantName = "[No Variations]"
Add component (AddParameter): Name = "Publisher"; Value = "Altium Limited"; VariantName = "[No Variations]"
Added Component: Designator=R?(0603 SMD Res)
Add component (AddParameter): Name = "LatestRevisionDate"; Value = "17-Jul-2002"; VariantName = "[No Variations]"
Add component (AddParameter): Name = "LatestRevisionNote"; Value = "Re-released for DXP Platform."; VariantName = "[No Variations]"
Add component (AddParameter): Name = "PackageDescription"; Value = "Axial Device, Thru-Hole; 2 Leads; 0.3 in Pin Spacing"; VariantName = "[No Variations]"
Add component (AddParameter): Name = "PackageReference"; Value = "AXIAL-0.3"; VariantName = "[No Variations]"
Add component (AddParameter): Name = "Published"; Value = "8-Jun-2000"; VariantName = "[No Variations]"
Add component (AddParameter): Name = "Publisher"; Value = "Altium Limited"; VariantName = "[No Variations]"
Add component (AddParameter): Name = "Value"; Value = "150K"; VariantName = "[No Variations]"
Added Pin To Net: NetName=5V Pin=C?-1
Added Pin To Net: NetName=D_GND Pin=C?-2
Added Pin To Net: NetName=D_GND Pin=D?-2
Added Pin To Net: NetName=5V Pin=R?-2
Added Pin To Net: NetName=NetD?_1 Pin=D?-1
Added Pin To Net: NetName=NetD?_1 Pin=R?-1
Added Net: Name=NetD?_1
Added Member To Class: ClassName=Communication Member=Component C? 5.5v 10f
Added Member To Class: ClassName=Communication Member=Component D? 0805 LED(G)
Added Member To Class: ClassName=Communication Member=Component R? 0603
Change Rule Scope 1 : Old Scope=InNet('MB2_2') New Scope=InNet('MB2_1')
Change Rule Scope 1 : Old Scope=InNet('NetC3_1') New Scope=InNet('A_GND')
Change Rule Scope 1 : Old Scope=InNet('MB1_1') New Scope=InNet('MB2_2')
Change Rule Scope 1 : Old Scope=InNet('MB2_2') New Scope=InNet('MA1_2')
