Removed Pin From Net: NetName=VSA_Origin_1 Pin=R2_1-1
Removed Pin From Net: NetName=VSA_Origin_2 Pin=R2_2-1
Removed Pin From Net: NetName=MA_V1 Pin=R4_1-2
Removed Pin From Net: NetName=MA_V2 Pin=R4_2-2
Removed Pin From Net: NetName=VSB_Origin_1 Pin=R6_1-1
Removed Pin From Net: NetName=VSB_Origin_2 Pin=R6_2-1
Removed Pin From Net: NetName=MB_V1 Pin=R8_1-2
Removed Pin From Net: NetName=MB_V2 Pin=R8_2-2
Removed Pin From Net: NetName=MA_V1 Pin=U1_1-1
Removed Pin From Net: NetName=MB_V1 Pin=U1_1-7
Removed Pin From Net: NetName=MA_V2 Pin=U1_2-1
Removed Pin From Net: NetName=MB_V2 Pin=U1_2-7
Added Pin To Net: NetName=VSB_Origin_1 Pin=R2_1-1
Added Pin To Net: NetName=VSB_Origin_2 Pin=R2_2-1
Added Pin To Net: NetName=MB_V1 Pin=R4_1-2
Added Pin To Net: NetName=MB_V2 Pin=R4_2-2
Added Pin To Net: NetName=VSA_Origin_1 Pin=R6_1-1
Added Pin To Net: NetName=VSA_Origin_2 Pin=R6_2-1
Added Pin To Net: NetName=MA_V1 Pin=R8_1-2
Added Pin To Net: NetName=MA_V2 Pin=R8_2-2
Added Pin To Net: NetName=MB_V1 Pin=U1_1-1
Added Pin To Net: NetName=MA_V1 Pin=U1_1-7
Added Pin To Net: NetName=MB_V2 Pin=U1_2-1
Added Pin To Net: NetName=MA_V2 Pin=U1_2-7
