Added Component: Designator=MD1_1(MOTOR_DRIVER)
Add component (AddParameter): Name = "buy_link"; Value = "https://www.ruten.com.tw/item/show?21811773783671"; VariantName = "[No Variations]"
Added Component: Designator=MD1_2(MOTOR_DRIVER)
Add component (AddParameter): Name = "buy_link"; Value = "https://www.ruten.com.tw/item/show?21811773783671"; VariantName = "[No Variations]"
Add Pin To Net: Unknown Pin: Pin J1-1A
Add Pin To Net: Unknown Pin: Pin J1-1B
Add Pin To Net: Unknown Pin: Pin J1-2A
Add Pin To Net: Unknown Pin: Pin J1-2B
Add Pin To Net: Unknown Pin: Pin J1-3A
Add Pin To Net: Unknown Pin: Pin J1-3B
Added Pin To Net: NetName=D_GND Pin=MD1_1-1
Added Pin To Net: NetName=MA_DIR1 Pin=MD1_1-2
Added Pin To Net: NetName=MB_DIR1 Pin=MD1_1-3
Added Pin To Net: NetName=MA_PWM1 Pin=MD1_1-4
Added Pin To Net: NetName=MB_PWM1 Pin=MD1_1-5
Added Pin To Net: NetName=Drive_EN1 Pin=MD1_1-6
Added Pin To Net: NetName=CSA_Origin_1 Pin=MD1_1-7
Added Pin To Net: NetName=CSB_Origin_1 Pin=MD1_1-8
Added Pin To Net: NetName=12V Pin=MD1_1-9
Added Pin To Net: NetName=12V Pin=MD1_1-9
Added Pin To Net: NetName=MA1_1 Pin=MD1_1-10
Added Pin To Net: NetName=MA1_1 Pin=MD1_1-10
Added Pin To Net: NetName=MA2_1 Pin=MD1_1-11
Added Pin To Net: NetName=MA2_1 Pin=MD1_1-11
Added Pin To Net: NetName=MB1_1 Pin=MD1_1-12
Added Pin To Net: NetName=MB1_1 Pin=MD1_1-12
Added Pin To Net: NetName=MB2_1 Pin=MD1_1-13
Added Pin To Net: NetName=MB2_1 Pin=MD1_1-13
Added Pin To Net: NetName=A_GND Pin=MD1_1-14
Added Pin To Net: NetName=A_GND Pin=MD1_1-14
Added Pin To Net: NetName=D_GND Pin=MD1_2-1
Added Pin To Net: NetName=MA_DIR2 Pin=MD1_2-2
Added Pin To Net: NetName=MB_DIR2 Pin=MD1_2-3
Added Pin To Net: NetName=MA_PWM2 Pin=MD1_2-4
Added Pin To Net: NetName=MB_PWM2 Pin=MD1_2-5
Added Pin To Net: NetName=Drive_EN2 Pin=MD1_2-6
Added Pin To Net: NetName=CSA_Origin_2 Pin=MD1_2-7
Added Pin To Net: NetName=CSB_Origin_2 Pin=MD1_2-8
Added Pin To Net: NetName=12V Pin=MD1_2-9
Added Pin To Net: NetName=12V Pin=MD1_2-9
Added Pin To Net: NetName=MA1_2 Pin=MD1_2-10
Added Pin To Net: NetName=MA1_2 Pin=MD1_2-10
Added Pin To Net: NetName=MA2_2 Pin=MD1_2-11
Added Pin To Net: NetName=MA2_2 Pin=MD1_2-11
Added Pin To Net: NetName=MB1_2 Pin=MD1_2-12
Added Pin To Net: NetName=MB1_2 Pin=MD1_2-12
Added Pin To Net: NetName=MB2_2 Pin=MD1_2-13
Added Pin To Net: NetName=MB2_2 Pin=MD1_2-13
Added Pin To Net: NetName=A_GND Pin=MD1_2-14
Added Pin To Net: NetName=A_GND Pin=MD1_2-14
Added Member To Class: ClassName=MotorCtrl1 Member=Component MD1_1 (MD1) MD02
Added Member To Class: ClassName=MotorCtrl2 Member=Component MD1_2 (MD1) MD02
