Added Component: Designator=C11(5.5V 10F suppy cap)
Add component (AddParameter): Name = "LatestRevisionDate"; Value = "17-Jul-2002"; VariantName = "[No Variations]"
Add component (AddParameter): Name = "LatestRevisionNote"; Value = "Re-released for DXP Platform."; VariantName = "[No Variations]"
Add component (AddParameter): Name = "PackageDescription"; Value = "Polarized Capacitor (Radial); 2 Leads"; VariantName = "[No Variations]"
Add component (AddParameter): Name = "PackageReference"; Value = "RB7.6-15"; VariantName = "[No Variations]"
Add component (AddParameter): Name = "Published"; Value = "8-Jun-2000"; VariantName = "[No Variations]"
Add component (AddParameter): Name = "Publisher"; Value = "Altium Limited"; VariantName = "[No Variations]"
Added Component: Designator=D4(0805 SMD DIode)
Add component (AddParameter): Name = "LatestRevisionDate"; Value = "08-Jul-2005"; VariantName = "[No Variations]"
Add component (AddParameter): Name = "LatestRevisionNote"; Value = "Mech Layer 1 removed."; VariantName = "[No Variations]"
Add component (AddParameter): Name = "PackageDescription"; Value = "LED; 2 Leads"; VariantName = "[No Variations]"
Add component (AddParameter): Name = "PackageReference"; Value = "LED-0"; VariantName = "[No Variations]"
Add component (AddParameter): Name = "Published"; Value = "8-Jun-2000"; VariantName = "[No Variations]"
Add component (AddParameter): Name = "Publisher"; Value = "Altium Limited"; VariantName = "[No Variations]"
Added Component: Designator=F3(SMD Fuses Holder)
Add component (AddParameter): Name = "LatestRevisionDate"; Value = "17-Jul-2002"; VariantName = "[No Variations]"
Add component (AddParameter): Name = "LatestRevisionNote"; Value = "Re-released for DXP Platform."; VariantName = "[No Variations]"
Add component (AddParameter): Name = "PackageDescription"; Value = "Thru-Hole; 2 Leads"; VariantName = "[No Variations]"
Add component (AddParameter): Name = "PackageReference"; Value = "PIN-W2/E2.8"; VariantName = "[No Variations]"
Add component (AddParameter): Name = "Published"; Value = "8-Jun-2000"; VariantName = "[No Variations]"
Add component (AddParameter): Name = "Publisher"; Value = "Altium Limited"; VariantName = "[No Variations]"
Add component (AddParameter): Name = "Value"; Value = "220V 2.5A"; VariantName = "[No Variations]"
Added Component: Designator=F4(SMD Fuses Holder)
Add component (AddParameter): Name = "LatestRevisionDate"; Value = "17-Jul-2002"; VariantName = "[No Variations]"
Add component (AddParameter): Name = "LatestRevisionNote"; Value = "Re-released for DXP Platform."; VariantName = "[No Variations]"
Add component (AddParameter): Name = "PackageDescription"; Value = "Thru-Hole; 2 Leads"; VariantName = "[No Variations]"
Add component (AddParameter): Name = "PackageReference"; Value = "PIN-W2/E2.8"; VariantName = "[No Variations]"
Add component (AddParameter): Name = "Published"; Value = "8-Jun-2000"; VariantName = "[No Variations]"
Add component (AddParameter): Name = "Publisher"; Value = "Altium Limited"; VariantName = "[No Variations]"
Add component (AddParameter): Name = "Value"; Value = "220V 2.5A"; VariantName = "[No Variations]"
Added Component: Designator=P5(MPU9250)
Added Component: Designator=P7(B3B-XH-A)
Add component (AddParameter): Name = "LatestRevisionDate"; Value = "17-Jul-2002"; VariantName = "[No Variations]"
Add component (AddParameter): Name = "LatestRevisionNote"; Value = "Re-released for DXP Platform."; VariantName = "[No Variations]"
Add component (AddParameter): Name = "Publisher"; Value = "Altium Limited"; VariantName = "[No Variations]"
Added Component: Designator=P8(B2B-XH-A)
Add component (AddParameter): Name = "LatestRevisionDate"; Value = "17-Jul-2002"; VariantName = "[No Variations]"
Add component (AddParameter): Name = "LatestRevisionNote"; Value = "Re-released for DXP Platform."; VariantName = "[No Variations]"
Add component (AddParameter): Name = "Publisher"; Value = "Altium Limited"; VariantName = "[No Variations]"
Added Component: Designator=R18(0603 SMD Res)
Add component (AddParameter): Name = "LatestRevisionDate"; Value = "17-Jul-2002"; VariantName = "[No Variations]"
Add component (AddParameter): Name = "LatestRevisionNote"; Value = "Re-released for DXP Platform."; VariantName = "[No Variations]"
Add component (AddParameter): Name = "PackageDescription"; Value = "Axial Device, Thru-Hole; 2 Leads; 0.3 in Pin Spacing"; VariantName = "[No Variations]"
Add component (AddParameter): Name = "PackageReference"; Value = "AXIAL-0.3"; VariantName = "[No Variations]"
Add component (AddParameter): Name = "Published"; Value = "8-Jun-2000"; VariantName = "[No Variations]"
Add component (AddParameter): Name = "Publisher"; Value = "Altium Limited"; VariantName = "[No Variations]"
Add component (AddParameter): Name = "Value"; Value = "150K"; VariantName = "[No Variations]"
Added Pin To Net: NetName=5V Pin=C11-1
Added Pin To Net: NetName=D_GND Pin=C11-2
Added Pin To Net: NetName=NetD4_1 Pin=D4-1
Added Pin To Net: NetName=D_GND Pin=D4-2
Added Pin To Net: NetName=5V Pin=F3-1
Added Pin To Net: NetName=NetF3_2 Pin=F3-2
Added Pin To Net: NetName=5V Pin=F4-1
Added Pin To Net: NetName=NetF4_2 Pin=F4-2
Add Pin To Net: Unknown Pin: Pin J1-1A
Add Pin To Net: Unknown Pin: Pin J1-1B
Add Pin To Net: Unknown Pin: Pin J1-2A
Add Pin To Net: Unknown Pin: Pin J1-2B
Add Pin To Net: Unknown Pin: Pin J1-3A
Add Pin To Net: Unknown Pin: Pin J1-3B
Added Pin To Net: NetName=3P3 Pin=P5-1
Added Pin To Net: NetName=D_GND Pin=P5-2
Added Pin To Net: NetName=IMU_SCL Pin=P5-3
Added Pin To Net: NetName=IMU_SDA Pin=P5-4
Added Pin To Net: NetName=UART_RX Pin=P7-1
Added Pin To Net: NetName=UART_TX Pin=P7-2
Added Pin To Net: NetName=D_GND Pin=P7-3
Added Pin To Net: NetName=NetF4_2 Pin=P8-1
Added Pin To Net: NetName=D_GND Pin=P8-2
Added Pin To Net: NetName=NetD4_1 Pin=R18-1
Added Pin To Net: NetName=5V Pin=R18-2
Added Member To Class: ClassName=Communication Member=Component C11 5.5v 10f
Added Member To Class: ClassName=Communication Member=Component D4 0805 LED(G)
Added Member To Class: ClassName=Communication Member=Component F3 Fuse Holder
Added Member To Class: ClassName=Communication Member=Component F4 Fuse Holder
Added Member To Class: ClassName=Communication Member=Component P5 MPU9250
Added Member To Class: ClassName=Communication Member=Component P7 UART_Pin
Added Member To Class: ClassName=Communication Member=Component P8 RPi Power
Added Member To Class: ClassName=Communication Member=Component R18 0603
