Added Component: Designator=C1(1210 SMD)
Add component (AddParameter): Name = "LatestRevisionDate"; Value = "17-Jul-2002"; VariantName = "[No Variations]"
Add component (AddParameter): Name = "LatestRevisionNote"; Value = "Re-released for DXP Platform."; VariantName = "[No Variations]"
Add component (AddParameter): Name = "PackageDescription"; Value = "Radial Cap, Thru-Hole; 2 Leads; 0.3 in Pin Spacing"; VariantName = "[No Variations]"
Add component (AddParameter): Name = "PackageReference"; Value = "RAD-0.3"; VariantName = "[No Variations]"
Add component (AddParameter): Name = "Published"; Value = "8-Jun-2000"; VariantName = "[No Variations]"
Add component (AddParameter): Name = "Publisher"; Value = "Altium Limited"; VariantName = "[No Variations]"
Add component (AddParameter): Name = "Value"; Value = "3.3uF"; VariantName = "[No Variations]"
Added Component: Designator=C2(1210 SMD)
Add component (AddParameter): Name = "LatestRevisionDate"; Value = "17-Jul-2002"; VariantName = "[No Variations]"
Add component (AddParameter): Name = "LatestRevisionNote"; Value = "Re-released for DXP Platform."; VariantName = "[No Variations]"
Add component (AddParameter): Name = "PackageDescription"; Value = "Radial Cap, Thru-Hole; 2 Leads; 0.3 in Pin Spacing"; VariantName = "[No Variations]"
Add component (AddParameter): Name = "PackageReference"; Value = "RAD-0.3"; VariantName = "[No Variations]"
Add component (AddParameter): Name = "Published"; Value = "8-Jun-2000"; VariantName = "[No Variations]"
Add component (AddParameter): Name = "Publisher"; Value = "Altium Limited"; VariantName = "[No Variations]"
Add component (AddParameter): Name = "Value"; Value = "3.3uF"; VariantName = "[No Variations]"
Added Component: Designator=C3(1210 SMD)
Add component (AddParameter): Name = "LatestRevisionDate"; Value = "17-Jul-2002"; VariantName = "[No Variations]"
Add component (AddParameter): Name = "LatestRevisionNote"; Value = "Re-released for DXP Platform."; VariantName = "[No Variations]"
Add component (AddParameter): Name = "PackageDescription"; Value = "Radial Cap, Thru-Hole; 2 Leads; 0.3 in Pin Spacing"; VariantName = "[No Variations]"
Add component (AddParameter): Name = "PackageReference"; Value = "RAD-0.3"; VariantName = "[No Variations]"
Add component (AddParameter): Name = "Published"; Value = "8-Jun-2000"; VariantName = "[No Variations]"
Add component (AddParameter): Name = "Publisher"; Value = "Altium Limited"; VariantName = "[No Variations]"
Add component (AddParameter): Name = "Value"; Value = "3.3uF"; VariantName = "[No Variations]"
Added Component: Designator=C4(1206 SMD)
Add component (AddParameter): Name = "LatestRevisionDate"; Value = "17-Jul-2002"; VariantName = "[No Variations]"
Add component (AddParameter): Name = "LatestRevisionNote"; Value = "Re-released for DXP Platform."; VariantName = "[No Variations]"
Add component (AddParameter): Name = "PackageDescription"; Value = "Radial Cap, Thru-Hole; 2 Leads; 0.3 in Pin Spacing"; VariantName = "[No Variations]"
Add component (AddParameter): Name = "PackageReference"; Value = "RAD-0.3"; VariantName = "[No Variations]"
Add component (AddParameter): Name = "Published"; Value = "8-Jun-2000"; VariantName = "[No Variations]"
Add component (AddParameter): Name = "Publisher"; Value = "Altium Limited"; VariantName = "[No Variations]"
Add component (AddParameter): Name = "Value"; Value = "1800pF"; VariantName = "[No Variations]"
Added Component: Designator=C5(1206 SMD)
Add component (AddParameter): Name = "LatestRevisionDate"; Value = "17-Jul-2002"; VariantName = "[No Variations]"
Add component (AddParameter): Name = "LatestRevisionNote"; Value = "Re-released for DXP Platform."; VariantName = "[No Variations]"
Add component (AddParameter): Name = "PackageDescription"; Value = "Radial Cap, Thru-Hole; 2 Leads; 0.3 in Pin Spacing"; VariantName = "[No Variations]"
Add component (AddParameter): Name = "PackageReference"; Value = "RAD-0.3"; VariantName = "[No Variations]"
Add component (AddParameter): Name = "Published"; Value = "8-Jun-2000"; VariantName = "[No Variations]"
Add component (AddParameter): Name = "Publisher"; Value = "Altium Limited"; VariantName = "[No Variations]"
Add component (AddParameter): Name = "Value"; Value = "1800pF"; VariantName = "[No Variations]"
Added Component: Designator=C6(RB4-8)
Add component (AddParameter): Name = "ComponentLink1Description"; Value = "buy_link"; VariantName = "[No Variations]"
Add component (AddParameter): Name = "ComponentLink1URL"; Value = "https://shopee.tw/(%E5%85%83%E8%80%80)-%E7%9B%B4%E6%8F%92-%E9%9B%BB%E8%A7%A3%E9%9B%BB%E5%AE%B9-47uF~1000uF-16V~50V-%E9%AB%94%E7%A9%8D-8*14.5mm~10*19.5mm(5%E9%A1%86%E4%B8%80%E6%A8%99)-i.140576581.2524079905?sp_atk=ccd45567-e386-4bfb-a6e8-2480335a57a5"; VariantName = "[No Variations]"
Add component (AddParameter): Name = "LatestRevisionDate"; Value = "17-Jul-2002"; VariantName = "[No Variations]"
Add component (AddParameter): Name = "LatestRevisionNote"; Value = "Re-released for DXP Platform."; VariantName = "[No Variations]"
Add component (AddParameter): Name = "PackageDescription"; Value = "Polarized Capacitor (Radial); 2 Leads"; VariantName = "[No Variations]"
Add component (AddParameter): Name = "PackageReference"; Value = "RB7.6-15"; VariantName = "[No Variations]"
Add component (AddParameter): Name = "Published"; Value = "8-Jun-2000"; VariantName = "[No Variations]"
Add component (AddParameter): Name = "Publisher"; Value = "Altium Limited"; VariantName = "[No Variations]"
Add component (AddParameter): Name = "Value"; Value = "1000uF"; VariantName = "[No Variations]"
Added Component: Designator=C7(C1206)
Add component (AddParameter): Name = "LatestRevisionDate"; Value = "29-May-2009"; VariantName = "[No Variations]"
Add component (AddParameter): Name = "LatestRevisionNote"; Value = "IPC-7351 Footprint Added."; VariantName = "[No Variations]"
Add component (AddParameter): Name = "PackageDescription"; Value = "Chip Capacitor"; VariantName = "[No Variations]"
Add component (AddParameter): Name = "PackageReference"; Value = "C1206"; VariantName = "[No Variations]"
Add component (AddParameter): Name = "Published"; Value = "8-Jun-2000"; VariantName = "[No Variations]"
Add component (AddParameter): Name = "Publisher"; Value = "Altium Limited"; VariantName = "[No Variations]"
Add component (AddParameter): Name = "Value"; Value = "1uF"; VariantName = "[No Variations]"
Added Component: Designator=C8(RB4-8)
Add component (AddParameter): Name = "ComponentLink1Description"; Value = "buy_link"; VariantName = "[No Variations]"
Add component (AddParameter): Name = "ComponentLink1URL"; Value = "https://shopee.tw/(%E5%85%83%E8%80%80)-%E7%9B%B4%E6%8F%92-%E9%9B%BB%E8%A7%A3%E9%9B%BB%E5%AE%B9-47uF~1000uF-16V~50V-%E9%AB%94%E7%A9%8D-8*14.5mm~10*19.5mm(5%E9%A1%86%E4%B8%80%E6%A8%99)-i.140576581.2524079905?sp_atk=ccd45567-e386-4bfb-a6e8-2480335a57a5"; VariantName = "[No Variations]"
Add component (AddParameter): Name = "LatestRevisionDate"; Value = "17-Jul-2002"; VariantName = "[No Variations]"
Add component (AddParameter): Name = "LatestRevisionNote"; Value = "Re-released for DXP Platform."; VariantName = "[No Variations]"
Add component (AddParameter): Name = "PackageDescription"; Value = "Polarized Capacitor (Radial); 2 Leads"; VariantName = "[No Variations]"
Add component (AddParameter): Name = "PackageReference"; Value = "RB7.6-15"; VariantName = "[No Variations]"
Add component (AddParameter): Name = "Published"; Value = "8-Jun-2000"; VariantName = "[No Variations]"
Add component (AddParameter): Name = "Publisher"; Value = "Altium Limited"; VariantName = "[No Variations]"
Add component (AddParameter): Name = "Value"; Value = "1000uF"; VariantName = "[No Variations]"
Added Component: Designator=C9(C1206)
Add component (AddParameter): Name = "LatestRevisionDate"; Value = "29-May-2009"; VariantName = "[No Variations]"
Add component (AddParameter): Name = "LatestRevisionNote"; Value = "IPC-7351 Footprint Added."; VariantName = "[No Variations]"
Add component (AddParameter): Name = "PackageDescription"; Value = "Chip Capacitor"; VariantName = "[No Variations]"
Add component (AddParameter): Name = "PackageReference"; Value = "C1206"; VariantName = "[No Variations]"
Add component (AddParameter): Name = "Published"; Value = "8-Jun-2000"; VariantName = "[No Variations]"
Add component (AddParameter): Name = "Publisher"; Value = "Altium Limited"; VariantName = "[No Variations]"
Add component (AddParameter): Name = "Value"; Value = "1uF"; VariantName = "[No Variations]"
Added Component: Designator=C10(RB4-8)
Add component (AddParameter): Name = "ComponentLink1Description"; Value = "buy_link"; VariantName = "[No Variations]"
Add component (AddParameter): Name = "ComponentLink1URL"; Value = "https://shopee.tw/(%E5%85%83%E8%80%80)-%E7%9B%B4%E6%8F%92-%E9%9B%BB%E8%A7%A3%E9%9B%BB%E5%AE%B9-47uF~1000uF-16V~50V-%E9%AB%94%E7%A9%8D-8*14.5mm~10*19.5mm(5%E9%A1%86%E4%B8%80%E6%A8%99)-i.140576581.2524079905?sp_atk=ccd45567-e386-4bfb-a6e8-2480335a57a5"; VariantName = "[No Variations]"
Add component (AddParameter): Name = "LatestRevisionDate"; Value = "17-Jul-2002"; VariantName = "[No Variations]"
Add component (AddParameter): Name = "LatestRevisionNote"; Value = "Re-released for DXP Platform."; VariantName = "[No Variations]"
Add component (AddParameter): Name = "PackageDescription"; Value = "Polarized Capacitor (Radial); 2 Leads"; VariantName = "[No Variations]"
Add component (AddParameter): Name = "PackageReference"; Value = "RB7.6-15"; VariantName = "[No Variations]"
Add component (AddParameter): Name = "Published"; Value = "8-Jun-2000"; VariantName = "[No Variations]"
Add component (AddParameter): Name = "Publisher"; Value = "Altium Limited"; VariantName = "[No Variations]"
Add component (AddParameter): Name = "Value"; Value = "1000uF"; VariantName = "[No Variations]"
Added Component: Designator=C11(C1206)
Add component (AddParameter): Name = "LatestRevisionDate"; Value = "29-May-2009"; VariantName = "[No Variations]"
Add component (AddParameter): Name = "LatestRevisionNote"; Value = "IPC-7351 Footprint Added."; VariantName = "[No Variations]"
Add component (AddParameter): Name = "PackageDescription"; Value = "Chip Capacitor"; VariantName = "[No Variations]"
Add component (AddParameter): Name = "PackageReference"; Value = "C1206"; VariantName = "[No Variations]"
Add component (AddParameter): Name = "Published"; Value = "8-Jun-2000"; VariantName = "[No Variations]"
Add component (AddParameter): Name = "Publisher"; Value = "Altium Limited"; VariantName = "[No Variations]"
Add component (AddParameter): Name = "Value"; Value = "1uF"; VariantName = "[No Variations]"
Added Component: Designator=D1(SR540)
Add component (AddParameter): Name = "Code_JEDEC"; Value = "DO-214-AB"; VariantName = "[No Variations]"
Add component (AddParameter): Name = "LatestRevisionDate"; Value = "17-Jul-2002"; VariantName = "[No Variations]"
Add component (AddParameter): Name = "LatestRevisionNote"; Value = "Re-released for DXP Platform."; VariantName = "[No Variations]"
Add component (AddParameter): Name = "PackageDescription"; Value = "DO-214-AB/SMC; 2 C-Bend Leads; Body 7.9 x 5.9 mm, inc. leads (LxW)"; VariantName = "[No Variations]"
Add component (AddParameter): Name = "PackageReference"; Value = "SMC"; VariantName = "[No Variations]"
Add component (AddParameter): Name = "PackageVersion"; Value = "Sep-1996"; VariantName = "[No Variations]"
Add component (AddParameter): Name = "Published"; Value = "8-Jun-2000"; VariantName = "[No Variations]"
Add component (AddParameter): Name = "Publisher"; Value = "Altium Limited"; VariantName = "[No Variations]"
Added Component: Designator=D2(10SQ045)
Add component (AddParameter): Name = "Code_JEDEC"; Value = "DO-214-AB"; VariantName = "[No Variations]"
Add component (AddParameter): Name = "LatestRevisionDate"; Value = "17-Jul-2002"; VariantName = "[No Variations]"
Add component (AddParameter): Name = "LatestRevisionNote"; Value = "Re-released for DXP Platform."; VariantName = "[No Variations]"
Add component (AddParameter): Name = "PackageDescription"; Value = "DO-214-AB/SMC; 2 C-Bend Leads; Body 7.9 x 5.9 mm, inc. leads (LxW)"; VariantName = "[No Variations]"
Add component (AddParameter): Name = "PackageReference"; Value = "SMC"; VariantName = "[No Variations]"
Add component (AddParameter): Name = "PackageVersion"; Value = "Sep-1996"; VariantName = "[No Variations]"
Add component (AddParameter): Name = "Published"; Value = "8-Jun-2000"; VariantName = "[No Variations]"
Add component (AddParameter): Name = "Publisher"; Value = "Altium Limited"; VariantName = "[No Variations]"
Added Component: Designator=F1(SMD Fuses Holder)
Add component (AddParameter): Name = "LatestRevisionDate"; Value = "17-Jul-2002"; VariantName = "[No Variations]"
Add component (AddParameter): Name = "LatestRevisionNote"; Value = "Re-released for DXP Platform."; VariantName = "[No Variations]"
Add component (AddParameter): Name = "PackageDescription"; Value = "Thru-Hole; 2 Leads"; VariantName = "[No Variations]"
Add component (AddParameter): Name = "PackageReference"; Value = "PIN-W2/E2.8"; VariantName = "[No Variations]"
Add component (AddParameter): Name = "Published"; Value = "8-Jun-2000"; VariantName = "[No Variations]"
Add component (AddParameter): Name = "Publisher"; Value = "Altium Limited"; VariantName = "[No Variations]"
Added Component: Designator=F2(SMD Fuses Holder)
Add component (AddParameter): Name = "LatestRevisionDate"; Value = "17-Jul-2002"; VariantName = "[No Variations]"
Add component (AddParameter): Name = "LatestRevisionNote"; Value = "Re-released for DXP Platform."; VariantName = "[No Variations]"
Add component (AddParameter): Name = "PackageDescription"; Value = "Thru-Hole; 2 Leads"; VariantName = "[No Variations]"
Add component (AddParameter): Name = "PackageReference"; Value = "PIN-W2/E2.8"; VariantName = "[No Variations]"
Add component (AddParameter): Name = "Published"; Value = "8-Jun-2000"; VariantName = "[No Variations]"
Add component (AddParameter): Name = "Publisher"; Value = "Altium Limited"; VariantName = "[No Variations]"
Added Component: Designator=J1(KLD-0202)
Add component (AddParameter): Name = "ComponentLink1Description"; Value = "Manufacturer Link"; VariantName = "[No Variations]"
Add component (AddParameter): Name = "ComponentLink1URL"; Value = "http://domino.kycon.com/internet/Products.html"; VariantName = "[No Variations]"
Add component (AddParameter): Name = "DatasheetDocument"; Value = "09-May-2002"; VariantName = "[No Variations]"
Add component (AddParameter): Name = "Published"; Value = "17-Dec-2003"; VariantName = "[No Variations]"
Add component (AddParameter): Name = "Publisher"; Value = "Altium Limited"; VariantName = "[No Variations]"
Added Component: Designator=L1(0402-A)
Add component (AddParameter): Name = "Code_IEC"; Value = "1005"; VariantName = "[No Variations]"
Add component (AddParameter): Name = "Code_JEITA"; Value = "0402"; VariantName = "[No Variations]"
Add component (AddParameter): Name = "LatestRevisionDate"; Value = "29-May-2009"; VariantName = "[No Variations]"
Add component (AddParameter): Name = "LatestRevisionNote"; Value = "IPC-7351 Footprint Added."; VariantName = "[No Variations]"
Add component (AddParameter): Name = "PackageDescription"; Value = "Chip Inductor"; VariantName = "[No Variations]"
Add component (AddParameter): Name = "PackageReference"; Value = "0402-A"; VariantName = "[No Variations]"
Add component (AddParameter): Name = "Published"; Value = "8-Jun-2000"; VariantName = "[No Variations]"
Add component (AddParameter): Name = "Publisher"; Value = "Altium Limited"; VariantName = "[No Variations]"
Add component (AddParameter): Name = "Value"; Value = "2.2uH"; VariantName = "[No Variations]"
Added Component: Designator=MH?(M3 Hole)
Added Component: Designator=MH?(M3 Hole)
Added Component: Designator=MH?(M3 Hole)
Added Component: Designator=MH?(M3 Hole)
Added Component: Designator=MH?(M3 Hole)
Added Component: Designator=MH?(M3 Hole)
Added Component: Designator=MH?(M3 Hole)
Added Component: Designator=MH?(M3 Hole)
Added Component: Designator=MH?(M3 Hole)
Added Component: Designator=MH?(M3 Hole)
Added Component: Designator=MH?(M3 Hole)
Added Component: Designator=MH?(M3 Hole)
Added Component: Designator=P1(KF2EDGR-5.08 2P)
Add component (AddParameter): Name = "LatestRevisionDate"; Value = "17-Jul-2002"; VariantName = "[No Variations]"
Add component (AddParameter): Name = "LatestRevisionNote"; Value = "Re-released for DXP Platform."; VariantName = "[No Variations]"
Add component (AddParameter): Name = "Publisher"; Value = "Altium Limited"; VariantName = "[No Variations]"
Added Component: Designator=P2(B2B-XH-A)
Add component (AddParameter): Name = "LatestRevisionDate"; Value = "17-Jul-2002"; VariantName = "[No Variations]"
Add component (AddParameter): Name = "LatestRevisionNote"; Value = "Re-released for DXP Platform."; VariantName = "[No Variations]"
Add component (AddParameter): Name = "Publisher"; Value = "Altium Limited"; VariantName = "[No Variations]"
Add Component: Footprint Not Found S6B-XH-A
Add Component: Footprint Not Found S13B-XH-A
Add Component: Footprint Not Found S6B-XH-A
Add Component: Footprint Not Found S13B-XH-A
Add Component: Footprint Not Found S6B-XH-A
Add Component: Footprint Not Found S6B-XH-A
Added Component: Designator=R?_MotorCtrl1(AXIAL-0.4)
Add component (AddParameter): Name = "LatestRevisionDate"; Value = "17-Jul-2002"; VariantName = "[No Variations]"
Add component (AddParameter): Name = "LatestRevisionNote"; Value = "Re-released for DXP Platform."; VariantName = "[No Variations]"
Add component (AddParameter): Name = "PackageDescription"; Value = "Axial Device, Thru-Hole; 2 Leads; 0.3 in Pin Spacing"; VariantName = "[No Variations]"
Add component (AddParameter): Name = "PackageReference"; Value = "AXIAL-0.3"; VariantName = "[No Variations]"
Add component (AddParameter): Name = "Published"; Value = "8-Jun-2000"; VariantName = "[No Variations]"
Add component (AddParameter): Name = "Publisher"; Value = "Altium Limited"; VariantName = "[No Variations]"
Added Component: Designator=R?_MotorCtrl1(AXIAL-0.4)
Add component (AddParameter): Name = "LatestRevisionDate"; Value = "17-Jul-2002"; VariantName = "[No Variations]"
Add component (AddParameter): Name = "LatestRevisionNote"; Value = "Re-released for DXP Platform."; VariantName = "[No Variations]"
Add component (AddParameter): Name = "PackageDescription"; Value = "Axial Device, Thru-Hole; 2 Leads; 0.3 in Pin Spacing"; VariantName = "[No Variations]"
Add component (AddParameter): Name = "PackageReference"; Value = "AXIAL-0.3"; VariantName = "[No Variations]"
Add component (AddParameter): Name = "Published"; Value = "8-Jun-2000"; VariantName = "[No Variations]"
Add component (AddParameter): Name = "Publisher"; Value = "Altium Limited"; VariantName = "[No Variations]"
Added Component: Designator=R?_MotorCtrl1(AXIAL-0.4)
Add component (AddParameter): Name = "LatestRevisionDate"; Value = "17-Jul-2002"; VariantName = "[No Variations]"
Add component (AddParameter): Name = "LatestRevisionNote"; Value = "Re-released for DXP Platform."; VariantName = "[No Variations]"
Add component (AddParameter): Name = "PackageDescription"; Value = "Axial Device, Thru-Hole; 2 Leads; 0.3 in Pin Spacing"; VariantName = "[No Variations]"
Add component (AddParameter): Name = "PackageReference"; Value = "AXIAL-0.3"; VariantName = "[No Variations]"
Add component (AddParameter): Name = "Published"; Value = "8-Jun-2000"; VariantName = "[No Variations]"
Add component (AddParameter): Name = "Publisher"; Value = "Altium Limited"; VariantName = "[No Variations]"
Added Component: Designator=R?_MotorCtrl1(AXIAL-0.4)
Add component (AddParameter): Name = "LatestRevisionDate"; Value = "17-Jul-2002"; VariantName = "[No Variations]"
Add component (AddParameter): Name = "LatestRevisionNote"; Value = "Re-released for DXP Platform."; VariantName = "[No Variations]"
Add component (AddParameter): Name = "PackageDescription"; Value = "Axial Device, Thru-Hole; 2 Leads; 0.3 in Pin Spacing"; VariantName = "[No Variations]"
Add component (AddParameter): Name = "PackageReference"; Value = "AXIAL-0.3"; VariantName = "[No Variations]"
Add component (AddParameter): Name = "Published"; Value = "8-Jun-2000"; VariantName = "[No Variations]"
Add component (AddParameter): Name = "Publisher"; Value = "Altium Limited"; VariantName = "[No Variations]"
Added Component: Designator=R?_MotorCtrl2(AXIAL-0.4)
Add component (AddParameter): Name = "LatestRevisionDate"; Value = "17-Jul-2002"; VariantName = "[No Variations]"
Add component (AddParameter): Name = "LatestRevisionNote"; Value = "Re-released for DXP Platform."; VariantName = "[No Variations]"
Add component (AddParameter): Name = "PackageDescription"; Value = "Axial Device, Thru-Hole; 2 Leads; 0.3 in Pin Spacing"; VariantName = "[No Variations]"
Add component (AddParameter): Name = "PackageReference"; Value = "AXIAL-0.3"; VariantName = "[No Variations]"
Add component (AddParameter): Name = "Published"; Value = "8-Jun-2000"; VariantName = "[No Variations]"
Add component (AddParameter): Name = "Publisher"; Value = "Altium Limited"; VariantName = "[No Variations]"
Added Component: Designator=R?_MotorCtrl2(AXIAL-0.4)
Add component (AddParameter): Name = "LatestRevisionDate"; Value = "17-Jul-2002"; VariantName = "[No Variations]"
Add component (AddParameter): Name = "LatestRevisionNote"; Value = "Re-released for DXP Platform."; VariantName = "[No Variations]"
Add component (AddParameter): Name = "PackageDescription"; Value = "Axial Device, Thru-Hole; 2 Leads; 0.3 in Pin Spacing"; VariantName = "[No Variations]"
Add component (AddParameter): Name = "PackageReference"; Value = "AXIAL-0.3"; VariantName = "[No Variations]"
Add component (AddParameter): Name = "Published"; Value = "8-Jun-2000"; VariantName = "[No Variations]"
Add component (AddParameter): Name = "Publisher"; Value = "Altium Limited"; VariantName = "[No Variations]"
Added Component: Designator=R?_MotorCtrl2(AXIAL-0.4)
Add component (AddParameter): Name = "LatestRevisionDate"; Value = "17-Jul-2002"; VariantName = "[No Variations]"
Add component (AddParameter): Name = "LatestRevisionNote"; Value = "Re-released for DXP Platform."; VariantName = "[No Variations]"
Add component (AddParameter): Name = "PackageDescription"; Value = "Axial Device, Thru-Hole; 2 Leads; 0.3 in Pin Spacing"; VariantName = "[No Variations]"
Add component (AddParameter): Name = "PackageReference"; Value = "AXIAL-0.3"; VariantName = "[No Variations]"
Add component (AddParameter): Name = "Published"; Value = "8-Jun-2000"; VariantName = "[No Variations]"
Add component (AddParameter): Name = "Publisher"; Value = "Altium Limited"; VariantName = "[No Variations]"
Added Component: Designator=R?_MotorCtrl2(AXIAL-0.4)
Add component (AddParameter): Name = "LatestRevisionDate"; Value = "17-Jul-2002"; VariantName = "[No Variations]"
Add component (AddParameter): Name = "LatestRevisionNote"; Value = "Re-released for DXP Platform."; VariantName = "[No Variations]"
Add component (AddParameter): Name = "PackageDescription"; Value = "Axial Device, Thru-Hole; 2 Leads; 0.3 in Pin Spacing"; VariantName = "[No Variations]"
Add component (AddParameter): Name = "PackageReference"; Value = "AXIAL-0.3"; VariantName = "[No Variations]"
Add component (AddParameter): Name = "Published"; Value = "8-Jun-2000"; VariantName = "[No Variations]"
Add component (AddParameter): Name = "Publisher"; Value = "Altium Limited"; VariantName = "[No Variations]"
Added Component: Designator=S1(4.8´¡¤ù)
Add component (AddParameter): Name = "LatestRevisionDate"; Value = "17-Jul-2002"; VariantName = "[No Variations]"
Add component (AddParameter): Name = "LatestRevisionNote"; Value = "Re-released for DXP Platform."; VariantName = "[No Variations]"
Add component (AddParameter): Name = "PackageDescription"; Value = "Switch; 2 Leads"; VariantName = "[No Variations]"
Add component (AddParameter): Name = "PackageReference"; Value = "SPST-2"; VariantName = "[No Variations]"
Add component (AddParameter): Name = "Published"; Value = "24-Mar-1999"; VariantName = "[No Variations]"
Add component (AddParameter): Name = "Publisher"; Value = "Altium Limited"; VariantName = "[No Variations]"
Added Component: Designator=T1(JSM2524S05)
Added Component: Designator=T2(Samll Power Supply)
Add component (AddParameter): Name = "BuyLink"; Value = "https://www.ruten.com.tw/item/show?21817939184609"; VariantName = "[No Variations]"
Added Component: Designator=T3(XH-M401)
Add Component: Footprint Not Found MBRD1035CTL
Add Component: Footprint Not Found MBRD1035CTL
Add Component: Footprint Not Found MOTOR_DRIVER
Add Component: Footprint Not Found OPA4277UA
Add Component: Footprint Not Found OPA4277UA
Add Component: Footprint Not Found MBRD1035CTL
Add Component: Footprint Not Found MBRD1035CTL
Add Component: Footprint Not Found MOTOR_DRIVER
Added Net: Name=3P3
Added Net: Name=12V
Added Pin To Net: NetName=A_12V Pin=C10-1
Added Pin To Net: NetName=A_12V Pin=C11-2
Added Pin To Net: NetName=A_12V Pin=T3-3
Added Net: Name=A_12V
Added Pin To Net: NetName=A_24V Pin=D2-2
Added Pin To Net: NetName=A_24V Pin=T3-1
Added Net: Name=A_24V
Added Pin To Net: NetName=A_GND Pin=C10-2
Added Pin To Net: NetName=A_GND Pin=C11-1
Added Pin To Net: NetName=A_GND Pin=MH?-1
Added Pin To Net: NetName=A_GND Pin=MH?-1
Added Pin To Net: NetName=A_GND Pin=MH?-1
Added Pin To Net: NetName=A_GND Pin=MH?-1
Added Pin To Net: NetName=A_GND Pin=MH?-1
Added Pin To Net: NetName=A_GND Pin=MH?-1
Added Pin To Net: NetName=A_GND Pin=MH?-1
Added Pin To Net: NetName=A_GND Pin=MH?-1
Added Pin To Net: NetName=A_GND Pin=MH?-1
Added Pin To Net: NetName=A_GND Pin=MH?-1
Added Pin To Net: NetName=A_GND Pin=MH?-1
Added Pin To Net: NetName=A_GND Pin=MH?-1
Added Pin To Net: NetName=A_GND Pin=R?_MotorCtrl1-2
Added Pin To Net: NetName=A_GND Pin=R?_MotorCtrl1-2
Added Pin To Net: NetName=A_GND Pin=R?_MotorCtrl2-2
Added Pin To Net: NetName=A_GND Pin=R?_MotorCtrl2-2
Added Pin To Net: NetName=A_GND Pin=T3-4
Added Net: Name=A_GND
Added Pin To Net: NetName=B_display Pin=F1-1
Added Pin To Net: NetName=B_display Pin=J1-1
Added Pin To Net: NetName=B_display Pin=J1-1A
Added Pin To Net: NetName=B_display Pin=J1-1B
Added Pin To Net: NetName=B_display Pin=P1-1
Added Pin To Net: NetName=B_display Pin=P2-1
Added Pin To Net: NetName=B_display Pin=S1-1
Added Pin To Net: NetName=B_display Pin=S1-1
Added Net: Name=B_display
Added Pin To Net: NetName=B_GND Pin=C1-2
Added Pin To Net: NetName=B_GND Pin=C2-2
Added Pin To Net: NetName=B_GND Pin=C3-2
Added Pin To Net: NetName=B_GND Pin=C5-1
Added Pin To Net: NetName=B_GND Pin=J1-2
Added Pin To Net: NetName=B_GND Pin=J1-2A
Added Pin To Net: NetName=B_GND Pin=J1-2B
Added Pin To Net: NetName=B_GND Pin=J1-3
Added Pin To Net: NetName=B_GND Pin=J1-3A
Added Pin To Net: NetName=B_GND Pin=J1-3B
Added Pin To Net: NetName=B_GND Pin=P1-2
Added Pin To Net: NetName=B_GND Pin=P2-2
Added Pin To Net: NetName=B_GND Pin=T1-2
Added Pin To Net: NetName=B_GND Pin=T3-2
Added Net: Name=B_GND
Added Net: Name=CSA_OPA_MotorCtrl1
Added Net: Name=CSA_OPA_MotorCtrl2
Added Net: Name=CSA_Original_MotorCtrl1
Added Net: Name=CSA_Original_MotorCtrl2
Added Net: Name=CSB_OPA_MotorCtrl1
Added Net: Name=CSB_OPA_MotorCtrl2
Added Net: Name=CSB_Original_MotorCtrl1
Added Net: Name=CSB_Original_MotorCtrl2
Added Pin To Net: NetName=D_3P3 Pin=C6-1
Added Pin To Net: NetName=D_3P3 Pin=C7-2
Added Pin To Net: NetName=D_3P3 Pin=T2-1
Added Net: Name=D_3P3
Added Pin To Net: NetName=D_5V Pin=C4-2
Added Pin To Net: NetName=D_5V Pin=C8-1
Added Pin To Net: NetName=D_5V Pin=C9-2
Added Pin To Net: NetName=D_5V Pin=T1-3
Added Pin To Net: NetName=D_5V Pin=T2-3
Added Net: Name=D_5V
Added Pin To Net: NetName=D_24V Pin=C1-1
Added Pin To Net: NetName=D_24V Pin=C2-1
Added Pin To Net: NetName=D_24V Pin=D1-2
Added Pin To Net: NetName=D_24V Pin=L1-1
Added Net: Name=D_24V
Added Pin To Net: NetName=D_GND Pin=C5-2
Added Pin To Net: NetName=D_GND Pin=C6-2
Added Pin To Net: NetName=D_GND Pin=C7-1
Added Pin To Net: NetName=D_GND Pin=C8-2
Added Pin To Net: NetName=D_GND Pin=C9-1
Added Pin To Net: NetName=D_GND Pin=T1-5
Added Pin To Net: NetName=D_GND Pin=T2-2
Added Net: Name=D_GND
Added Net: Name=Drive_EN_MotorCtrl1
Added Net: Name=Drive_EN_MotorCtrl2
Added Net: Name=MA1_MotorCtrl1
Added Net: Name=MA1_MotorCtrl2
Added Net: Name=MA2_MotorCtrl1
Added Net: Name=MA2_MotorCtrl2
Added Net: Name=MA_DIR_MotorCtrl1
Added Net: Name=MA_DIR_MotorCtrl2
Added Net: Name=MA_phaseA_MotorCtrl1
Added Net: Name=MA_phaseA_MotorCtrl2
Added Net: Name=MA_phaseB_MotorCtrl1
Added Net: Name=MA_phaseB_MotorCtrl2
Added Net: Name=MA_PWM_MotorCtrl1
Added Net: Name=MA_PWM_MotorCtrl2
Added Net: Name=MB1_MotorCtrl1
Added Net: Name=MB1_MotorCtrl2
Added Net: Name=MB2_MotorCtrl1
Added Net: Name=MB2_MotorCtrl2
Added Net: Name=MB_DIR_MotorCtrl1
Added Net: Name=MB_DIR_MotorCtrl2
Added Net: Name=MB_phaseA_MotorCtrl1
Added Net: Name=MB_phaseA_MotorCtrl2
Added Net: Name=MB_phaseB_MotorCtrl1
Added Net: Name=MB_phaseB_MotorCtrl2
Added Net: Name=MB_PWM_MotorCtrl1
Added Net: Name=MB_PWM_MotorCtrl2
Added Pin To Net: NetName=NetC3_1 Pin=C3-1
Added Pin To Net: NetName=NetC3_1 Pin=C4-1
Added Pin To Net: NetName=NetC3_1 Pin=L1-2
Added Pin To Net: NetName=NetC3_1 Pin=T1-1
Added Net: Name=NetC3_1
Added Pin To Net: NetName=NetD1_1 Pin=D1-1
Added Pin To Net: NetName=NetD1_1 Pin=F1-2
Added Net: Name=NetD1_1
Added Pin To Net: NetName=NetD2_1 Pin=D2-1
Added Pin To Net: NetName=NetD2_1 Pin=F2-2
Added Net: Name=NetD2_1
Added Pin To Net: NetName=NetF2_1 Pin=F2-1
Added Pin To Net: NetName=NetF2_1 Pin=S1-2
Added Pin To Net: NetName=NetF2_1 Pin=S1-2
Added Net: Name=NetF2_1
Added Pin To Net: NetName=NetR?_MotorCtrl1_1 Pin=R?_MotorCtrl1-1
Added Net: Name=NetR?_MotorCtrl1_1
Add Net: Net with name "NetR?_MotorCtrl1_1" already exists
Added Pin To Net: NetName=NetR?_MotorCtrl2_1 Pin=R?_MotorCtrl2-1
Added Net: Name=NetR?_MotorCtrl2_1
Add Net: Net with name "NetR?_MotorCtrl2_1" already exists
Added Net: Name=VSA_OPA_MotorCtrl1
Added Net: Name=VSA_OPA_MotorCtrl2
Added Pin To Net: NetName=VSA_Original_MotorCtrl1 Pin=R?_MotorCtrl1-1
Added Pin To Net: NetName=VSA_Original_MotorCtrl1 Pin=R?_MotorCtrl1-2
Added Net: Name=VSA_Original_MotorCtrl1
Added Pin To Net: NetName=VSA_Original_MotorCtrl2 Pin=R?_MotorCtrl2-1
Added Pin To Net: NetName=VSA_Original_MotorCtrl2 Pin=R?_MotorCtrl2-2
Added Net: Name=VSA_Original_MotorCtrl2
Added Net: Name=VSB_OPA_MotorCtrl1
Added Net: Name=VSB_OPA_MotorCtrl2
Added Pin To Net: NetName=VSB_Original_MotorCtrl1 Pin=R?_MotorCtrl1-1
Added Pin To Net: NetName=VSB_Original_MotorCtrl1 Pin=R?_MotorCtrl1-2
Added Net: Name=VSB_Original_MotorCtrl1
Added Pin To Net: NetName=VSB_Original_MotorCtrl2 Pin=R?_MotorCtrl2-1
Added Pin To Net: NetName=VSB_Original_MotorCtrl2 Pin=R?_MotorCtrl2-2
Added Net: Name=VSB_Original_MotorCtrl2
Added Class: Name=Designator
Added Class: Name=MotorCtrl1
Added Class: Name=MotorCtrl2
Added Class: Name=Top
Added Class: Name=MotorCtrl
Added Room: Name=Designator
Added Room: Name=MotorCtrl1
Added Room: Name=MotorCtrl2
Added Room: Name=Top
