Removed Pin From Net: NetName=A_GND Pin=C1-2
Removed Pin From Net: NetName=A_GND Pin=C2-2
Removed Pin From Net: NetName=A_GND Pin=C3-2
Removed Pin From Net: NetName=A_GND Pin=C5-1
Removed Pin From Net: NetName=A_GND Pin=D1-2
Removed Pin From Net: NetName=A_GND Pin=J1-2
Removed Pin From Net: NetName=A_GND Pin=J1-3
Removed Pin From Net: NetName=A_GND Pin=MD1_1-14
Removed Pin From Net: NetName=A_GND Pin=MD1_1-14
Removed Pin From Net: NetName=A_GND Pin=MD1_2-14
Removed Pin From Net: NetName=A_GND Pin=MD1_2-14
Removed Pin From Net: NetName=A_GND Pin=MH1-1
Removed Pin From Net: NetName=A_GND Pin=MH2-1
Removed Pin From Net: NetName=A_GND Pin=MH3-1
Removed Pin From Net: NetName=A_GND Pin=MH4-1
Removed Pin From Net: NetName=A_GND Pin=P1-2
Removed Pin From Net: NetName=A_GND Pin=P2-2
Removed Pin From Net: NetName=A_GND Pin=T1-2
Change Net Name : Old Net Name=A_GND New Net Name=D_GND
Change Net Color : Old Net Color=Yellow New Net Color=Yellow
Change Net Color : Old Net Color=RGB(255, 110, 255) New Net Color=RGB(255, 110, 255)
Change Net Color : Old Net Color=RGB(255, 110, 110) New Net Color=RGB(255, 110, 110)
Change Net Color : Old Net Color=RGB(0, 190, 0) New Net Color=RGB(110, 255, 110)
Change Net Color : Old Net Color=RGB(255, 110, 110) New Net Color=RGB(255, 110, 110)
Change Net Color : Old Net Color=RGB(255, 110, 110) New Net Color=RGB(255, 110, 110)
Change Net Color : Old Net Color=RGB(255, 110, 110) New Net Color=RGB(255, 110, 110)
Change Net Color : Old Net Color=RGB(255, 110, 110) New Net Color=RGB(255, 110, 110)
Change Net Color : Old Net Color=RGB(255, 110, 110) New Net Color=RGB(255, 110, 110)
Change Net Color : Old Net Color=RGB(255, 110, 110) New Net Color=RGB(255, 110, 110)
Change Net Color : Old Net Color=RGB(255, 110, 110) New Net Color=RGB(255, 110, 110)
Added Pin To Net: NetName=A_GND Pin=C1-2
Added Pin To Net: NetName=A_GND Pin=C2-2
Added Pin To Net: NetName=A_GND Pin=C3-2
Added Pin To Net: NetName=A_GND Pin=C5-1
Added Pin To Net: NetName=A_GND Pin=D1-2
Added Pin To Net: NetName=A_GND Pin=J1-2
Added Pin To Net: NetName=A_GND Pin=J1-3
Added Pin To Net: NetName=A_GND Pin=MD1_1-14
Added Pin To Net: NetName=A_GND Pin=MD1_1-14
Added Pin To Net: NetName=A_GND Pin=MD1_2-14
Added Pin To Net: NetName=A_GND Pin=MD1_2-14
Added Pin To Net: NetName=A_GND Pin=MH1-1
Added Pin To Net: NetName=A_GND Pin=MH2-1
Added Pin To Net: NetName=A_GND Pin=MH3-1
Added Pin To Net: NetName=A_GND Pin=MH4-1
Added Pin To Net: NetName=A_GND Pin=P1-2
Added Pin To Net: NetName=A_GND Pin=P2-2
Added Pin To Net: NetName=A_GND Pin=T1-2
Added Net: Name=A_GND
Added Member To Class: ClassName=battery_power Member=Wire A_GND
Added Member To Class: ClassName=digital_power_in Member=Wire A_GND
Added Member To Class: ClassName=digital_5v Member=Wire D_GND
Added Room: Name=Communication
Added Room: Name=MotorCtrl1
Added Room: Name=MotorCtrl2
Added Room: Name=Power
Added Room: Name=Top
