Removed Member From Class: ClassName=Battery_Power Member=NetC1_1
Change Component Footprint: Designator=R2_1 Old Footprint=0402 SMD Res New Footprint=0603 SMD Res
Change Component Footprint: Designator=R2_2 Old Footprint=0402 SMD Res New Footprint=0603 SMD Res
Change Component Footprint: Designator=R3_1 Old Footprint=0402 SMD Res New Footprint=0603 SMD Res
Change Component Footprint: Designator=R3_2 Old Footprint=0402 SMD Res New Footprint=0603 SMD Res
Change Component Footprint: Designator=R4_1 Old Footprint=0402 SMD Res New Footprint=0603 SMD Res
Change Component Footprint: Designator=R4_2 Old Footprint=0402 SMD Res New Footprint=0603 SMD Res
Change Component Footprint: Designator=R5_1 Old Footprint=0402 SMD Res New Footprint=0603 SMD Res
Change Component Footprint: Designator=R5_2 Old Footprint=0402 SMD Res New Footprint=0603 SMD Res
Change Component Footprint: Designator=R6_1 Old Footprint=0402 SMD Res New Footprint=0603 SMD Res
Change Component Footprint: Designator=R6_2 Old Footprint=0402 SMD Res New Footprint=0603 SMD Res
Change Component Footprint: Designator=R7_1 Old Footprint=0402 SMD Res New Footprint=0603 SMD Res
Change Component Footprint: Designator=R7_2 Old Footprint=0402 SMD Res New Footprint=0603 SMD Res
Change Component Footprint: Designator=R8_1 Old Footprint=0402 SMD Res New Footprint=0603 SMD Res
Change Component Footprint: Designator=R8_2 Old Footprint=0402 SMD Res New Footprint=0603 SMD Res
Change Component Footprint: Designator=R9_1 Old Footprint=0402 SMD Res New Footprint=0603 SMD Res
Change Component Footprint: Designator=R9_2 Old Footprint=0402 SMD Res New Footprint=0603 SMD Res
Change Component Footprint: Designator=R10_1 Old Footprint=0402 SMD Res New Footprint=0603 SMD Res
Change Component Footprint: Designator=R10_2 Old Footprint=0402 SMD Res New Footprint=0603 SMD Res
Change Component Footprint: Designator=R11_1 Old Footprint=0402 SMD Res New Footprint=0603 SMD Res
Change Component Footprint: Designator=R11_2 Old Footprint=0402 SMD Res New Footprint=0603 SMD Res
Change Component Footprint: Designator=R12_1 Old Footprint=0402 SMD Res New Footprint=0603 SMD Res
Change Component Footprint: Designator=R12_2 Old Footprint=0402 SMD Res New Footprint=0603 SMD Res
Change Component Footprint: Designator=R13_1 Old Footprint=0402 SMD Res New Footprint=0603 SMD Res
Change Component Footprint: Designator=R13_2 Old Footprint=0402 SMD Res New Footprint=0603 SMD Res
Change Component Footprint: Designator=R14_1 Old Footprint=0402 SMD Res New Footprint=0603 SMD Res
Change Component Footprint: Designator=R14_2 Old Footprint=0402 SMD Res New Footprint=0603 SMD Res
Change Component Footprint: Designator=R15_1 Old Footprint=0402 SMD Res New Footprint=0603 SMD Res
Change Component Footprint: Designator=R15_2 Old Footprint=0402 SMD Res New Footprint=0603 SMD Res
Change Component Footprint: Designator=R16_1 Old Footprint=0402 SMD Res New Footprint=0603 SMD Res
Change Component Footprint: Designator=R16_2 Old Footprint=0402 SMD Res New Footprint=0603 SMD Res
Change Component Footprint: Designator=R17_1 Old Footprint=0402 SMD Res New Footprint=0603 SMD Res
Change Component Footprint: Designator=R17_2 Old Footprint=0402 SMD Res New Footprint=0603 SMD Res
Add Pin To Net: Unknown Pin: Pin J1-1A
Add Pin To Net: Unknown Pin: Pin J1-1B
Add Pin To Net: Unknown Pin: Pin J1-2A
Add Pin To Net: Unknown Pin: Pin J1-2B
Add Pin To Net: Unknown Pin: Pin J1-3A
Add Pin To Net: Unknown Pin: Pin J1-3B
Added Member To Class: ClassName=Power Member=Component D2 10SQ045
Added Member To Class: ClassName=Power Member=Component D3 SK54
Added Member To Class: ClassName=Power Member=Component F1 Fuse Holder
Added Member To Class: ClassName=Power Member=Component F2 Fuse Holder
Added Member To Class: ClassName=Communication Member=Component P7 RPi Power
Added Member To Class: ClassName=Analog_Power Member=Wire NetD2_1
Added Member To Class: ClassName=Battery_Power Member=Wire NetF1_1
