Removed Member From Class: ClassName=digital_5v Member=D_GND
Added Pin To Net: NetName=D_GND Pin=C1-2
Added Pin To Net: NetName=D_GND Pin=C2-2
Added Pin To Net: NetName=D_GND Pin=C3-2
Added Pin To Net: NetName=D_GND Pin=C5-1
Added Pin To Net: NetName=D_GND Pin=D1-2
Added Pin To Net: NetName=D_GND Pin=J1-2
Added Pin To Net: NetName=D_GND Pin=J1-3
Added Pin To Net: NetName=D_GND Pin=MD1_1-14
Added Pin To Net: NetName=D_GND Pin=MD1_1-14
Added Pin To Net: NetName=D_GND Pin=MD1_2-14
Added Pin To Net: NetName=D_GND Pin=MD1_2-14
Added Pin To Net: NetName=D_GND Pin=MH1-1
Added Pin To Net: NetName=D_GND Pin=MH2-1
Added Pin To Net: NetName=D_GND Pin=MH3-1
Added Pin To Net: NetName=D_GND Pin=MH4-1
Added Pin To Net: NetName=D_GND Pin=P1-2
Added Pin To Net: NetName=D_GND Pin=P2-2
Added Pin To Net: NetName=D_GND Pin=T1-2
Change Net Name : Old Net Name=D_GND New Net Name=A_GND
Change Net Color : Old Net Color=RGB(125, 0, 137) New Net Color=Yellow
Change Net Color : Old Net Color=RGB(255, 110, 255) New Net Color=RGB(255, 110, 255)
Change Net Color : Old Net Color=RGB(255, 110, 110) New Net Color=RGB(255, 110, 110)
Change Net Color : Old Net Color=RGB(255, 110, 110) New Net Color=RGB(255, 110, 110)
Change Net Color : Old Net Color=RGB(110, 255, 110) New Net Color=RGB(0, 190, 0)
Change Net Color : Old Net Color=RGB(255, 110, 110) New Net Color=RGB(255, 110, 110)
Change Net Color : Old Net Color=RGB(255, 110, 110) New Net Color=RGB(255, 110, 110)
Change Net Color : Old Net Color=RGB(255, 110, 110) New Net Color=RGB(255, 110, 110)
Change Net Color : Old Net Color=RGB(255, 110, 110) New Net Color=RGB(255, 110, 110)
Change Net Color : Old Net Color=RGB(255, 110, 110) New Net Color=RGB(255, 110, 110)
Change Net Color : Old Net Color=RGB(255, 110, 110) New Net Color=RGB(255, 110, 110)
Added Member To Class: ClassName=digital_5v Member=Wire A_GND
Change Rule Scope 1 : Old Scope=InNet('NetT1_6') New Scope=InNet('NetC1_1')
